The system is: Linux - 4.16.2-gentoo - x86_64
Compiling the CXX compiler identification source file "CMakeCXXCompilerId.cpp" succeeded.
Compiler: /usr/lib/ccache/bin/g++ 
Build flags: 
Id flags:  

The output was:
0


Compilation of the CXX compiler identification source "CMakeCXXCompilerId.cpp" produced "a.out"

The CXX compiler identification is GNU, found in "/home/bml/moretemp/cppbin/build/CMakeFiles/3.11.0/CompilerIdCXX/a.out"

Compiling the C compiler identification source file "CMakeCCompilerId.c" succeeded.
Compiler: /usr/lib/ccache/bin/gcc 
Build flags: 
Id flags:  

The output was:
0


Compilation of the C compiler identification source "CMakeCCompilerId.c" produced "a.out"

The C compiler identification is GNU, found in "/home/bml/moretemp/cppbin/build/CMakeFiles/3.11.0/CompilerIdC/a.out"

Determining if the CXX compiler works passed with the following output:
Change Dir: /home/bml/moretemp/cppbin/build/CMakeFiles/CMakeTmp

Run Build Command:"/usr/bin/gmake" "cmTC_13fb8/fast"
/usr/bin/gmake -f CMakeFiles/cmTC_13fb8.dir/build.make CMakeFiles/cmTC_13fb8.dir/build
gmake[1]: Entering directory '/home/bml/moretemp/cppbin/build/CMakeFiles/CMakeTmp'
Building CXX object CMakeFiles/cmTC_13fb8.dir/testCXXCompiler.cxx.o
/usr/lib/ccache/bin/g++     -o CMakeFiles/cmTC_13fb8.dir/testCXXCompiler.cxx.o -c /home/bml/moretemp/cppbin/build/CMakeFiles/CMakeTmp/testCXXCompiler.cxx
Linking CXX executable cmTC_13fb8
/usr/bin/cmake -E cmake_link_script CMakeFiles/cmTC_13fb8.dir/link.txt --verbose=1
/usr/lib/ccache/bin/g++       CMakeFiles/cmTC_13fb8.dir/testCXXCompiler.cxx.o  -o cmTC_13fb8 
gmake[1]: Leaving directory '/home/bml/moretemp/cppbin/build/CMakeFiles/CMakeTmp'


Detecting CXX compiler ABI info compiled with the following output:
Change Dir: /home/bml/moretemp/cppbin/build/CMakeFiles/CMakeTmp

Run Build Command:"/usr/bin/gmake" "cmTC_5695b/fast"
/usr/bin/gmake -f CMakeFiles/cmTC_5695b.dir/build.make CMakeFiles/cmTC_5695b.dir/build
gmake[1]: Entering directory '/home/bml/moretemp/cppbin/build/CMakeFiles/CMakeTmp'
Building CXX object CMakeFiles/cmTC_5695b.dir/CMakeCXXCompilerABI.cpp.o
/usr/lib/ccache/bin/g++     -o CMakeFiles/cmTC_5695b.dir/CMakeCXXCompilerABI.cpp.o -c /usr/share/cmake/Modules/CMakeCXXCompilerABI.cpp
Linking CXX executable cmTC_5695b
/usr/bin/cmake -E cmake_link_script CMakeFiles/cmTC_5695b.dir/link.txt --verbose=1
/usr/lib/ccache/bin/g++      -v CMakeFiles/cmTC_5695b.dir/CMakeCXXCompilerABI.cpp.o  -o cmTC_5695b 
Using built-in specs.
COLLECT_GCC=/usr/x86_64-pc-linux-gnu/gcc-bin/9999/g++
COLLECT_LTO_WRAPPER=/usr/libexec/gcc/x86_64-pc-linux-gnu/8.0.1/lto-wrapper
Target: x86_64-pc-linux-gnu
Configured with: /var/tmp/portage/sys-devel/gcc-9999/work/gcc-9999/configure --host=x86_64-pc-linux-gnu --build=x86_64-pc-linux-gnu --prefix=/usr --bindir=/usr/x86_64-pc-linux-gnu/gcc-bin/9999 --includedir=/usr/lib/gcc/x86_64-pc-linux-gnu/9999/include --datadir=/usr/share/gcc-data/x86_64-pc-linux-gnu/9999 --mandir=/usr/share/gcc-data/x86_64-pc-linux-gnu/9999/man --infodir=/usr/share/gcc-data/x86_64-pc-linux-gnu/9999/info --with-gxx-include-dir=/usr/lib/gcc/x86_64-pc-linux-gnu/9999/include/g++-v9999 --with-python-dir=/share/gcc-data/x86_64-pc-linux-gnu/9999/python --enable-objc-gc --enable-languages=c,c++,go,objc,obj-c++,fortran --enable-obsolete --enable-secureplt --disable-werror --with-system-zlib --enable-nls --without-included-gettext --enable-checking=release --with-bugurl=https://bugs.gentoo.org/ --with-pkgversion='Gentoo 9999' --disable-esp --enable-libstdcxx-time --enable-shared --enable-threads=posix --enable-__cxa_atexit --enable-clocale=gnu --enable-multilib --with-multilib-list=m32,m64 --disable-altivec --disable-fixed-point --enable-targets=all --disable-libgcj --enable-libgomp --disable-libmudflap --disable-libssp --enable-libcilkrts --enable-libmpx --enable-vtable-verify --enable-libvtv --enable-lto --with-isl --disable-isl-version-check --enable-libsanitizer --enable-default-pie --enable-default-ssp --disable-bootstrap
Thread model: posix
gcc version 8.0.1 20180414 (experimental) (Gentoo 9999) 
COMPILER_PATH=/usr/libexec/gcc/x86_64-pc-linux-gnu/8.0.1/:/usr/libexec/gcc/x86_64-pc-linux-gnu/8.0.1/:/usr/libexec/gcc/x86_64-pc-linux-gnu/:/usr/lib/gcc/x86_64-pc-linux-gnu/8.0.1/:/usr/lib/gcc/x86_64-pc-linux-gnu/:/usr/lib/gcc/x86_64-pc-linux-gnu/8.0.1/../../../../x86_64-pc-linux-gnu/bin/
LIBRARY_PATH=/usr/lib/gcc/x86_64-pc-linux-gnu/8.0.1/:/usr/lib/gcc/x86_64-pc-linux-gnu/8.0.1/../../../../lib64/:/lib/../lib64/:/usr/lib/../lib64/:/usr/lib/gcc/x86_64-pc-linux-gnu/8.0.1/../../../../x86_64-pc-linux-gnu/lib/:/usr/lib/gcc/x86_64-pc-linux-gnu/8.0.1/../../../:/lib/:/usr/lib/
COLLECT_GCC_OPTIONS='-v' '-o' 'cmTC_5695b' '-shared-libgcc' '-mtune=generic' '-march=x86-64'
 /usr/libexec/gcc/x86_64-pc-linux-gnu/8.0.1/collect2 -plugin /usr/libexec/gcc/x86_64-pc-linux-gnu/8.0.1/liblto_plugin.so -plugin-opt=/usr/libexec/gcc/x86_64-pc-linux-gnu/8.0.1/lto-wrapper -plugin-opt=-fresolution=/tmp/ccqZJZcI.res -plugin-opt=-pass-through=-lgcc_s -plugin-opt=-pass-through=-lgcc -plugin-opt=-pass-through=-lc -plugin-opt=-pass-through=-lgcc_s -plugin-opt=-pass-through=-lgcc --eh-frame-hdr -m elf_x86_64 -dynamic-linker /lib64/ld-linux-x86-64.so.2 -pie -o cmTC_5695b /usr/lib/gcc/x86_64-pc-linux-gnu/8.0.1/../../../../lib64/Scrt1.o /usr/lib/gcc/x86_64-pc-linux-gnu/8.0.1/../../../../lib64/crti.o /usr/lib/gcc/x86_64-pc-linux-gnu/8.0.1/crtbeginS.o -L/usr/lib/gcc/x86_64-pc-linux-gnu/8.0.1 -L/usr/lib/gcc/x86_64-pc-linux-gnu/8.0.1/../../../../lib64 -L/lib/../lib64 -L/usr/lib/../lib64 -L/usr/lib/gcc/x86_64-pc-linux-gnu/8.0.1/../../../../x86_64-pc-linux-gnu/lib -L/usr/lib/gcc/x86_64-pc-linux-gnu/8.0.1/../../.. CMakeFiles/cmTC_5695b.dir/CMakeCXXCompilerABI.cpp.o -lstdc++ -lm -lgcc_s -lgcc -lc -lgcc_s -lgcc /usr/lib/gcc/x86_64-pc-linux-gnu/8.0.1/crtendS.o /usr/lib/gcc/x86_64-pc-linux-gnu/8.0.1/../../../../lib64/crtn.o
COLLECT_GCC_OPTIONS='-v' '-o' 'cmTC_5695b' '-shared-libgcc' '-mtune=generic' '-march=x86-64'
gmake[1]: Leaving directory '/home/bml/moretemp/cppbin/build/CMakeFiles/CMakeTmp'


Parsed CXX implicit link information from above output:
  link line regex: [^( *|.*[/\])(ld|CMAKE_LINK_STARTFILE-NOTFOUND|([^/\]+-)?ld|collect2)[^/\]*( |$)]
  ignore line: [Change Dir: /home/bml/moretemp/cppbin/build/CMakeFiles/CMakeTmp]
  ignore line: []
  ignore line: [Run Build Command:"/usr/bin/gmake" "cmTC_5695b/fast"]
  ignore line: [/usr/bin/gmake -f CMakeFiles/cmTC_5695b.dir/build.make CMakeFiles/cmTC_5695b.dir/build]
  ignore line: [gmake[1]: Entering directory '/home/bml/moretemp/cppbin/build/CMakeFiles/CMakeTmp']
  ignore line: [Building CXX object CMakeFiles/cmTC_5695b.dir/CMakeCXXCompilerABI.cpp.o]
  ignore line: [/usr/lib/ccache/bin/g++     -o CMakeFiles/cmTC_5695b.dir/CMakeCXXCompilerABI.cpp.o -c /usr/share/cmake/Modules/CMakeCXXCompilerABI.cpp]
  ignore line: [Linking CXX executable cmTC_5695b]
  ignore line: [/usr/bin/cmake -E cmake_link_script CMakeFiles/cmTC_5695b.dir/link.txt --verbose=1]
  ignore line: [/usr/lib/ccache/bin/g++      -v CMakeFiles/cmTC_5695b.dir/CMakeCXXCompilerABI.cpp.o  -o cmTC_5695b ]
  ignore line: [Using built-in specs.]
  ignore line: [COLLECT_GCC=/usr/x86_64-pc-linux-gnu/gcc-bin/9999/g++]
  ignore line: [COLLECT_LTO_WRAPPER=/usr/libexec/gcc/x86_64-pc-linux-gnu/8.0.1/lto-wrapper]
  ignore line: [Target: x86_64-pc-linux-gnu]
  ignore line: [Configured with: /var/tmp/portage/sys-devel/gcc-9999/work/gcc-9999/configure --host=x86_64-pc-linux-gnu --build=x86_64-pc-linux-gnu --prefix=/usr --bindir=/usr/x86_64-pc-linux-gnu/gcc-bin/9999 --includedir=/usr/lib/gcc/x86_64-pc-linux-gnu/9999/include --datadir=/usr/share/gcc-data/x86_64-pc-linux-gnu/9999 --mandir=/usr/share/gcc-data/x86_64-pc-linux-gnu/9999/man --infodir=/usr/share/gcc-data/x86_64-pc-linux-gnu/9999/info --with-gxx-include-dir=/usr/lib/gcc/x86_64-pc-linux-gnu/9999/include/g++-v9999 --with-python-dir=/share/gcc-data/x86_64-pc-linux-gnu/9999/python --enable-objc-gc --enable-languages=c,c++,go,objc,obj-c++,fortran --enable-obsolete --enable-secureplt --disable-werror --with-system-zlib --enable-nls --without-included-gettext --enable-checking=release --with-bugurl=https://bugs.gentoo.org/ --with-pkgversion='Gentoo 9999' --disable-esp --enable-libstdcxx-time --enable-shared --enable-threads=posix --enable-__cxa_atexit --enable-clocale=gnu --enable-multilib --with-multilib-list=m32,m64 --disable-altivec --disable-fixed-point --enable-targets=all --disable-libgcj --enable-libgomp --disable-libmudflap --disable-libssp --enable-libcilkrts --enable-libmpx --enable-vtable-verify --enable-libvtv --enable-lto --with-isl --disable-isl-version-check --enable-libsanitizer --enable-default-pie --enable-default-ssp --disable-bootstrap]
  ignore line: [Thread model: posix]
  ignore line: [gcc version 8.0.1 20180414 (experimental) (Gentoo 9999) ]
  ignore line: [COMPILER_PATH=/usr/libexec/gcc/x86_64-pc-linux-gnu/8.0.1/:/usr/libexec/gcc/x86_64-pc-linux-gnu/8.0.1/:/usr/libexec/gcc/x86_64-pc-linux-gnu/:/usr/lib/gcc/x86_64-pc-linux-gnu/8.0.1/:/usr/lib/gcc/x86_64-pc-linux-gnu/:/usr/lib/gcc/x86_64-pc-linux-gnu/8.0.1/../../../../x86_64-pc-linux-gnu/bin/]
  ignore line: [LIBRARY_PATH=/usr/lib/gcc/x86_64-pc-linux-gnu/8.0.1/:/usr/lib/gcc/x86_64-pc-linux-gnu/8.0.1/../../../../lib64/:/lib/../lib64/:/usr/lib/../lib64/:/usr/lib/gcc/x86_64-pc-linux-gnu/8.0.1/../../../../x86_64-pc-linux-gnu/lib/:/usr/lib/gcc/x86_64-pc-linux-gnu/8.0.1/../../../:/lib/:/usr/lib/]
  ignore line: [COLLECT_GCC_OPTIONS='-v' '-o' 'cmTC_5695b' '-shared-libgcc' '-mtune=generic' '-march=x86-64']
  link line: [ /usr/libexec/gcc/x86_64-pc-linux-gnu/8.0.1/collect2 -plugin /usr/libexec/gcc/x86_64-pc-linux-gnu/8.0.1/liblto_plugin.so -plugin-opt=/usr/libexec/gcc/x86_64-pc-linux-gnu/8.0.1/lto-wrapper -plugin-opt=-fresolution=/tmp/ccqZJZcI.res -plugin-opt=-pass-through=-lgcc_s -plugin-opt=-pass-through=-lgcc -plugin-opt=-pass-through=-lc -plugin-opt=-pass-through=-lgcc_s -plugin-opt=-pass-through=-lgcc --eh-frame-hdr -m elf_x86_64 -dynamic-linker /lib64/ld-linux-x86-64.so.2 -pie -o cmTC_5695b /usr/lib/gcc/x86_64-pc-linux-gnu/8.0.1/../../../../lib64/Scrt1.o /usr/lib/gcc/x86_64-pc-linux-gnu/8.0.1/../../../../lib64/crti.o /usr/lib/gcc/x86_64-pc-linux-gnu/8.0.1/crtbeginS.o -L/usr/lib/gcc/x86_64-pc-linux-gnu/8.0.1 -L/usr/lib/gcc/x86_64-pc-linux-gnu/8.0.1/../../../../lib64 -L/lib/../lib64 -L/usr/lib/../lib64 -L/usr/lib/gcc/x86_64-pc-linux-gnu/8.0.1/../../../../x86_64-pc-linux-gnu/lib -L/usr/lib/gcc/x86_64-pc-linux-gnu/8.0.1/../../.. CMakeFiles/cmTC_5695b.dir/CMakeCXXCompilerABI.cpp.o -lstdc++ -lm -lgcc_s -lgcc -lc -lgcc_s -lgcc /usr/lib/gcc/x86_64-pc-linux-gnu/8.0.1/crtendS.o /usr/lib/gcc/x86_64-pc-linux-gnu/8.0.1/../../../../lib64/crtn.o]
    arg [/usr/libexec/gcc/x86_64-pc-linux-gnu/8.0.1/collect2] ==> ignore
    arg [-plugin] ==> ignore
    arg [/usr/libexec/gcc/x86_64-pc-linux-gnu/8.0.1/liblto_plugin.so] ==> ignore
    arg [-plugin-opt=/usr/libexec/gcc/x86_64-pc-linux-gnu/8.0.1/lto-wrapper] ==> ignore
    arg [-plugin-opt=-fresolution=/tmp/ccqZJZcI.res] ==> ignore
    arg [-plugin-opt=-pass-through=-lgcc_s] ==> ignore
    arg [-plugin-opt=-pass-through=-lgcc] ==> ignore
    arg [-plugin-opt=-pass-through=-lc] ==> ignore
    arg [-plugin-opt=-pass-through=-lgcc_s] ==> ignore
    arg [-plugin-opt=-pass-through=-lgcc] ==> ignore
    arg [--eh-frame-hdr] ==> ignore
    arg [-m] ==> ignore
    arg [elf_x86_64] ==> ignore
    arg [-dynamic-linker] ==> ignore
    arg [/lib64/ld-linux-x86-64.so.2] ==> ignore
    arg [-pie] ==> ignore
    arg [-o] ==> ignore
    arg [cmTC_5695b] ==> ignore
    arg [/usr/lib/gcc/x86_64-pc-linux-gnu/8.0.1/../../../../lib64/Scrt1.o] ==> ignore
    arg [/usr/lib/gcc/x86_64-pc-linux-gnu/8.0.1/../../../../lib64/crti.o] ==> ignore
    arg [/usr/lib/gcc/x86_64-pc-linux-gnu/8.0.1/crtbeginS.o] ==> ignore
    arg [-L/usr/lib/gcc/x86_64-pc-linux-gnu/8.0.1] ==> dir [/usr/lib/gcc/x86_64-pc-linux-gnu/8.0.1]
    arg [-L/usr/lib/gcc/x86_64-pc-linux-gnu/8.0.1/../../../../lib64] ==> dir [/usr/lib/gcc/x86_64-pc-linux-gnu/8.0.1/../../../../lib64]
    arg [-L/lib/../lib64] ==> dir [/lib/../lib64]
    arg [-L/usr/lib/../lib64] ==> dir [/usr/lib/../lib64]
    arg [-L/usr/lib/gcc/x86_64-pc-linux-gnu/8.0.1/../../../../x86_64-pc-linux-gnu/lib] ==> dir [/usr/lib/gcc/x86_64-pc-linux-gnu/8.0.1/../../../../x86_64-pc-linux-gnu/lib]
    arg [-L/usr/lib/gcc/x86_64-pc-linux-gnu/8.0.1/../../..] ==> dir [/usr/lib/gcc/x86_64-pc-linux-gnu/8.0.1/../../..]
    arg [CMakeFiles/cmTC_5695b.dir/CMakeCXXCompilerABI.cpp.o] ==> ignore
    arg [-lstdc++] ==> lib [stdc++]
    arg [-lm] ==> lib [m]
    arg [-lgcc_s] ==> lib [gcc_s]
    arg [-lgcc] ==> lib [gcc]
    arg [-lc] ==> lib [c]
    arg [-lgcc_s] ==> lib [gcc_s]
    arg [-lgcc] ==> lib [gcc]
    arg [/usr/lib/gcc/x86_64-pc-linux-gnu/8.0.1/crtendS.o] ==> ignore
    arg [/usr/lib/gcc/x86_64-pc-linux-gnu/8.0.1/../../../../lib64/crtn.o] ==> ignore
  collapse library dir [/usr/lib/gcc/x86_64-pc-linux-gnu/8.0.1] ==> [/usr/lib/gcc/x86_64-pc-linux-gnu/8.0.1]
  collapse library dir [/usr/lib/gcc/x86_64-pc-linux-gnu/8.0.1/../../../../lib64] ==> [/usr/lib64]
  collapse library dir [/lib/../lib64] ==> [/lib64]
  collapse library dir [/usr/lib/../lib64] ==> [/usr/lib64]
  collapse library dir [/usr/lib/gcc/x86_64-pc-linux-gnu/8.0.1/../../../../x86_64-pc-linux-gnu/lib] ==> [/usr/x86_64-pc-linux-gnu/lib]
  collapse library dir [/usr/lib/gcc/x86_64-pc-linux-gnu/8.0.1/../../..] ==> [/usr/lib]
  implicit libs: [stdc++;m;gcc_s;gcc;c;gcc_s;gcc]
  implicit dirs: [/usr/lib/gcc/x86_64-pc-linux-gnu/8.0.1;/usr/lib64;/lib64;/usr/x86_64-pc-linux-gnu/lib;/usr/lib]
  implicit fwks: []




Detecting CXX [-std=c++1z] compiler features compiled with the following output:
Change Dir: /home/bml/moretemp/cppbin/build/CMakeFiles/CMakeTmp

Run Build Command:"/usr/bin/gmake" "cmTC_ecbb5/fast"
/usr/bin/gmake -f CMakeFiles/cmTC_ecbb5.dir/build.make CMakeFiles/cmTC_ecbb5.dir/build
gmake[1]: Entering directory '/home/bml/moretemp/cppbin/build/CMakeFiles/CMakeTmp'
Building CXX object CMakeFiles/cmTC_ecbb5.dir/feature_tests.cxx.o
/usr/lib/ccache/bin/g++    -std=c++1z -o CMakeFiles/cmTC_ecbb5.dir/feature_tests.cxx.o -c /home/bml/moretemp/cppbin/build/CMakeFiles/feature_tests.cxx
Linking CXX executable cmTC_ecbb5
/usr/bin/cmake -E cmake_link_script CMakeFiles/cmTC_ecbb5.dir/link.txt --verbose=1
/usr/lib/ccache/bin/g++       CMakeFiles/cmTC_ecbb5.dir/feature_tests.cxx.o  -o cmTC_ecbb5 
gmake[1]: Leaving directory '/home/bml/moretemp/cppbin/build/CMakeFiles/CMakeTmp'


    Feature record: CXX_FEATURE:1cxx_aggregate_default_initializers
    Feature record: CXX_FEATURE:1cxx_alias_templates
    Feature record: CXX_FEATURE:1cxx_alignas
    Feature record: CXX_FEATURE:1cxx_alignof
    Feature record: CXX_FEATURE:1cxx_attributes
    Feature record: CXX_FEATURE:1cxx_attribute_deprecated
    Feature record: CXX_FEATURE:1cxx_auto_type
    Feature record: CXX_FEATURE:1cxx_binary_literals
    Feature record: CXX_FEATURE:1cxx_constexpr
    Feature record: CXX_FEATURE:1cxx_contextual_conversions
    Feature record: CXX_FEATURE:1cxx_decltype
    Feature record: CXX_FEATURE:1cxx_decltype_auto
    Feature record: CXX_FEATURE:1cxx_decltype_incomplete_return_types
    Feature record: CXX_FEATURE:1cxx_default_function_template_args
    Feature record: CXX_FEATURE:1cxx_defaulted_functions
    Feature record: CXX_FEATURE:1cxx_defaulted_move_initializers
    Feature record: CXX_FEATURE:1cxx_delegating_constructors
    Feature record: CXX_FEATURE:1cxx_deleted_functions
    Feature record: CXX_FEATURE:1cxx_digit_separators
    Feature record: CXX_FEATURE:1cxx_enum_forward_declarations
    Feature record: CXX_FEATURE:1cxx_explicit_conversions
    Feature record: CXX_FEATURE:1cxx_extended_friend_declarations
    Feature record: CXX_FEATURE:1cxx_extern_templates
    Feature record: CXX_FEATURE:1cxx_final
    Feature record: CXX_FEATURE:1cxx_func_identifier
    Feature record: CXX_FEATURE:1cxx_generalized_initializers
    Feature record: CXX_FEATURE:1cxx_generic_lambdas
    Feature record: CXX_FEATURE:1cxx_inheriting_constructors
    Feature record: CXX_FEATURE:1cxx_inline_namespaces
    Feature record: CXX_FEATURE:1cxx_lambdas
    Feature record: CXX_FEATURE:1cxx_lambda_init_captures
    Feature record: CXX_FEATURE:1cxx_local_type_template_args
    Feature record: CXX_FEATURE:1cxx_long_long_type
    Feature record: CXX_FEATURE:1cxx_noexcept
    Feature record: CXX_FEATURE:1cxx_nonstatic_member_init
    Feature record: CXX_FEATURE:1cxx_nullptr
    Feature record: CXX_FEATURE:1cxx_override
    Feature record: CXX_FEATURE:1cxx_range_for
    Feature record: CXX_FEATURE:1cxx_raw_string_literals
    Feature record: CXX_FEATURE:1cxx_reference_qualified_functions
    Feature record: CXX_FEATURE:1cxx_relaxed_constexpr
    Feature record: CXX_FEATURE:1cxx_return_type_deduction
    Feature record: CXX_FEATURE:1cxx_right_angle_brackets
    Feature record: CXX_FEATURE:1cxx_rvalue_references
    Feature record: CXX_FEATURE:1cxx_sizeof_member
    Feature record: CXX_FEATURE:1cxx_static_assert
    Feature record: CXX_FEATURE:1cxx_strong_enums
    Feature record: CXX_FEATURE:1cxx_template_template_parameters
    Feature record: CXX_FEATURE:1cxx_thread_local
    Feature record: CXX_FEATURE:1cxx_trailing_return_types
    Feature record: CXX_FEATURE:1cxx_unicode_literals
    Feature record: CXX_FEATURE:1cxx_uniform_initialization
    Feature record: CXX_FEATURE:1cxx_unrestricted_unions
    Feature record: CXX_FEATURE:1cxx_user_literals
    Feature record: CXX_FEATURE:1cxx_variable_templates
    Feature record: CXX_FEATURE:1cxx_variadic_macros
    Feature record: CXX_FEATURE:1cxx_variadic_templates


Detecting CXX [-std=c++14] compiler features compiled with the following output:
Change Dir: /home/bml/moretemp/cppbin/build/CMakeFiles/CMakeTmp

Run Build Command:"/usr/bin/gmake" "cmTC_888e3/fast"
/usr/bin/gmake -f CMakeFiles/cmTC_888e3.dir/build.make CMakeFiles/cmTC_888e3.dir/build
gmake[1]: Entering directory '/home/bml/moretemp/cppbin/build/CMakeFiles/CMakeTmp'
Building CXX object CMakeFiles/cmTC_888e3.dir/feature_tests.cxx.o
/usr/lib/ccache/bin/g++    -std=c++14 -o CMakeFiles/cmTC_888e3.dir/feature_tests.cxx.o -c /home/bml/moretemp/cppbin/build/CMakeFiles/feature_tests.cxx
Linking CXX executable cmTC_888e3
/usr/bin/cmake -E cmake_link_script CMakeFiles/cmTC_888e3.dir/link.txt --verbose=1
/usr/lib/ccache/bin/g++       CMakeFiles/cmTC_888e3.dir/feature_tests.cxx.o  -o cmTC_888e3 
gmake[1]: Leaving directory '/home/bml/moretemp/cppbin/build/CMakeFiles/CMakeTmp'


    Feature record: CXX_FEATURE:1cxx_aggregate_default_initializers
    Feature record: CXX_FEATURE:1cxx_alias_templates
    Feature record: CXX_FEATURE:1cxx_alignas
    Feature record: CXX_FEATURE:1cxx_alignof
    Feature record: CXX_FEATURE:1cxx_attributes
    Feature record: CXX_FEATURE:1cxx_attribute_deprecated
    Feature record: CXX_FEATURE:1cxx_auto_type
    Feature record: CXX_FEATURE:1cxx_binary_literals
    Feature record: CXX_FEATURE:1cxx_constexpr
    Feature record: CXX_FEATURE:1cxx_contextual_conversions
    Feature record: CXX_FEATURE:1cxx_decltype
    Feature record: CXX_FEATURE:1cxx_decltype_auto
    Feature record: CXX_FEATURE:1cxx_decltype_incomplete_return_types
    Feature record: CXX_FEATURE:1cxx_default_function_template_args
    Feature record: CXX_FEATURE:1cxx_defaulted_functions
    Feature record: CXX_FEATURE:1cxx_defaulted_move_initializers
    Feature record: CXX_FEATURE:1cxx_delegating_constructors
    Feature record: CXX_FEATURE:1cxx_deleted_functions
    Feature record: CXX_FEATURE:1cxx_digit_separators
    Feature record: CXX_FEATURE:1cxx_enum_forward_declarations
    Feature record: CXX_FEATURE:1cxx_explicit_conversions
    Feature record: CXX_FEATURE:1cxx_extended_friend_declarations
    Feature record: CXX_FEATURE:1cxx_extern_templates
    Feature record: CXX_FEATURE:1cxx_final
    Feature record: CXX_FEATURE:1cxx_func_identifier
    Feature record: CXX_FEATURE:1cxx_generalized_initializers
    Feature record: CXX_FEATURE:1cxx_generic_lambdas
    Feature record: CXX_FEATURE:1cxx_inheriting_constructors
    Feature record: CXX_FEATURE:1cxx_inline_namespaces
    Feature record: CXX_FEATURE:1cxx_lambdas
    Feature record: CXX_FEATURE:1cxx_lambda_init_captures
    Feature record: CXX_FEATURE:1cxx_local_type_template_args
    Feature record: CXX_FEATURE:1cxx_long_long_type
    Feature record: CXX_FEATURE:1cxx_noexcept
    Feature record: CXX_FEATURE:1cxx_nonstatic_member_init
    Feature record: CXX_FEATURE:1cxx_nullptr
    Feature record: CXX_FEATURE:1cxx_override
    Feature record: CXX_FEATURE:1cxx_range_for
    Feature record: CXX_FEATURE:1cxx_raw_string_literals
    Feature record: CXX_FEATURE:1cxx_reference_qualified_functions
    Feature record: CXX_FEATURE:1cxx_relaxed_constexpr
    Feature record: CXX_FEATURE:1cxx_return_type_deduction
    Feature record: CXX_FEATURE:1cxx_right_angle_brackets
    Feature record: CXX_FEATURE:1cxx_rvalue_references
    Feature record: CXX_FEATURE:1cxx_sizeof_member
    Feature record: CXX_FEATURE:1cxx_static_assert
    Feature record: CXX_FEATURE:1cxx_strong_enums
    Feature record: CXX_FEATURE:1cxx_template_template_parameters
    Feature record: CXX_FEATURE:1cxx_thread_local
    Feature record: CXX_FEATURE:1cxx_trailing_return_types
    Feature record: CXX_FEATURE:1cxx_unicode_literals
    Feature record: CXX_FEATURE:1cxx_uniform_initialization
    Feature record: CXX_FEATURE:1cxx_unrestricted_unions
    Feature record: CXX_FEATURE:1cxx_user_literals
    Feature record: CXX_FEATURE:1cxx_variable_templates
    Feature record: CXX_FEATURE:1cxx_variadic_macros
    Feature record: CXX_FEATURE:1cxx_variadic_templates


Detecting CXX [-std=c++11] compiler features compiled with the following output:
Change Dir: /home/bml/moretemp/cppbin/build/CMakeFiles/CMakeTmp

Run Build Command:"/usr/bin/gmake" "cmTC_b28fc/fast"
/usr/bin/gmake -f CMakeFiles/cmTC_b28fc.dir/build.make CMakeFiles/cmTC_b28fc.dir/build
gmake[1]: Entering directory '/home/bml/moretemp/cppbin/build/CMakeFiles/CMakeTmp'
Building CXX object CMakeFiles/cmTC_b28fc.dir/feature_tests.cxx.o
/usr/lib/ccache/bin/g++    -std=c++11 -o CMakeFiles/cmTC_b28fc.dir/feature_tests.cxx.o -c /home/bml/moretemp/cppbin/build/CMakeFiles/feature_tests.cxx
Linking CXX executable cmTC_b28fc
/usr/bin/cmake -E cmake_link_script CMakeFiles/cmTC_b28fc.dir/link.txt --verbose=1
/usr/lib/ccache/bin/g++       CMakeFiles/cmTC_b28fc.dir/feature_tests.cxx.o  -o cmTC_b28fc 
gmake[1]: Leaving directory '/home/bml/moretemp/cppbin/build/CMakeFiles/CMakeTmp'


    Feature record: CXX_FEATURE:0cxx_aggregate_default_initializers
    Feature record: CXX_FEATURE:1cxx_alias_templates
    Feature record: CXX_FEATURE:1cxx_alignas
    Feature record: CXX_FEATURE:1cxx_alignof
    Feature record: CXX_FEATURE:1cxx_attributes
    Feature record: CXX_FEATURE:0cxx_attribute_deprecated
    Feature record: CXX_FEATURE:1cxx_auto_type
    Feature record: CXX_FEATURE:0cxx_binary_literals
    Feature record: CXX_FEATURE:1cxx_constexpr
    Feature record: CXX_FEATURE:0cxx_contextual_conversions
    Feature record: CXX_FEATURE:1cxx_decltype
    Feature record: CXX_FEATURE:0cxx_decltype_auto
    Feature record: CXX_FEATURE:1cxx_decltype_incomplete_return_types
    Feature record: CXX_FEATURE:1cxx_default_function_template_args
    Feature record: CXX_FEATURE:1cxx_defaulted_functions
    Feature record: CXX_FEATURE:1cxx_defaulted_move_initializers
    Feature record: CXX_FEATURE:1cxx_delegating_constructors
    Feature record: CXX_FEATURE:1cxx_deleted_functions
    Feature record: CXX_FEATURE:0cxx_digit_separators
    Feature record: CXX_FEATURE:1cxx_enum_forward_declarations
    Feature record: CXX_FEATURE:1cxx_explicit_conversions
    Feature record: CXX_FEATURE:1cxx_extended_friend_declarations
    Feature record: CXX_FEATURE:1cxx_extern_templates
    Feature record: CXX_FEATURE:1cxx_final
    Feature record: CXX_FEATURE:1cxx_func_identifier
    Feature record: CXX_FEATURE:1cxx_generalized_initializers
    Feature record: CXX_FEATURE:0cxx_generic_lambdas
    Feature record: CXX_FEATURE:1cxx_inheriting_constructors
    Feature record: CXX_FEATURE:1cxx_inline_namespaces
    Feature record: CXX_FEATURE:1cxx_lambdas
    Feature record: CXX_FEATURE:0cxx_lambda_init_captures
    Feature record: CXX_FEATURE:1cxx_local_type_template_args
    Feature record: CXX_FEATURE:1cxx_long_long_type
    Feature record: CXX_FEATURE:1cxx_noexcept
    Feature record: CXX_FEATURE:1cxx_nonstatic_member_init
    Feature record: CXX_FEATURE:1cxx_nullptr
    Feature record: CXX_FEATURE:1cxx_override
    Feature record: CXX_FEATURE:1cxx_range_for
    Feature record: CXX_FEATURE:1cxx_raw_string_literals
    Feature record: CXX_FEATURE:1cxx_reference_qualified_functions
    Feature record: CXX_FEATURE:0cxx_relaxed_constexpr
    Feature record: CXX_FEATURE:0cxx_return_type_deduction
    Feature record: CXX_FEATURE:1cxx_right_angle_brackets
    Feature record: CXX_FEATURE:1cxx_rvalue_references
    Feature record: CXX_FEATURE:1cxx_sizeof_member
    Feature record: CXX_FEATURE:1cxx_static_assert
    Feature record: CXX_FEATURE:1cxx_strong_enums
    Feature record: CXX_FEATURE:1cxx_template_template_parameters
    Feature record: CXX_FEATURE:1cxx_thread_local
    Feature record: CXX_FEATURE:1cxx_trailing_return_types
    Feature record: CXX_FEATURE:1cxx_unicode_literals
    Feature record: CXX_FEATURE:1cxx_uniform_initialization
    Feature record: CXX_FEATURE:1cxx_unrestricted_unions
    Feature record: CXX_FEATURE:1cxx_user_literals
    Feature record: CXX_FEATURE:0cxx_variable_templates
    Feature record: CXX_FEATURE:1cxx_variadic_macros
    Feature record: CXX_FEATURE:1cxx_variadic_templates


Detecting CXX [-std=c++98] compiler features compiled with the following output:
Change Dir: /home/bml/moretemp/cppbin/build/CMakeFiles/CMakeTmp

Run Build Command:"/usr/bin/gmake" "cmTC_c166c/fast"
/usr/bin/gmake -f CMakeFiles/cmTC_c166c.dir/build.make CMakeFiles/cmTC_c166c.dir/build
gmake[1]: Entering directory '/home/bml/moretemp/cppbin/build/CMakeFiles/CMakeTmp'
Building CXX object CMakeFiles/cmTC_c166c.dir/feature_tests.cxx.o
/usr/lib/ccache/bin/g++    -std=c++98 -o CMakeFiles/cmTC_c166c.dir/feature_tests.cxx.o -c /home/bml/moretemp/cppbin/build/CMakeFiles/feature_tests.cxx
Linking CXX executable cmTC_c166c
/usr/bin/cmake -E cmake_link_script CMakeFiles/cmTC_c166c.dir/link.txt --verbose=1
/usr/lib/ccache/bin/g++       CMakeFiles/cmTC_c166c.dir/feature_tests.cxx.o  -o cmTC_c166c 
gmake[1]: Leaving directory '/home/bml/moretemp/cppbin/build/CMakeFiles/CMakeTmp'


    Feature record: CXX_FEATURE:0cxx_aggregate_default_initializers
    Feature record: CXX_FEATURE:0cxx_alias_templates
    Feature record: CXX_FEATURE:0cxx_alignas
    Feature record: CXX_FEATURE:0cxx_alignof
    Feature record: CXX_FEATURE:0cxx_attributes
    Feature record: CXX_FEATURE:0cxx_attribute_deprecated
    Feature record: CXX_FEATURE:0cxx_auto_type
    Feature record: CXX_FEATURE:0cxx_binary_literals
    Feature record: CXX_FEATURE:0cxx_constexpr
    Feature record: CXX_FEATURE:0cxx_contextual_conversions
    Feature record: CXX_FEATURE:0cxx_decltype
    Feature record: CXX_FEATURE:0cxx_decltype_auto
    Feature record: CXX_FEATURE:0cxx_decltype_incomplete_return_types
    Feature record: CXX_FEATURE:0cxx_default_function_template_args
    Feature record: CXX_FEATURE:0cxx_defaulted_functions
    Feature record: CXX_FEATURE:0cxx_defaulted_move_initializers
    Feature record: CXX_FEATURE:0cxx_delegating_constructors
    Feature record: CXX_FEATURE:0cxx_deleted_functions
    Feature record: CXX_FEATURE:0cxx_digit_separators
    Feature record: CXX_FEATURE:0cxx_enum_forward_declarations
    Feature record: CXX_FEATURE:0cxx_explicit_conversions
    Feature record: CXX_FEATURE:0cxx_extended_friend_declarations
    Feature record: CXX_FEATURE:0cxx_extern_templates
    Feature record: CXX_FEATURE:0cxx_final
    Feature record: CXX_FEATURE:0cxx_func_identifier
    Feature record: CXX_FEATURE:0cxx_generalized_initializers
    Feature record: CXX_FEATURE:0cxx_generic_lambdas
    Feature record: CXX_FEATURE:0cxx_inheriting_constructors
    Feature record: CXX_FEATURE:0cxx_inline_namespaces
    Feature record: CXX_FEATURE:0cxx_lambdas
    Feature record: CXX_FEATURE:0cxx_lambda_init_captures
    Feature record: CXX_FEATURE:0cxx_local_type_template_args
    Feature record: CXX_FEATURE:0cxx_long_long_type
    Feature record: CXX_FEATURE:0cxx_noexcept
    Feature record: CXX_FEATURE:0cxx_nonstatic_member_init
    Feature record: CXX_FEATURE:0cxx_nullptr
    Feature record: CXX_FEATURE:0cxx_override
    Feature record: CXX_FEATURE:0cxx_range_for
    Feature record: CXX_FEATURE:0cxx_raw_string_literals
    Feature record: CXX_FEATURE:0cxx_reference_qualified_functions
    Feature record: CXX_FEATURE:0cxx_relaxed_constexpr
    Feature record: CXX_FEATURE:0cxx_return_type_deduction
    Feature record: CXX_FEATURE:0cxx_right_angle_brackets
    Feature record: CXX_FEATURE:0cxx_rvalue_references
    Feature record: CXX_FEATURE:0cxx_sizeof_member
    Feature record: CXX_FEATURE:0cxx_static_assert
    Feature record: CXX_FEATURE:0cxx_strong_enums
    Feature record: CXX_FEATURE:1cxx_template_template_parameters
    Feature record: CXX_FEATURE:0cxx_thread_local
    Feature record: CXX_FEATURE:0cxx_trailing_return_types
    Feature record: CXX_FEATURE:0cxx_unicode_literals
    Feature record: CXX_FEATURE:0cxx_uniform_initialization
    Feature record: CXX_FEATURE:0cxx_unrestricted_unions
    Feature record: CXX_FEATURE:0cxx_user_literals
    Feature record: CXX_FEATURE:0cxx_variable_templates
    Feature record: CXX_FEATURE:0cxx_variadic_macros
    Feature record: CXX_FEATURE:0cxx_variadic_templates
Determining if the C compiler works passed with the following output:
Change Dir: /home/bml/moretemp/cppbin/build/CMakeFiles/CMakeTmp

Run Build Command:"/usr/bin/gmake" "cmTC_0a220/fast"
/usr/bin/gmake -f CMakeFiles/cmTC_0a220.dir/build.make CMakeFiles/cmTC_0a220.dir/build
gmake[1]: Entering directory '/home/bml/moretemp/cppbin/build/CMakeFiles/CMakeTmp'
Building C object CMakeFiles/cmTC_0a220.dir/testCCompiler.c.o
/usr/lib/ccache/bin/gcc    -o CMakeFiles/cmTC_0a220.dir/testCCompiler.c.o   -c /home/bml/moretemp/cppbin/build/CMakeFiles/CMakeTmp/testCCompiler.c
Linking C executable cmTC_0a220
/usr/bin/cmake -E cmake_link_script CMakeFiles/cmTC_0a220.dir/link.txt --verbose=1
/usr/lib/ccache/bin/gcc      CMakeFiles/cmTC_0a220.dir/testCCompiler.c.o  -o cmTC_0a220 
gmake[1]: Leaving directory '/home/bml/moretemp/cppbin/build/CMakeFiles/CMakeTmp'


Detecting C compiler ABI info compiled with the following output:
Change Dir: /home/bml/moretemp/cppbin/build/CMakeFiles/CMakeTmp

Run Build Command:"/usr/bin/gmake" "cmTC_59e44/fast"
/usr/bin/gmake -f CMakeFiles/cmTC_59e44.dir/build.make CMakeFiles/cmTC_59e44.dir/build
gmake[1]: Entering directory '/home/bml/moretemp/cppbin/build/CMakeFiles/CMakeTmp'
Building C object CMakeFiles/cmTC_59e44.dir/CMakeCCompilerABI.c.o
/usr/lib/ccache/bin/gcc    -o CMakeFiles/cmTC_59e44.dir/CMakeCCompilerABI.c.o   -c /usr/share/cmake/Modules/CMakeCCompilerABI.c
Linking C executable cmTC_59e44
/usr/bin/cmake -E cmake_link_script CMakeFiles/cmTC_59e44.dir/link.txt --verbose=1
/usr/lib/ccache/bin/gcc     -v CMakeFiles/cmTC_59e44.dir/CMakeCCompilerABI.c.o  -o cmTC_59e44 
Using built-in specs.
COLLECT_GCC=/usr/x86_64-pc-linux-gnu/gcc-bin/9999/gcc
COLLECT_LTO_WRAPPER=/usr/libexec/gcc/x86_64-pc-linux-gnu/8.0.1/lto-wrapper
Target: x86_64-pc-linux-gnu
Configured with: /var/tmp/portage/sys-devel/gcc-9999/work/gcc-9999/configure --host=x86_64-pc-linux-gnu --build=x86_64-pc-linux-gnu --prefix=/usr --bindir=/usr/x86_64-pc-linux-gnu/gcc-bin/9999 --includedir=/usr/lib/gcc/x86_64-pc-linux-gnu/9999/include --datadir=/usr/share/gcc-data/x86_64-pc-linux-gnu/9999 --mandir=/usr/share/gcc-data/x86_64-pc-linux-gnu/9999/man --infodir=/usr/share/gcc-data/x86_64-pc-linux-gnu/9999/info --with-gxx-include-dir=/usr/lib/gcc/x86_64-pc-linux-gnu/9999/include/g++-v9999 --with-python-dir=/share/gcc-data/x86_64-pc-linux-gnu/9999/python --enable-objc-gc --enable-languages=c,c++,go,objc,obj-c++,fortran --enable-obsolete --enable-secureplt --disable-werror --with-system-zlib --enable-nls --without-included-gettext --enable-checking=release --with-bugurl=https://bugs.gentoo.org/ --with-pkgversion='Gentoo 9999' --disable-esp --enable-libstdcxx-time --enable-shared --enable-threads=posix --enable-__cxa_atexit --enable-clocale=gnu --enable-multilib --with-multilib-list=m32,m64 --disable-altivec --disable-fixed-point --enable-targets=all --disable-libgcj --enable-libgomp --disable-libmudflap --disable-libssp --enable-libcilkrts --enable-libmpx --enable-vtable-verify --enable-libvtv --enable-lto --with-isl --disable-isl-version-check --enable-libsanitizer --enable-default-pie --enable-default-ssp --disable-bootstrap
Thread model: posix
gcc version 8.0.1 20180414 (experimental) (Gentoo 9999) 
COMPILER_PATH=/usr/libexec/gcc/x86_64-pc-linux-gnu/8.0.1/:/usr/libexec/gcc/x86_64-pc-linux-gnu/8.0.1/:/usr/libexec/gcc/x86_64-pc-linux-gnu/:/usr/lib/gcc/x86_64-pc-linux-gnu/8.0.1/:/usr/lib/gcc/x86_64-pc-linux-gnu/:/usr/lib/gcc/x86_64-pc-linux-gnu/8.0.1/../../../../x86_64-pc-linux-gnu/bin/
LIBRARY_PATH=/usr/lib/gcc/x86_64-pc-linux-gnu/8.0.1/:/usr/lib/gcc/x86_64-pc-linux-gnu/8.0.1/../../../../lib64/:/lib/../lib64/:/usr/lib/../lib64/:/usr/lib/gcc/x86_64-pc-linux-gnu/8.0.1/../../../../x86_64-pc-linux-gnu/lib/:/usr/lib/gcc/x86_64-pc-linux-gnu/8.0.1/../../../:/lib/:/usr/lib/
COLLECT_GCC_OPTIONS='-v' '-o' 'cmTC_59e44' '-mtune=generic' '-march=x86-64'
 /usr/libexec/gcc/x86_64-pc-linux-gnu/8.0.1/collect2 -plugin /usr/libexec/gcc/x86_64-pc-linux-gnu/8.0.1/liblto_plugin.so -plugin-opt=/usr/libexec/gcc/x86_64-pc-linux-gnu/8.0.1/lto-wrapper -plugin-opt=-fresolution=/tmp/cc17VvL3.res -plugin-opt=-pass-through=-lgcc -plugin-opt=-pass-through=-lgcc_s -plugin-opt=-pass-through=-lc -plugin-opt=-pass-through=-lgcc -plugin-opt=-pass-through=-lgcc_s --eh-frame-hdr -m elf_x86_64 -dynamic-linker /lib64/ld-linux-x86-64.so.2 -pie -o cmTC_59e44 /usr/lib/gcc/x86_64-pc-linux-gnu/8.0.1/../../../../lib64/Scrt1.o /usr/lib/gcc/x86_64-pc-linux-gnu/8.0.1/../../../../lib64/crti.o /usr/lib/gcc/x86_64-pc-linux-gnu/8.0.1/crtbeginS.o -L/usr/lib/gcc/x86_64-pc-linux-gnu/8.0.1 -L/usr/lib/gcc/x86_64-pc-linux-gnu/8.0.1/../../../../lib64 -L/lib/../lib64 -L/usr/lib/../lib64 -L/usr/lib/gcc/x86_64-pc-linux-gnu/8.0.1/../../../../x86_64-pc-linux-gnu/lib -L/usr/lib/gcc/x86_64-pc-linux-gnu/8.0.1/../../.. CMakeFiles/cmTC_59e44.dir/CMakeCCompilerABI.c.o -lgcc --as-needed -lgcc_s --no-as-needed -lc -lgcc --as-needed -lgcc_s --no-as-needed /usr/lib/gcc/x86_64-pc-linux-gnu/8.0.1/crtendS.o /usr/lib/gcc/x86_64-pc-linux-gnu/8.0.1/../../../../lib64/crtn.o
COLLECT_GCC_OPTIONS='-v' '-o' 'cmTC_59e44' '-mtune=generic' '-march=x86-64'
gmake[1]: Leaving directory '/home/bml/moretemp/cppbin/build/CMakeFiles/CMakeTmp'


Parsed C implicit link information from above output:
  link line regex: [^( *|.*[/\])(ld|CMAKE_LINK_STARTFILE-NOTFOUND|([^/\]+-)?ld|collect2)[^/\]*( |$)]
  ignore line: [Change Dir: /home/bml/moretemp/cppbin/build/CMakeFiles/CMakeTmp]
  ignore line: []
  ignore line: [Run Build Command:"/usr/bin/gmake" "cmTC_59e44/fast"]
  ignore line: [/usr/bin/gmake -f CMakeFiles/cmTC_59e44.dir/build.make CMakeFiles/cmTC_59e44.dir/build]
  ignore line: [gmake[1]: Entering directory '/home/bml/moretemp/cppbin/build/CMakeFiles/CMakeTmp']
  ignore line: [Building C object CMakeFiles/cmTC_59e44.dir/CMakeCCompilerABI.c.o]
  ignore line: [/usr/lib/ccache/bin/gcc    -o CMakeFiles/cmTC_59e44.dir/CMakeCCompilerABI.c.o   -c /usr/share/cmake/Modules/CMakeCCompilerABI.c]
  ignore line: [Linking C executable cmTC_59e44]
  ignore line: [/usr/bin/cmake -E cmake_link_script CMakeFiles/cmTC_59e44.dir/link.txt --verbose=1]
  ignore line: [/usr/lib/ccache/bin/gcc     -v CMakeFiles/cmTC_59e44.dir/CMakeCCompilerABI.c.o  -o cmTC_59e44 ]
  ignore line: [Using built-in specs.]
  ignore line: [COLLECT_GCC=/usr/x86_64-pc-linux-gnu/gcc-bin/9999/gcc]
  ignore line: [COLLECT_LTO_WRAPPER=/usr/libexec/gcc/x86_64-pc-linux-gnu/8.0.1/lto-wrapper]
  ignore line: [Target: x86_64-pc-linux-gnu]
  ignore line: [Configured with: /var/tmp/portage/sys-devel/gcc-9999/work/gcc-9999/configure --host=x86_64-pc-linux-gnu --build=x86_64-pc-linux-gnu --prefix=/usr --bindir=/usr/x86_64-pc-linux-gnu/gcc-bin/9999 --includedir=/usr/lib/gcc/x86_64-pc-linux-gnu/9999/include --datadir=/usr/share/gcc-data/x86_64-pc-linux-gnu/9999 --mandir=/usr/share/gcc-data/x86_64-pc-linux-gnu/9999/man --infodir=/usr/share/gcc-data/x86_64-pc-linux-gnu/9999/info --with-gxx-include-dir=/usr/lib/gcc/x86_64-pc-linux-gnu/9999/include/g++-v9999 --with-python-dir=/share/gcc-data/x86_64-pc-linux-gnu/9999/python --enable-objc-gc --enable-languages=c,c++,go,objc,obj-c++,fortran --enable-obsolete --enable-secureplt --disable-werror --with-system-zlib --enable-nls --without-included-gettext --enable-checking=release --with-bugurl=https://bugs.gentoo.org/ --with-pkgversion='Gentoo 9999' --disable-esp --enable-libstdcxx-time --enable-shared --enable-threads=posix --enable-__cxa_atexit --enable-clocale=gnu --enable-multilib --with-multilib-list=m32,m64 --disable-altivec --disable-fixed-point --enable-targets=all --disable-libgcj --enable-libgomp --disable-libmudflap --disable-libssp --enable-libcilkrts --enable-libmpx --enable-vtable-verify --enable-libvtv --enable-lto --with-isl --disable-isl-version-check --enable-libsanitizer --enable-default-pie --enable-default-ssp --disable-bootstrap]
  ignore line: [Thread model: posix]
  ignore line: [gcc version 8.0.1 20180414 (experimental) (Gentoo 9999) ]
  ignore line: [COMPILER_PATH=/usr/libexec/gcc/x86_64-pc-linux-gnu/8.0.1/:/usr/libexec/gcc/x86_64-pc-linux-gnu/8.0.1/:/usr/libexec/gcc/x86_64-pc-linux-gnu/:/usr/lib/gcc/x86_64-pc-linux-gnu/8.0.1/:/usr/lib/gcc/x86_64-pc-linux-gnu/:/usr/lib/gcc/x86_64-pc-linux-gnu/8.0.1/../../../../x86_64-pc-linux-gnu/bin/]
  ignore line: [LIBRARY_PATH=/usr/lib/gcc/x86_64-pc-linux-gnu/8.0.1/:/usr/lib/gcc/x86_64-pc-linux-gnu/8.0.1/../../../../lib64/:/lib/../lib64/:/usr/lib/../lib64/:/usr/lib/gcc/x86_64-pc-linux-gnu/8.0.1/../../../../x86_64-pc-linux-gnu/lib/:/usr/lib/gcc/x86_64-pc-linux-gnu/8.0.1/../../../:/lib/:/usr/lib/]
  ignore line: [COLLECT_GCC_OPTIONS='-v' '-o' 'cmTC_59e44' '-mtune=generic' '-march=x86-64']
  link line: [ /usr/libexec/gcc/x86_64-pc-linux-gnu/8.0.1/collect2 -plugin /usr/libexec/gcc/x86_64-pc-linux-gnu/8.0.1/liblto_plugin.so -plugin-opt=/usr/libexec/gcc/x86_64-pc-linux-gnu/8.0.1/lto-wrapper -plugin-opt=-fresolution=/tmp/cc17VvL3.res -plugin-opt=-pass-through=-lgcc -plugin-opt=-pass-through=-lgcc_s -plugin-opt=-pass-through=-lc -plugin-opt=-pass-through=-lgcc -plugin-opt=-pass-through=-lgcc_s --eh-frame-hdr -m elf_x86_64 -dynamic-linker /lib64/ld-linux-x86-64.so.2 -pie -o cmTC_59e44 /usr/lib/gcc/x86_64-pc-linux-gnu/8.0.1/../../../../lib64/Scrt1.o /usr/lib/gcc/x86_64-pc-linux-gnu/8.0.1/../../../../lib64/crti.o /usr/lib/gcc/x86_64-pc-linux-gnu/8.0.1/crtbeginS.o -L/usr/lib/gcc/x86_64-pc-linux-gnu/8.0.1 -L/usr/lib/gcc/x86_64-pc-linux-gnu/8.0.1/../../../../lib64 -L/lib/../lib64 -L/usr/lib/../lib64 -L/usr/lib/gcc/x86_64-pc-linux-gnu/8.0.1/../../../../x86_64-pc-linux-gnu/lib -L/usr/lib/gcc/x86_64-pc-linux-gnu/8.0.1/../../.. CMakeFiles/cmTC_59e44.dir/CMakeCCompilerABI.c.o -lgcc --as-needed -lgcc_s --no-as-needed -lc -lgcc --as-needed -lgcc_s --no-as-needed /usr/lib/gcc/x86_64-pc-linux-gnu/8.0.1/crtendS.o /usr/lib/gcc/x86_64-pc-linux-gnu/8.0.1/../../../../lib64/crtn.o]
    arg [/usr/libexec/gcc/x86_64-pc-linux-gnu/8.0.1/collect2] ==> ignore
    arg [-plugin] ==> ignore
    arg [/usr/libexec/gcc/x86_64-pc-linux-gnu/8.0.1/liblto_plugin.so] ==> ignore
    arg [-plugin-opt=/usr/libexec/gcc/x86_64-pc-linux-gnu/8.0.1/lto-wrapper] ==> ignore
    arg [-plugin-opt=-fresolution=/tmp/cc17VvL3.res] ==> ignore
    arg [-plugin-opt=-pass-through=-lgcc] ==> ignore
    arg [-plugin-opt=-pass-through=-lgcc_s] ==> ignore
    arg [-plugin-opt=-pass-through=-lc] ==> ignore
    arg [-plugin-opt=-pass-through=-lgcc] ==> ignore
    arg [-plugin-opt=-pass-through=-lgcc_s] ==> ignore
    arg [--eh-frame-hdr] ==> ignore
    arg [-m] ==> ignore
    arg [elf_x86_64] ==> ignore
    arg [-dynamic-linker] ==> ignore
    arg [/lib64/ld-linux-x86-64.so.2] ==> ignore
    arg [-pie] ==> ignore
    arg [-o] ==> ignore
    arg [cmTC_59e44] ==> ignore
    arg [/usr/lib/gcc/x86_64-pc-linux-gnu/8.0.1/../../../../lib64/Scrt1.o] ==> ignore
    arg [/usr/lib/gcc/x86_64-pc-linux-gnu/8.0.1/../../../../lib64/crti.o] ==> ignore
    arg [/usr/lib/gcc/x86_64-pc-linux-gnu/8.0.1/crtbeginS.o] ==> ignore
    arg [-L/usr/lib/gcc/x86_64-pc-linux-gnu/8.0.1] ==> dir [/usr/lib/gcc/x86_64-pc-linux-gnu/8.0.1]
    arg [-L/usr/lib/gcc/x86_64-pc-linux-gnu/8.0.1/../../../../lib64] ==> dir [/usr/lib/gcc/x86_64-pc-linux-gnu/8.0.1/../../../../lib64]
    arg [-L/lib/../lib64] ==> dir [/lib/../lib64]
    arg [-L/usr/lib/../lib64] ==> dir [/usr/lib/../lib64]
    arg [-L/usr/lib/gcc/x86_64-pc-linux-gnu/8.0.1/../../../../x86_64-pc-linux-gnu/lib] ==> dir [/usr/lib/gcc/x86_64-pc-linux-gnu/8.0.1/../../../../x86_64-pc-linux-gnu/lib]
    arg [-L/usr/lib/gcc/x86_64-pc-linux-gnu/8.0.1/../../..] ==> dir [/usr/lib/gcc/x86_64-pc-linux-gnu/8.0.1/../../..]
    arg [CMakeFiles/cmTC_59e44.dir/CMakeCCompilerABI.c.o] ==> ignore
    arg [-lgcc] ==> lib [gcc]
    arg [--as-needed] ==> ignore
    arg [-lgcc_s] ==> lib [gcc_s]
    arg [--no-as-needed] ==> ignore
    arg [-lc] ==> lib [c]
    arg [-lgcc] ==> lib [gcc]
    arg [--as-needed] ==> ignore
    arg [-lgcc_s] ==> lib [gcc_s]
    arg [--no-as-needed] ==> ignore
    arg [/usr/lib/gcc/x86_64-pc-linux-gnu/8.0.1/crtendS.o] ==> ignore
    arg [/usr/lib/gcc/x86_64-pc-linux-gnu/8.0.1/../../../../lib64/crtn.o] ==> ignore
  collapse library dir [/usr/lib/gcc/x86_64-pc-linux-gnu/8.0.1] ==> [/usr/lib/gcc/x86_64-pc-linux-gnu/8.0.1]
  collapse library dir [/usr/lib/gcc/x86_64-pc-linux-gnu/8.0.1/../../../../lib64] ==> [/usr/lib64]
  collapse library dir [/lib/../lib64] ==> [/lib64]
  collapse library dir [/usr/lib/../lib64] ==> [/usr/lib64]
  collapse library dir [/usr/lib/gcc/x86_64-pc-linux-gnu/8.0.1/../../../../x86_64-pc-linux-gnu/lib] ==> [/usr/x86_64-pc-linux-gnu/lib]
  collapse library dir [/usr/lib/gcc/x86_64-pc-linux-gnu/8.0.1/../../..] ==> [/usr/lib]
  implicit libs: [gcc;gcc_s;c;gcc;gcc_s]
  implicit dirs: [/usr/lib/gcc/x86_64-pc-linux-gnu/8.0.1;/usr/lib64;/lib64;/usr/x86_64-pc-linux-gnu/lib;/usr/lib]
  implicit fwks: []




Detecting C [-std=c11] compiler features compiled with the following output:
Change Dir: /home/bml/moretemp/cppbin/build/CMakeFiles/CMakeTmp

Run Build Command:"/usr/bin/gmake" "cmTC_f532f/fast"
/usr/bin/gmake -f CMakeFiles/cmTC_f532f.dir/build.make CMakeFiles/cmTC_f532f.dir/build
gmake[1]: Entering directory '/home/bml/moretemp/cppbin/build/CMakeFiles/CMakeTmp'
Building C object CMakeFiles/cmTC_f532f.dir/feature_tests.c.o
/usr/lib/ccache/bin/gcc   -std=c11 -o CMakeFiles/cmTC_f532f.dir/feature_tests.c.o   -c /home/bml/moretemp/cppbin/build/CMakeFiles/feature_tests.c
Linking C executable cmTC_f532f
/usr/bin/cmake -E cmake_link_script CMakeFiles/cmTC_f532f.dir/link.txt --verbose=1
/usr/lib/ccache/bin/gcc      CMakeFiles/cmTC_f532f.dir/feature_tests.c.o  -o cmTC_f532f 
gmake[1]: Leaving directory '/home/bml/moretemp/cppbin/build/CMakeFiles/CMakeTmp'


    Feature record: C_FEATURE:1c_function_prototypes
    Feature record: C_FEATURE:1c_restrict
    Feature record: C_FEATURE:1c_static_assert
    Feature record: C_FEATURE:1c_variadic_macros


Detecting C [-std=c99] compiler features compiled with the following output:
Change Dir: /home/bml/moretemp/cppbin/build/CMakeFiles/CMakeTmp

Run Build Command:"/usr/bin/gmake" "cmTC_038aa/fast"
/usr/bin/gmake -f CMakeFiles/cmTC_038aa.dir/build.make CMakeFiles/cmTC_038aa.dir/build
gmake[1]: Entering directory '/home/bml/moretemp/cppbin/build/CMakeFiles/CMakeTmp'
Building C object CMakeFiles/cmTC_038aa.dir/feature_tests.c.o
/usr/lib/ccache/bin/gcc   -std=c99 -o CMakeFiles/cmTC_038aa.dir/feature_tests.c.o   -c /home/bml/moretemp/cppbin/build/CMakeFiles/feature_tests.c
Linking C executable cmTC_038aa
/usr/bin/cmake -E cmake_link_script CMakeFiles/cmTC_038aa.dir/link.txt --verbose=1
/usr/lib/ccache/bin/gcc      CMakeFiles/cmTC_038aa.dir/feature_tests.c.o  -o cmTC_038aa 
gmake[1]: Leaving directory '/home/bml/moretemp/cppbin/build/CMakeFiles/CMakeTmp'


    Feature record: C_FEATURE:1c_function_prototypes
    Feature record: C_FEATURE:1c_restrict
    Feature record: C_FEATURE:0c_static_assert
    Feature record: C_FEATURE:1c_variadic_macros


Detecting C [-std=c90] compiler features compiled with the following output:
Change Dir: /home/bml/moretemp/cppbin/build/CMakeFiles/CMakeTmp

Run Build Command:"/usr/bin/gmake" "cmTC_07c5d/fast"
/usr/bin/gmake -f CMakeFiles/cmTC_07c5d.dir/build.make CMakeFiles/cmTC_07c5d.dir/build
gmake[1]: Entering directory '/home/bml/moretemp/cppbin/build/CMakeFiles/CMakeTmp'
Building C object CMakeFiles/cmTC_07c5d.dir/feature_tests.c.o
/usr/lib/ccache/bin/gcc   -std=c90 -o CMakeFiles/cmTC_07c5d.dir/feature_tests.c.o   -c /home/bml/moretemp/cppbin/build/CMakeFiles/feature_tests.c
Linking C executable cmTC_07c5d
/usr/bin/cmake -E cmake_link_script CMakeFiles/cmTC_07c5d.dir/link.txt --verbose=1
/usr/lib/ccache/bin/gcc      CMakeFiles/cmTC_07c5d.dir/feature_tests.c.o  -o cmTC_07c5d 
gmake[1]: Leaving directory '/home/bml/moretemp/cppbin/build/CMakeFiles/CMakeTmp'


    Feature record: C_FEATURE:1c_function_prototypes
    Feature record: C_FEATURE:0c_restrict
    Feature record: C_FEATURE:0c_static_assert
    Feature record: C_FEATURE:0c_variadic_macros
Determining if the include file pthread.h exists passed with the following output:
Change Dir: /home/bml/moretemp/cppbin/build/CMakeFiles/CMakeTmp

Run Build Command:"/usr/bin/gmake" "cmTC_41dc7/fast"
/usr/bin/gmake -f CMakeFiles/cmTC_41dc7.dir/build.make CMakeFiles/cmTC_41dc7.dir/build
gmake[1]: Entering directory '/home/bml/moretemp/cppbin/build/CMakeFiles/CMakeTmp'
Building C object CMakeFiles/cmTC_41dc7.dir/CheckIncludeFile.c.o
/usr/lib/ccache/bin/gcc    -o CMakeFiles/cmTC_41dc7.dir/CheckIncludeFile.c.o   -c /home/bml/moretemp/cppbin/build/CMakeFiles/CMakeTmp/CheckIncludeFile.c
Linking C executable cmTC_41dc7
/usr/bin/cmake -E cmake_link_script CMakeFiles/cmTC_41dc7.dir/link.txt --verbose=1
/usr/lib/ccache/bin/gcc      CMakeFiles/cmTC_41dc7.dir/CheckIncludeFile.c.o  -o cmTC_41dc7 
gmake[1]: Leaving directory '/home/bml/moretemp/cppbin/build/CMakeFiles/CMakeTmp'


Determining if the function lzma_auto_decoder exists in the /usr/lib/liblzma.so passed with the following output:
Change Dir: /home/bml/moretemp/cppbin/build/CMakeFiles/CMakeTmp

Run Build Command:"/usr/bin/gmake" "cmTC_aa18b/fast"
/usr/bin/gmake -f CMakeFiles/cmTC_aa18b.dir/build.make CMakeFiles/cmTC_aa18b.dir/build
gmake[1]: Entering directory '/home/bml/moretemp/cppbin/build/CMakeFiles/CMakeTmp'
Building C object CMakeFiles/cmTC_aa18b.dir/CheckFunctionExists.c.o
/usr/lib/ccache/bin/gcc   -DCHECK_FUNCTION_EXISTS=lzma_auto_decoder   -o CMakeFiles/cmTC_aa18b.dir/CheckFunctionExists.c.o   -c /usr/share/cmake/Modules/CheckFunctionExists.c
Linking C executable cmTC_aa18b
/usr/bin/cmake -E cmake_link_script CMakeFiles/cmTC_aa18b.dir/link.txt --verbose=1
/usr/lib/ccache/bin/gcc  -DCHECK_FUNCTION_EXISTS=lzma_auto_decoder    CMakeFiles/cmTC_aa18b.dir/CheckFunctionExists.c.o  -o cmTC_aa18b -llzma 
gmake[1]: Leaving directory '/home/bml/moretemp/cppbin/build/CMakeFiles/CMakeTmp'


Determining if the function lzma_easy_encoder exists in the /usr/lib/liblzma.so passed with the following output:
Change Dir: /home/bml/moretemp/cppbin/build/CMakeFiles/CMakeTmp

Run Build Command:"/usr/bin/gmake" "cmTC_e043f/fast"
/usr/bin/gmake -f CMakeFiles/cmTC_e043f.dir/build.make CMakeFiles/cmTC_e043f.dir/build
gmake[1]: Entering directory '/home/bml/moretemp/cppbin/build/CMakeFiles/CMakeTmp'
Building C object CMakeFiles/cmTC_e043f.dir/CheckFunctionExists.c.o
/usr/lib/ccache/bin/gcc   -DCHECK_FUNCTION_EXISTS=lzma_easy_encoder   -o CMakeFiles/cmTC_e043f.dir/CheckFunctionExists.c.o   -c /usr/share/cmake/Modules/CheckFunctionExists.c
Linking C executable cmTC_e043f
/usr/bin/cmake -E cmake_link_script CMakeFiles/cmTC_e043f.dir/link.txt --verbose=1
/usr/lib/ccache/bin/gcc  -DCHECK_FUNCTION_EXISTS=lzma_easy_encoder    CMakeFiles/cmTC_e043f.dir/CheckFunctionExists.c.o  -o cmTC_e043f -llzma 
gmake[1]: Leaving directory '/home/bml/moretemp/cppbin/build/CMakeFiles/CMakeTmp'


Determining if the function lzma_lzma_preset exists in the /usr/lib/liblzma.so passed with the following output:
Change Dir: /home/bml/moretemp/cppbin/build/CMakeFiles/CMakeTmp

Run Build Command:"/usr/bin/gmake" "cmTC_68690/fast"
/usr/bin/gmake -f CMakeFiles/cmTC_68690.dir/build.make CMakeFiles/cmTC_68690.dir/build
gmake[1]: Entering directory '/home/bml/moretemp/cppbin/build/CMakeFiles/CMakeTmp'
Building C object CMakeFiles/cmTC_68690.dir/CheckFunctionExists.c.o
/usr/lib/ccache/bin/gcc   -DCHECK_FUNCTION_EXISTS=lzma_lzma_preset   -o CMakeFiles/cmTC_68690.dir/CheckFunctionExists.c.o   -c /usr/share/cmake/Modules/CheckFunctionExists.c
Linking C executable cmTC_68690
/usr/bin/cmake -E cmake_link_script CMakeFiles/cmTC_68690.dir/link.txt --verbose=1
/usr/lib/ccache/bin/gcc  -DCHECK_FUNCTION_EXISTS=lzma_lzma_preset    CMakeFiles/cmTC_68690.dir/CheckFunctionExists.c.o  -o cmTC_68690 -llzma 
gmake[1]: Leaving directory '/home/bml/moretemp/cppbin/build/CMakeFiles/CMakeTmp'


Determining if the asprintf exist passed with the following output:
Change Dir: /home/bml/moretemp/cppbin/build/CMakeFiles/CMakeTmp

Run Build Command:"/usr/bin/gmake" "cmTC_a80e5/fast"
/usr/bin/gmake -f CMakeFiles/cmTC_a80e5.dir/build.make CMakeFiles/cmTC_a80e5.dir/build
gmake[1]: Entering directory '/home/bml/moretemp/cppbin/build/CMakeFiles/CMakeTmp'
Building C object CMakeFiles/cmTC_a80e5.dir/CheckSymbolExists.c.o
/usr/lib/ccache/bin/gcc -DHAVE_CONFIG_H -D_GNU_SOURCE   -o CMakeFiles/cmTC_a80e5.dir/CheckSymbolExists.c.o   -c /home/bml/moretemp/cppbin/build/CMakeFiles/CMakeTmp/CheckSymbolExists.c
Linking C executable cmTC_a80e5
/usr/bin/cmake -E cmake_link_script CMakeFiles/cmTC_a80e5.dir/link.txt --verbose=1
/usr/lib/ccache/bin/gcc      CMakeFiles/cmTC_a80e5.dir/CheckSymbolExists.c.o  -o cmTC_a80e5 
gmake[1]: Leaving directory '/home/bml/moretemp/cppbin/build/CMakeFiles/CMakeTmp'

File /home/bml/moretemp/cppbin/build/CMakeFiles/CMakeTmp/CheckSymbolExists.c:
/* */
#include <stdio.h>

int main(int argc, char** argv)
{
  (void)argv;
#ifndef asprintf
  return ((int*)(&asprintf))[argc];
#else
  (void)argc;
  return 0;
#endif
}

Determining if the strdupa exist passed with the following output:
Change Dir: /home/bml/moretemp/cppbin/build/CMakeFiles/CMakeTmp

Run Build Command:"/usr/bin/gmake" "cmTC_8296a/fast"
/usr/bin/gmake -f CMakeFiles/cmTC_8296a.dir/build.make CMakeFiles/cmTC_8296a.dir/build
gmake[1]: Entering directory '/home/bml/moretemp/cppbin/build/CMakeFiles/CMakeTmp'
Building C object CMakeFiles/cmTC_8296a.dir/CheckSymbolExists.c.o
/usr/lib/ccache/bin/gcc -DHAVE_CONFIG_H -D_GNU_SOURCE   -o CMakeFiles/cmTC_8296a.dir/CheckSymbolExists.c.o   -c /home/bml/moretemp/cppbin/build/CMakeFiles/CMakeTmp/CheckSymbolExists.c
Linking C executable cmTC_8296a
/usr/bin/cmake -E cmake_link_script CMakeFiles/cmTC_8296a.dir/link.txt --verbose=1
/usr/lib/ccache/bin/gcc      CMakeFiles/cmTC_8296a.dir/CheckSymbolExists.c.o  -o cmTC_8296a 
gmake[1]: Leaving directory '/home/bml/moretemp/cppbin/build/CMakeFiles/CMakeTmp'

File /home/bml/moretemp/cppbin/build/CMakeFiles/CMakeTmp/CheckSymbolExists.c:
/* */
#include <string.h>

int main(int argc, char** argv)
{
  (void)argv;
#ifndef strdupa
  return ((int*)(&strdupa))[argc];
#else
  (void)argc;
  return 0;
#endif
}

Determining if the strsep exist passed with the following output:
Change Dir: /home/bml/moretemp/cppbin/build/CMakeFiles/CMakeTmp

Run Build Command:"/usr/bin/gmake" "cmTC_2eacf/fast"
/usr/bin/gmake -f CMakeFiles/cmTC_2eacf.dir/build.make CMakeFiles/cmTC_2eacf.dir/build
gmake[1]: Entering directory '/home/bml/moretemp/cppbin/build/CMakeFiles/CMakeTmp'
Building C object CMakeFiles/cmTC_2eacf.dir/CheckSymbolExists.c.o
/usr/lib/ccache/bin/gcc -DHAVE_CONFIG_H -D_GNU_SOURCE   -o CMakeFiles/cmTC_2eacf.dir/CheckSymbolExists.c.o   -c /home/bml/moretemp/cppbin/build/CMakeFiles/CMakeTmp/CheckSymbolExists.c
Linking C executable cmTC_2eacf
/usr/bin/cmake -E cmake_link_script CMakeFiles/cmTC_2eacf.dir/link.txt --verbose=1
/usr/lib/ccache/bin/gcc      CMakeFiles/cmTC_2eacf.dir/CheckSymbolExists.c.o  -o cmTC_2eacf 
gmake[1]: Leaving directory '/home/bml/moretemp/cppbin/build/CMakeFiles/CMakeTmp'

File /home/bml/moretemp/cppbin/build/CMakeFiles/CMakeTmp/CheckSymbolExists.c:
/* */
#include <string.h>

int main(int argc, char** argv)
{
  (void)argv;
#ifndef strsep
  return ((int*)(&strsep))[argc];
#else
  (void)argc;
  return 0;
#endif
}

Determining if the err exist passed with the following output:
Change Dir: /home/bml/moretemp/cppbin/build/CMakeFiles/CMakeTmp

Run Build Command:"/usr/bin/gmake" "cmTC_06044/fast"
/usr/bin/gmake -f CMakeFiles/cmTC_06044.dir/build.make CMakeFiles/cmTC_06044.dir/build
gmake[1]: Entering directory '/home/bml/moretemp/cppbin/build/CMakeFiles/CMakeTmp'
Building C object CMakeFiles/cmTC_06044.dir/CheckSymbolExists.c.o
/usr/lib/ccache/bin/gcc -DHAVE_CONFIG_H -D_GNU_SOURCE   -o CMakeFiles/cmTC_06044.dir/CheckSymbolExists.c.o   -c /home/bml/moretemp/cppbin/build/CMakeFiles/CMakeTmp/CheckSymbolExists.c
Linking C executable cmTC_06044
/usr/bin/cmake -E cmake_link_script CMakeFiles/cmTC_06044.dir/link.txt --verbose=1
/usr/lib/ccache/bin/gcc      CMakeFiles/cmTC_06044.dir/CheckSymbolExists.c.o  -o cmTC_06044 
gmake[1]: Leaving directory '/home/bml/moretemp/cppbin/build/CMakeFiles/CMakeTmp'

File /home/bml/moretemp/cppbin/build/CMakeFiles/CMakeTmp/CheckSymbolExists.c:
/* */
#include <err.h>

int main(int argc, char** argv)
{
  (void)argv;
#ifndef err
  return ((int*)(&err))[argc];
#else
  (void)argc;
  return 0;
#endif
}

