Determining if the pthread_create exist failed with the following output:
Change Dir: /home/bml/moretemp/C/build/CMakeFiles/CMakeTmp

Run Build Command:"/usr/bin/gmake" "cmTC_5ed2c/fast"
/usr/bin/gmake -f CMakeFiles/cmTC_5ed2c.dir/build.make CMakeFiles/cmTC_5ed2c.dir/build
gmake[1]: Entering directory '/home/bml/moretemp/C/build/CMakeFiles/CMakeTmp'
Building C object CMakeFiles/cmTC_5ed2c.dir/CheckSymbolExists.c.o
/usr/lib/ccache/bin/clang    -o CMakeFiles/cmTC_5ed2c.dir/CheckSymbolExists.c.o   -c /home/bml/moretemp/C/build/CMakeFiles/CMakeTmp/CheckSymbolExists.c
Linking C executable cmTC_5ed2c
/usr/bin/cmake -E cmake_link_script CMakeFiles/cmTC_5ed2c.dir/link.txt --verbose=1
/usr/lib/ccache/bin/clang      CMakeFiles/cmTC_5ed2c.dir/CheckSymbolExists.c.o  -o cmTC_5ed2c 
CMakeFiles/cmTC_5ed2c.dir/CheckSymbolExists.c.o: In function `main':
CheckSymbolExists.c:(.text+0x19): undefined reference to `pthread_create'
clang-7: error: linker command failed with exit code 1 (use -v to see invocation)
gmake[1]: *** [CMakeFiles/cmTC_5ed2c.dir/build.make:87: cmTC_5ed2c] Error 1
gmake[1]: Leaving directory '/home/bml/moretemp/C/build/CMakeFiles/CMakeTmp'
gmake: *** [Makefile:126: cmTC_5ed2c/fast] Error 2

File /home/bml/moretemp/C/build/CMakeFiles/CMakeTmp/CheckSymbolExists.c:
/* */
#include <pthread.h>

int main(int argc, char** argv)
{
  (void)argv;
#ifndef pthread_create
  return ((int*)(&pthread_create))[argc];
#else
  (void)argc;
  return 0;
#endif
}

Determining if the strlcpy exist failed with the following output:
Change Dir: /home/bml/moretemp/C/build/CMakeFiles/CMakeTmp

Run Build Command:"/usr/bin/gmake" "cmTC_e2c82/fast"
/usr/bin/gmake -f CMakeFiles/cmTC_e2c82.dir/build.make CMakeFiles/cmTC_e2c82.dir/build
gmake[1]: Entering directory '/home/bml/moretemp/C/build/CMakeFiles/CMakeTmp'
Building C object CMakeFiles/cmTC_e2c82.dir/CheckSymbolExists.c.o
/usr/lib/ccache/bin/clang -DHAVE_CONFIG_H -D_GNU_SOURCE   -o CMakeFiles/cmTC_e2c82.dir/CheckSymbolExists.c.o   -c /home/bml/moretemp/C/build/CMakeFiles/CMakeTmp/CheckSymbolExists.c
/home/bml/moretemp/C/build/CMakeFiles/CMakeTmp/CheckSymbolExists.c:8:19: warning: implicitly declaring library function 'strlcpy' with type 'unsigned long (char *, const char *, unsigned long)' [-Wimplicit-function-declaration]
  return ((int*)(&strlcpy))[argc];
                  ^
/home/bml/moretemp/C/build/CMakeFiles/CMakeTmp/CheckSymbolExists.c:8:19: note: include the header <string.h> or explicitly provide a declaration for 'strlcpy'
1 warning generated.
Linking C executable cmTC_e2c82
/usr/bin/cmake -E cmake_link_script CMakeFiles/cmTC_e2c82.dir/link.txt --verbose=1
/usr/lib/ccache/bin/clang      CMakeFiles/cmTC_e2c82.dir/CheckSymbolExists.c.o  -o cmTC_e2c82 
CMakeFiles/cmTC_e2c82.dir/CheckSymbolExists.c.o: In function `main':
CheckSymbolExists.c:(.text+0x19): undefined reference to `strlcpy'
clang-7: error: linker command failed with exit code 1 (use -v to see invocation)
gmake[1]: *** [CMakeFiles/cmTC_e2c82.dir/build.make:87: cmTC_e2c82] Error 1
gmake[1]: Leaving directory '/home/bml/moretemp/C/build/CMakeFiles/CMakeTmp'
gmake: *** [Makefile:126: cmTC_e2c82/fast] Error 2

File /home/bml/moretemp/C/build/CMakeFiles/CMakeTmp/CheckSymbolExists.c:
/* */
#include <string.h>

int main(int argc, char** argv)
{
  (void)argv;
#ifndef strlcpy
  return ((int*)(&strlcpy))[argc];
#else
  (void)argc;
  return 0;
#endif
}

