The system is: Linux - 4.16.2-gentoo - x86_64
Compiling the C compiler identification source file "CMakeCCompilerId.c" succeeded.
Compiler: /usr/lib/ccache/bin/clang 
Build flags: 
Id flags:  

The output was:
0


Compilation of the C compiler identification source "CMakeCCompilerId.c" produced "a.out"

The C compiler identification is Clang, found in "/home/bml/random/moretemp/C/build/CMakeFiles/3.11.0/CompilerIdC/a.out"

Determining if the C compiler works passed with the following output:
Change Dir: /home/bml/random/moretemp/C/build/CMakeFiles/CMakeTmp

Run Build Command:"/usr/bin/gmake" "cmTC_fc318/fast"
/usr/bin/gmake -f CMakeFiles/cmTC_fc318.dir/build.make CMakeFiles/cmTC_fc318.dir/build
gmake[1]: Entering directory '/home/bml/random/moretemp/C/build/CMakeFiles/CMakeTmp'
Building C object CMakeFiles/cmTC_fc318.dir/testCCompiler.c.o
/usr/lib/ccache/bin/clang    -o CMakeFiles/cmTC_fc318.dir/testCCompiler.c.o   -c /home/bml/random/moretemp/C/build/CMakeFiles/CMakeTmp/testCCompiler.c
Linking C executable cmTC_fc318
/usr/bin/cmake -E cmake_link_script CMakeFiles/cmTC_fc318.dir/link.txt --verbose=1
/usr/lib/ccache/bin/clang      CMakeFiles/cmTC_fc318.dir/testCCompiler.c.o  -o cmTC_fc318 
gmake[1]: Leaving directory '/home/bml/random/moretemp/C/build/CMakeFiles/CMakeTmp'


Detecting C compiler ABI info compiled with the following output:
Change Dir: /home/bml/random/moretemp/C/build/CMakeFiles/CMakeTmp

Run Build Command:"/usr/bin/gmake" "cmTC_8fdb2/fast"
/usr/bin/gmake -f CMakeFiles/cmTC_8fdb2.dir/build.make CMakeFiles/cmTC_8fdb2.dir/build
gmake[1]: Entering directory '/home/bml/random/moretemp/C/build/CMakeFiles/CMakeTmp'
Building C object CMakeFiles/cmTC_8fdb2.dir/CMakeCCompilerABI.c.o
/usr/lib/ccache/bin/clang    -o CMakeFiles/cmTC_8fdb2.dir/CMakeCCompilerABI.c.o   -c /usr/share/cmake/Modules/CMakeCCompilerABI.c
Linking C executable cmTC_8fdb2
/usr/bin/cmake -E cmake_link_script CMakeFiles/cmTC_8fdb2.dir/link.txt --verbose=1
/usr/lib/ccache/bin/clang     -v CMakeFiles/cmTC_8fdb2.dir/CMakeCCompilerABI.c.o  -o cmTC_8fdb2 
clang version 7.0.0 
Target: x86_64-pc-linux-gnu
Thread model: posix
InstalledDir: /opt/clang-bin
Selected GCC installation: /usr/lib/gcc/x86_64-pc-linux-gnu/9999
Candidate multilib: .;@m64
Candidate multilib: 32;@m32
Selected multilib: .;@m64
 "/usr/lib/gcc/x86_64-pc-linux-gnu/9999/../../../../x86_64-pc-linux-gnu/bin/ld" --eh-frame-hdr -m elf_x86_64 -dynamic-linker /lib64/ld-linux-x86-64.so.2 -o cmTC_8fdb2 /usr/lib/gcc/x86_64-pc-linux-gnu/9999/../../../../lib64/crt1.o /usr/lib/gcc/x86_64-pc-linux-gnu/9999/../../../../lib64/crti.o /usr/lib/gcc/x86_64-pc-linux-gnu/9999/crtbegin.o -L/usr/lib/gcc/x86_64-pc-linux-gnu/9999 -L/usr/lib/gcc/x86_64-pc-linux-gnu/9999/../../../../lib64 -L/usr/lib64/llvm/7/bin/../lib64 -L/lib/../lib64 -L/usr/lib/../lib64 -L/usr/lib/gcc/x86_64-pc-linux-gnu/9999/../../../../x86_64-pc-linux-gnu/lib -L/usr/lib/gcc/x86_64-pc-linux-gnu/9999/../../.. -L/lib -L/usr/lib CMakeFiles/cmTC_8fdb2.dir/CMakeCCompilerABI.c.o -lgcc --as-needed -lgcc_s --no-as-needed -lc -lgcc --as-needed -lgcc_s --no-as-needed /usr/lib/gcc/x86_64-pc-linux-gnu/9999/crtend.o /usr/lib/gcc/x86_64-pc-linux-gnu/9999/../../../../lib64/crtn.o
gmake[1]: Leaving directory '/home/bml/random/moretemp/C/build/CMakeFiles/CMakeTmp'


Parsed C implicit link information from above output:
  link line regex: [^( *|.*[/\])(ld|CMAKE_LINK_STARTFILE-NOTFOUND|([^/\]+-)?ld|collect2)[^/\]*( |$)]
  ignore line: [Change Dir: /home/bml/random/moretemp/C/build/CMakeFiles/CMakeTmp]
  ignore line: []
  ignore line: [Run Build Command:"/usr/bin/gmake" "cmTC_8fdb2/fast"]
  ignore line: [/usr/bin/gmake -f CMakeFiles/cmTC_8fdb2.dir/build.make CMakeFiles/cmTC_8fdb2.dir/build]
  ignore line: [gmake[1]: Entering directory '/home/bml/random/moretemp/C/build/CMakeFiles/CMakeTmp']
  ignore line: [Building C object CMakeFiles/cmTC_8fdb2.dir/CMakeCCompilerABI.c.o]
  ignore line: [/usr/lib/ccache/bin/clang    -o CMakeFiles/cmTC_8fdb2.dir/CMakeCCompilerABI.c.o   -c /usr/share/cmake/Modules/CMakeCCompilerABI.c]
  ignore line: [Linking C executable cmTC_8fdb2]
  ignore line: [/usr/bin/cmake -E cmake_link_script CMakeFiles/cmTC_8fdb2.dir/link.txt --verbose=1]
  ignore line: [/usr/lib/ccache/bin/clang     -v CMakeFiles/cmTC_8fdb2.dir/CMakeCCompilerABI.c.o  -o cmTC_8fdb2 ]
  ignore line: [clang version 7.0.0 ]
  ignore line: [Target: x86_64-pc-linux-gnu]
  ignore line: [Thread model: posix]
  ignore line: [InstalledDir: /opt/clang-bin]
  ignore line: [Selected GCC installation: /usr/lib/gcc/x86_64-pc-linux-gnu/9999]
  ignore line: [Candidate multilib: .]
  ignore line: [@m64]
  ignore line: [Candidate multilib: 32]
  ignore line: [@m32]
  ignore line: [Selected multilib: .]
  ignore line: [@m64]
  link line: [ "/usr/lib/gcc/x86_64-pc-linux-gnu/9999/../../../../x86_64-pc-linux-gnu/bin/ld" --eh-frame-hdr -m elf_x86_64 -dynamic-linker /lib64/ld-linux-x86-64.so.2 -o cmTC_8fdb2 /usr/lib/gcc/x86_64-pc-linux-gnu/9999/../../../../lib64/crt1.o /usr/lib/gcc/x86_64-pc-linux-gnu/9999/../../../../lib64/crti.o /usr/lib/gcc/x86_64-pc-linux-gnu/9999/crtbegin.o -L/usr/lib/gcc/x86_64-pc-linux-gnu/9999 -L/usr/lib/gcc/x86_64-pc-linux-gnu/9999/../../../../lib64 -L/usr/lib64/llvm/7/bin/../lib64 -L/lib/../lib64 -L/usr/lib/../lib64 -L/usr/lib/gcc/x86_64-pc-linux-gnu/9999/../../../../x86_64-pc-linux-gnu/lib -L/usr/lib/gcc/x86_64-pc-linux-gnu/9999/../../.. -L/lib -L/usr/lib CMakeFiles/cmTC_8fdb2.dir/CMakeCCompilerABI.c.o -lgcc --as-needed -lgcc_s --no-as-needed -lc -lgcc --as-needed -lgcc_s --no-as-needed /usr/lib/gcc/x86_64-pc-linux-gnu/9999/crtend.o /usr/lib/gcc/x86_64-pc-linux-gnu/9999/../../../../lib64/crtn.o]
    arg [/usr/lib/gcc/x86_64-pc-linux-gnu/9999/../../../../x86_64-pc-linux-gnu/bin/ld] ==> ignore
    arg [--eh-frame-hdr] ==> ignore
    arg [-m] ==> ignore
    arg [elf_x86_64] ==> ignore
    arg [-dynamic-linker] ==> ignore
    arg [/lib64/ld-linux-x86-64.so.2] ==> ignore
    arg [-o] ==> ignore
    arg [cmTC_8fdb2] ==> ignore
    arg [/usr/lib/gcc/x86_64-pc-linux-gnu/9999/../../../../lib64/crt1.o] ==> ignore
    arg [/usr/lib/gcc/x86_64-pc-linux-gnu/9999/../../../../lib64/crti.o] ==> ignore
    arg [/usr/lib/gcc/x86_64-pc-linux-gnu/9999/crtbegin.o] ==> ignore
    arg [-L/usr/lib/gcc/x86_64-pc-linux-gnu/9999] ==> dir [/usr/lib/gcc/x86_64-pc-linux-gnu/9999]
    arg [-L/usr/lib/gcc/x86_64-pc-linux-gnu/9999/../../../../lib64] ==> dir [/usr/lib/gcc/x86_64-pc-linux-gnu/9999/../../../../lib64]
    arg [-L/usr/lib64/llvm/7/bin/../lib64] ==> dir [/usr/lib64/llvm/7/bin/../lib64]
    arg [-L/lib/../lib64] ==> dir [/lib/../lib64]
    arg [-L/usr/lib/../lib64] ==> dir [/usr/lib/../lib64]
    arg [-L/usr/lib/gcc/x86_64-pc-linux-gnu/9999/../../../../x86_64-pc-linux-gnu/lib] ==> dir [/usr/lib/gcc/x86_64-pc-linux-gnu/9999/../../../../x86_64-pc-linux-gnu/lib]
    arg [-L/usr/lib/gcc/x86_64-pc-linux-gnu/9999/../../..] ==> dir [/usr/lib/gcc/x86_64-pc-linux-gnu/9999/../../..]
    arg [-L/lib] ==> dir [/lib]
    arg [-L/usr/lib] ==> dir [/usr/lib]
    arg [CMakeFiles/cmTC_8fdb2.dir/CMakeCCompilerABI.c.o] ==> ignore
    arg [-lgcc] ==> lib [gcc]
    arg [--as-needed] ==> ignore
    arg [-lgcc_s] ==> lib [gcc_s]
    arg [--no-as-needed] ==> ignore
    arg [-lc] ==> lib [c]
    arg [-lgcc] ==> lib [gcc]
    arg [--as-needed] ==> ignore
    arg [-lgcc_s] ==> lib [gcc_s]
    arg [--no-as-needed] ==> ignore
    arg [/usr/lib/gcc/x86_64-pc-linux-gnu/9999/crtend.o] ==> ignore
    arg [/usr/lib/gcc/x86_64-pc-linux-gnu/9999/../../../../lib64/crtn.o] ==> ignore
  collapse library dir [/usr/lib/gcc/x86_64-pc-linux-gnu/9999] ==> [/usr/lib/gcc/x86_64-pc-linux-gnu/9999]
  collapse library dir [/usr/lib/gcc/x86_64-pc-linux-gnu/9999/../../../../lib64] ==> [/usr/lib64]
  collapse library dir [/usr/lib64/llvm/7/bin/../lib64] ==> [/usr/lib64/llvm/7/lib64]
  collapse library dir [/lib/../lib64] ==> [/lib64]
  collapse library dir [/usr/lib/../lib64] ==> [/usr/lib64]
  collapse library dir [/usr/lib/gcc/x86_64-pc-linux-gnu/9999/../../../../x86_64-pc-linux-gnu/lib] ==> [/usr/x86_64-pc-linux-gnu/lib]
  collapse library dir [/usr/lib/gcc/x86_64-pc-linux-gnu/9999/../../..] ==> [/usr/lib]
  collapse library dir [/lib] ==> [/lib]
  collapse library dir [/usr/lib] ==> [/usr/lib]
  implicit libs: [gcc;gcc_s;c;gcc;gcc_s]
  implicit dirs: [/usr/lib/gcc/x86_64-pc-linux-gnu/9999;/usr/lib64;/usr/lib64/llvm/7/lib64;/lib64;/usr/x86_64-pc-linux-gnu/lib;/usr/lib;/lib]
  implicit fwks: []




Detecting C [-std=c11] compiler features compiled with the following output:
Change Dir: /home/bml/random/moretemp/C/build/CMakeFiles/CMakeTmp

Run Build Command:"/usr/bin/gmake" "cmTC_cc256/fast"
/usr/bin/gmake -f CMakeFiles/cmTC_cc256.dir/build.make CMakeFiles/cmTC_cc256.dir/build
gmake[1]: Entering directory '/home/bml/random/moretemp/C/build/CMakeFiles/CMakeTmp'
Building C object CMakeFiles/cmTC_cc256.dir/feature_tests.c.o
/usr/lib/ccache/bin/clang   -std=c11 -o CMakeFiles/cmTC_cc256.dir/feature_tests.c.o   -c /home/bml/random/moretemp/C/build/CMakeFiles/feature_tests.c
Linking C executable cmTC_cc256
/usr/bin/cmake -E cmake_link_script CMakeFiles/cmTC_cc256.dir/link.txt --verbose=1
/usr/lib/ccache/bin/clang      CMakeFiles/cmTC_cc256.dir/feature_tests.c.o  -o cmTC_cc256 
gmake[1]: Leaving directory '/home/bml/random/moretemp/C/build/CMakeFiles/CMakeTmp'


    Feature record: C_FEATURE:1c_function_prototypes
    Feature record: C_FEATURE:1c_restrict
    Feature record: C_FEATURE:1c_static_assert
    Feature record: C_FEATURE:1c_variadic_macros


Detecting C [-std=c99] compiler features compiled with the following output:
Change Dir: /home/bml/random/moretemp/C/build/CMakeFiles/CMakeTmp

Run Build Command:"/usr/bin/gmake" "cmTC_9f6f1/fast"
/usr/bin/gmake -f CMakeFiles/cmTC_9f6f1.dir/build.make CMakeFiles/cmTC_9f6f1.dir/build
gmake[1]: Entering directory '/home/bml/random/moretemp/C/build/CMakeFiles/CMakeTmp'
Building C object CMakeFiles/cmTC_9f6f1.dir/feature_tests.c.o
/usr/lib/ccache/bin/clang   -std=c99 -o CMakeFiles/cmTC_9f6f1.dir/feature_tests.c.o   -c /home/bml/random/moretemp/C/build/CMakeFiles/feature_tests.c
Linking C executable cmTC_9f6f1
/usr/bin/cmake -E cmake_link_script CMakeFiles/cmTC_9f6f1.dir/link.txt --verbose=1
/usr/lib/ccache/bin/clang      CMakeFiles/cmTC_9f6f1.dir/feature_tests.c.o  -o cmTC_9f6f1 
gmake[1]: Leaving directory '/home/bml/random/moretemp/C/build/CMakeFiles/CMakeTmp'


    Feature record: C_FEATURE:1c_function_prototypes
    Feature record: C_FEATURE:1c_restrict
    Feature record: C_FEATURE:0c_static_assert
    Feature record: C_FEATURE:1c_variadic_macros


Detecting C [-std=c90] compiler features compiled with the following output:
Change Dir: /home/bml/random/moretemp/C/build/CMakeFiles/CMakeTmp

Run Build Command:"/usr/bin/gmake" "cmTC_236ea/fast"
/usr/bin/gmake -f CMakeFiles/cmTC_236ea.dir/build.make CMakeFiles/cmTC_236ea.dir/build
gmake[1]: Entering directory '/home/bml/random/moretemp/C/build/CMakeFiles/CMakeTmp'
Building C object CMakeFiles/cmTC_236ea.dir/feature_tests.c.o
/usr/lib/ccache/bin/clang   -std=c90 -o CMakeFiles/cmTC_236ea.dir/feature_tests.c.o   -c /home/bml/random/moretemp/C/build/CMakeFiles/feature_tests.c
Linking C executable cmTC_236ea
/usr/bin/cmake -E cmake_link_script CMakeFiles/cmTC_236ea.dir/link.txt --verbose=1
/usr/lib/ccache/bin/clang      CMakeFiles/cmTC_236ea.dir/feature_tests.c.o  -o cmTC_236ea 
gmake[1]: Leaving directory '/home/bml/random/moretemp/C/build/CMakeFiles/CMakeTmp'


    Feature record: C_FEATURE:1c_function_prototypes
    Feature record: C_FEATURE:0c_restrict
    Feature record: C_FEATURE:0c_static_assert
    Feature record: C_FEATURE:0c_variadic_macros
Determining if the include file pthread.h exists passed with the following output:
Change Dir: /home/bml/random/moretemp/C/build/CMakeFiles/CMakeTmp

Run Build Command:"/usr/bin/gmake" "cmTC_90cbe/fast"
/usr/bin/gmake -f CMakeFiles/cmTC_90cbe.dir/build.make CMakeFiles/cmTC_90cbe.dir/build
gmake[1]: Entering directory '/home/bml/random/moretemp/C/build/CMakeFiles/CMakeTmp'
Building C object CMakeFiles/cmTC_90cbe.dir/CheckIncludeFile.c.o
/usr/lib/ccache/bin/clang    -o CMakeFiles/cmTC_90cbe.dir/CheckIncludeFile.c.o   -c /home/bml/random/moretemp/C/build/CMakeFiles/CMakeTmp/CheckIncludeFile.c
Linking C executable cmTC_90cbe
/usr/bin/cmake -E cmake_link_script CMakeFiles/cmTC_90cbe.dir/link.txt --verbose=1
/usr/lib/ccache/bin/clang      CMakeFiles/cmTC_90cbe.dir/CheckIncludeFile.c.o  -o cmTC_90cbe 
gmake[1]: Leaving directory '/home/bml/random/moretemp/C/build/CMakeFiles/CMakeTmp'


Determining if the function lzma_auto_decoder exists in the /usr/lib/liblzma.so passed with the following output:
Change Dir: /home/bml/random/moretemp/C/build/CMakeFiles/CMakeTmp

Run Build Command:"/usr/bin/gmake" "cmTC_1bf6c/fast"
/usr/bin/gmake -f CMakeFiles/cmTC_1bf6c.dir/build.make CMakeFiles/cmTC_1bf6c.dir/build
gmake[1]: Entering directory '/home/bml/random/moretemp/C/build/CMakeFiles/CMakeTmp'
Building C object CMakeFiles/cmTC_1bf6c.dir/CheckFunctionExists.c.o
/usr/lib/ccache/bin/clang   -DCHECK_FUNCTION_EXISTS=lzma_auto_decoder   -o CMakeFiles/cmTC_1bf6c.dir/CheckFunctionExists.c.o   -c /usr/share/cmake/Modules/CheckFunctionExists.c
Linking C executable cmTC_1bf6c
/usr/bin/cmake -E cmake_link_script CMakeFiles/cmTC_1bf6c.dir/link.txt --verbose=1
/usr/lib/ccache/bin/clang  -DCHECK_FUNCTION_EXISTS=lzma_auto_decoder    CMakeFiles/cmTC_1bf6c.dir/CheckFunctionExists.c.o  -o cmTC_1bf6c -llzma 
gmake[1]: Leaving directory '/home/bml/random/moretemp/C/build/CMakeFiles/CMakeTmp'


Determining if the function lzma_easy_encoder exists in the /usr/lib/liblzma.so passed with the following output:
Change Dir: /home/bml/random/moretemp/C/build/CMakeFiles/CMakeTmp

Run Build Command:"/usr/bin/gmake" "cmTC_b1381/fast"
/usr/bin/gmake -f CMakeFiles/cmTC_b1381.dir/build.make CMakeFiles/cmTC_b1381.dir/build
gmake[1]: Entering directory '/home/bml/random/moretemp/C/build/CMakeFiles/CMakeTmp'
Building C object CMakeFiles/cmTC_b1381.dir/CheckFunctionExists.c.o
/usr/lib/ccache/bin/clang   -DCHECK_FUNCTION_EXISTS=lzma_easy_encoder   -o CMakeFiles/cmTC_b1381.dir/CheckFunctionExists.c.o   -c /usr/share/cmake/Modules/CheckFunctionExists.c
Linking C executable cmTC_b1381
/usr/bin/cmake -E cmake_link_script CMakeFiles/cmTC_b1381.dir/link.txt --verbose=1
/usr/lib/ccache/bin/clang  -DCHECK_FUNCTION_EXISTS=lzma_easy_encoder    CMakeFiles/cmTC_b1381.dir/CheckFunctionExists.c.o  -o cmTC_b1381 -llzma 
gmake[1]: Leaving directory '/home/bml/random/moretemp/C/build/CMakeFiles/CMakeTmp'


Determining if the function lzma_lzma_preset exists in the /usr/lib/liblzma.so passed with the following output:
Change Dir: /home/bml/random/moretemp/C/build/CMakeFiles/CMakeTmp

Run Build Command:"/usr/bin/gmake" "cmTC_cc901/fast"
/usr/bin/gmake -f CMakeFiles/cmTC_cc901.dir/build.make CMakeFiles/cmTC_cc901.dir/build
gmake[1]: Entering directory '/home/bml/random/moretemp/C/build/CMakeFiles/CMakeTmp'
Building C object CMakeFiles/cmTC_cc901.dir/CheckFunctionExists.c.o
/usr/lib/ccache/bin/clang   -DCHECK_FUNCTION_EXISTS=lzma_lzma_preset   -o CMakeFiles/cmTC_cc901.dir/CheckFunctionExists.c.o   -c /usr/share/cmake/Modules/CheckFunctionExists.c
Linking C executable cmTC_cc901
/usr/bin/cmake -E cmake_link_script CMakeFiles/cmTC_cc901.dir/link.txt --verbose=1
/usr/lib/ccache/bin/clang  -DCHECK_FUNCTION_EXISTS=lzma_lzma_preset    CMakeFiles/cmTC_cc901.dir/CheckFunctionExists.c.o  -o cmTC_cc901 -llzma 
gmake[1]: Leaving directory '/home/bml/random/moretemp/C/build/CMakeFiles/CMakeTmp'


Determining if the asprintf exist passed with the following output:
Change Dir: /home/bml/random/moretemp/C/build/CMakeFiles/CMakeTmp

Run Build Command:"/usr/bin/gmake" "cmTC_63d12/fast"
/usr/bin/gmake -f CMakeFiles/cmTC_63d12.dir/build.make CMakeFiles/cmTC_63d12.dir/build
gmake[1]: Entering directory '/home/bml/random/moretemp/C/build/CMakeFiles/CMakeTmp'
Building C object CMakeFiles/cmTC_63d12.dir/CheckSymbolExists.c.o
/usr/lib/ccache/bin/clang -DHAVE_CONFIG_H -D_GNU_SOURCE   -o CMakeFiles/cmTC_63d12.dir/CheckSymbolExists.c.o   -c /home/bml/random/moretemp/C/build/CMakeFiles/CMakeTmp/CheckSymbolExists.c
Linking C executable cmTC_63d12
/usr/bin/cmake -E cmake_link_script CMakeFiles/cmTC_63d12.dir/link.txt --verbose=1
/usr/lib/ccache/bin/clang      CMakeFiles/cmTC_63d12.dir/CheckSymbolExists.c.o  -o cmTC_63d12 
gmake[1]: Leaving directory '/home/bml/random/moretemp/C/build/CMakeFiles/CMakeTmp'

File /home/bml/random/moretemp/C/build/CMakeFiles/CMakeTmp/CheckSymbolExists.c:
/* */
#include <stdio.h>

int main(int argc, char** argv)
{
  (void)argv;
#ifndef asprintf
  return ((int*)(&asprintf))[argc];
#else
  (void)argc;
  return 0;
#endif
}

Determining if the strdupa exist passed with the following output:
Change Dir: /home/bml/random/moretemp/C/build/CMakeFiles/CMakeTmp

Run Build Command:"/usr/bin/gmake" "cmTC_3e883/fast"
/usr/bin/gmake -f CMakeFiles/cmTC_3e883.dir/build.make CMakeFiles/cmTC_3e883.dir/build
gmake[1]: Entering directory '/home/bml/random/moretemp/C/build/CMakeFiles/CMakeTmp'
Building C object CMakeFiles/cmTC_3e883.dir/CheckSymbolExists.c.o
/usr/lib/ccache/bin/clang -DHAVE_CONFIG_H -D_GNU_SOURCE   -o CMakeFiles/cmTC_3e883.dir/CheckSymbolExists.c.o   -c /home/bml/random/moretemp/C/build/CMakeFiles/CMakeTmp/CheckSymbolExists.c
Linking C executable cmTC_3e883
/usr/bin/cmake -E cmake_link_script CMakeFiles/cmTC_3e883.dir/link.txt --verbose=1
/usr/lib/ccache/bin/clang      CMakeFiles/cmTC_3e883.dir/CheckSymbolExists.c.o  -o cmTC_3e883 
gmake[1]: Leaving directory '/home/bml/random/moretemp/C/build/CMakeFiles/CMakeTmp'

File /home/bml/random/moretemp/C/build/CMakeFiles/CMakeTmp/CheckSymbolExists.c:
/* */
#include <string.h>

int main(int argc, char** argv)
{
  (void)argv;
#ifndef strdupa
  return ((int*)(&strdupa))[argc];
#else
  (void)argc;
  return 0;
#endif
}

Determining if the strsep exist passed with the following output:
Change Dir: /home/bml/random/moretemp/C/build/CMakeFiles/CMakeTmp

Run Build Command:"/usr/bin/gmake" "cmTC_7b0eb/fast"
/usr/bin/gmake -f CMakeFiles/cmTC_7b0eb.dir/build.make CMakeFiles/cmTC_7b0eb.dir/build
gmake[1]: Entering directory '/home/bml/random/moretemp/C/build/CMakeFiles/CMakeTmp'
Building C object CMakeFiles/cmTC_7b0eb.dir/CheckSymbolExists.c.o
/usr/lib/ccache/bin/clang -DHAVE_CONFIG_H -D_GNU_SOURCE   -o CMakeFiles/cmTC_7b0eb.dir/CheckSymbolExists.c.o   -c /home/bml/random/moretemp/C/build/CMakeFiles/CMakeTmp/CheckSymbolExists.c
Linking C executable cmTC_7b0eb
/usr/bin/cmake -E cmake_link_script CMakeFiles/cmTC_7b0eb.dir/link.txt --verbose=1
/usr/lib/ccache/bin/clang      CMakeFiles/cmTC_7b0eb.dir/CheckSymbolExists.c.o  -o cmTC_7b0eb 
gmake[1]: Leaving directory '/home/bml/random/moretemp/C/build/CMakeFiles/CMakeTmp'

File /home/bml/random/moretemp/C/build/CMakeFiles/CMakeTmp/CheckSymbolExists.c:
/* */
#include <string.h>

int main(int argc, char** argv)
{
  (void)argv;
#ifndef strsep
  return ((int*)(&strsep))[argc];
#else
  (void)argc;
  return 0;
#endif
}

Determining if the err exist passed with the following output:
Change Dir: /home/bml/random/moretemp/C/build/CMakeFiles/CMakeTmp

Run Build Command:"/usr/bin/gmake" "cmTC_e633d/fast"
/usr/bin/gmake -f CMakeFiles/cmTC_e633d.dir/build.make CMakeFiles/cmTC_e633d.dir/build
gmake[1]: Entering directory '/home/bml/random/moretemp/C/build/CMakeFiles/CMakeTmp'
Building C object CMakeFiles/cmTC_e633d.dir/CheckSymbolExists.c.o
/usr/lib/ccache/bin/clang -DHAVE_CONFIG_H -D_GNU_SOURCE   -o CMakeFiles/cmTC_e633d.dir/CheckSymbolExists.c.o   -c /home/bml/random/moretemp/C/build/CMakeFiles/CMakeTmp/CheckSymbolExists.c
Linking C executable cmTC_e633d
/usr/bin/cmake -E cmake_link_script CMakeFiles/cmTC_e633d.dir/link.txt --verbose=1
/usr/lib/ccache/bin/clang      CMakeFiles/cmTC_e633d.dir/CheckSymbolExists.c.o  -o cmTC_e633d 
gmake[1]: Leaving directory '/home/bml/random/moretemp/C/build/CMakeFiles/CMakeTmp'

File /home/bml/random/moretemp/C/build/CMakeFiles/CMakeTmp/CheckSymbolExists.c:
/* */
#include <err.h>

int main(int argc, char** argv)
{
  (void)argv;
#ifndef err
  return ((int*)(&err))[argc];
#else
  (void)argc;
  return 0;
#endif
}

