This file contains any messages produced by compilers while
running configure, to aid debugging if configure makes a mistake.

It was created by mergesort configure 0.1.0, which was
generated by GNU Autoconf 2.69.  Invocation command line was

  $ ../configure 

## --------- ##
## Platform. ##
## --------- ##

hostname = BL-PC-Gentoo
uname -m = x86_64
uname -r = 4.15.11-gentoo
uname -s = Linux
uname -v = #1 SMP Mon Mar 19 23:37:07 MDT 2018

/usr/bin/uname -p = Intel(R) Core(TM) i7-6800K CPU @ 3.40GHz
/bin/uname -X     = unknown

/bin/arch              = unknown
/usr/bin/arch -k       = unknown
/usr/convex/getsysinfo = unknown
/usr/bin/hostinfo      = unknown
/bin/machine           = unknown
/usr/bin/oslevel       = unknown
/bin/universe          = unknown

PATH: /home/bml/.zplug/bin
PATH: /home/bml/.local/bin
PATH: /opt/bin
PATH: /usr/mnt/bin
PATH: /usr/share/perl6/site/bin
PATH: /usr/lib/ccache/bin
PATH: /usr/local/sbin
PATH: /usr/local/bin
PATH: /usr/x86_64-pc-linux-gnu/bin
PATH: /opt/clang-bin
PATH: /usr/sbin
PATH: /usr/bin
PATH: /sbin
PATH: /opt/go/bin
PATH: /bin


## ----------- ##
## Core tests. ##
## ----------- ##

configure:2335: checking for a BSD-compatible install
configure:2403: result: /usr/bin/install -c
configure:2414: checking whether build environment is sane
configure:2469: result: yes
configure:2620: checking for a thread-safe mkdir -p
configure:2659: result: /bin/mkdir -p
configure:2666: checking for gawk
configure:2682: found /usr/bin/gawk
configure:2693: result: gawk
configure:2704: checking whether make sets $(MAKE)
configure:2726: result: yes
configure:2755: checking whether make supports nested variables
configure:2772: result: yes
configure:2912: checking build system type
configure:2926: result: x86_64-pc-linux-gnu
configure:2946: checking host system type
configure:2959: result: x86_64-pc-linux-gnu
configure:3023: checking for ranlib
configure:3039: found /usr/x86_64-pc-linux-gnu/bin/ranlib
configure:3050: result: ranlib
configure:3121: checking for gcc
configure:3148: result: /usr/bin/gcc
configure:3377: checking for C compiler version
configure:3386: /usr/bin/gcc --version >&5
gcc (Gentoo 7.3.0-r1 p1.1) 7.3.0
Copyright (C) 2017 Free Software Foundation, Inc.
This is free software; see the source for copying conditions.  There is NO
warranty; not even for MERCHANTABILITY or FITNESS FOR A PARTICULAR PURPOSE.

configure:3397: $? = 0
configure:3386: /usr/bin/gcc -v >&5
Using built-in specs.
COLLECT_GCC=/usr/x86_64-pc-linux-gnu/gcc-bin/7.3.0/gcc
COLLECT_LTO_WRAPPER=/usr/libexec/gcc/x86_64-pc-linux-gnu/7.3.0/lto-wrapper
Target: x86_64-pc-linux-gnu
Configured with: /var/tmp/portage/sys-devel/gcc-7.3.0-r1/work/gcc-7.3.0/configure --host=x86_64-pc-linux-gnu --build=x86_64-pc-linux-gnu --prefix=/usr --bindir=/usr/x86_64-pc-linux-gnu/gcc-bin/7.3.0 --includedir=/usr/lib/gcc/x86_64-pc-linux-gnu/7.3.0/include --datadir=/usr/share/gcc-data/x86_64-pc-linux-gnu/7.3.0 --mandir=/usr/share/gcc-data/x86_64-pc-linux-gnu/7.3.0/man --infodir=/usr/share/gcc-data/x86_64-pc-linux-gnu/7.3.0/info --with-gxx-include-dir=/usr/lib/gcc/x86_64-pc-linux-gnu/7.3.0/include/g++-v7 --with-python-dir=/share/gcc-data/x86_64-pc-linux-gnu/7.3.0/python --enable-objc-gc --enable-languages=c,c++,go,objc,obj-c++,fortran --enable-obsolete --enable-secureplt --disable-werror --with-system-zlib --enable-nls --without-included-gettext --enable-checking=release --with-bugurl=https://bugs.gentoo.org/ --with-pkgversion='Gentoo 7.3.0-r1 p1.1' --disable-esp --enable-libstdcxx-time --enable-shared --enable-threads=posix --enable-__cxa_atexit --enable-clocale=gnu --enable-multilib --with-multilib-list=m32,m64 --disable-altivec --disable-fixed-point --enable-targets=all --disable-libgcj --enable-libgomp --disable-libmudflap --disable-libssp --enable-libcilkrts --enable-libmpx --enable-vtable-verify --enable-libvtv --enable-lto --with-isl --disable-isl-version-check --enable-libsanitizer --enable-default-pie --enable-default-ssp
Thread model: posix
gcc version 7.3.0 (Gentoo 7.3.0-r1 p1.1) 
configure:3397: $? = 0
configure:3386: /usr/bin/gcc -V >&5
gcc: error: unrecognized command line option '-V'
gcc: fatal error: no input files
compilation terminated.
configure:3397: $? = 1
configure:3386: /usr/bin/gcc -qversion >&5
gcc: error: unrecognized command line option '-qversion'; did you mean '--version'?
gcc: fatal error: no input files
compilation terminated.
configure:3397: $? = 1
configure:3417: checking whether the C compiler works
configure:3439: /usr/bin/gcc -march=native -fdiagnostics-color=always -pipe -Ofast -Wall -Wextra -Wpedantic   conftest.c  >&5
configure:3443: $? = 0
configure:3491: result: yes
configure:3494: checking for C compiler default output file name
configure:3496: result: a.out
configure:3502: checking for suffix of executables
configure:3509: /usr/bin/gcc -o conftest -march=native -fdiagnostics-color=always -pipe -Ofast -Wall -Wextra -Wpedantic   conftest.c  >&5
configure:3513: $? = 0
configure:3535: result: 
configure:3557: checking whether we are cross compiling
configure:3565: /usr/bin/gcc -o conftest -march=native -fdiagnostics-color=always -pipe -Ofast -Wall -Wextra -Wpedantic   conftest.c  >&5
configure:3569: $? = 0
configure:3576: ./conftest
configure:3580: $? = 0
configure:3595: result: no
configure:3600: checking for suffix of object files
configure:3622: /usr/bin/gcc -c -march=native -fdiagnostics-color=always -pipe -Ofast -Wall -Wextra -Wpedantic  conftest.c >&5
configure:3626: $? = 0
configure:3647: result: o
configure:3651: checking whether we are using the GNU C compiler
configure:3670: /usr/bin/gcc -c -march=native -fdiagnostics-color=always -pipe -Ofast -Wall -Wextra -Wpedantic  conftest.c >&5
configure:3670: $? = 0
configure:3679: result: yes
configure:3688: checking whether /usr/bin/gcc accepts -g
configure:3708: /usr/bin/gcc -c -g  conftest.c >&5
configure:3708: $? = 0
configure:3749: result: yes
configure:3766: checking for /usr/bin/gcc option to accept ISO C89
configure:3829: /usr/bin/gcc  -c -march=native -fdiagnostics-color=always -pipe -Ofast -Wall -Wextra -Wpedantic  conftest.c >&5
configure:3829: $? = 0
configure:3842: result: none needed
configure:3867: checking whether /usr/bin/gcc understands -c and -o together
configure:3889: /usr/bin/gcc -c conftest.c -o conftest2.o
configure:3892: $? = 0
configure:3889: /usr/bin/gcc -c conftest.c -o conftest2.o
configure:3892: $? = 0
configure:3904: result: yes
configure:3924: checking whether make supports the include directive
configure:3939: make -f confmf.GNU && cat confinc.out
this is the am__doit target
configure:3942: $? = 0
configure:3961: result: yes (GNU style)
configure:3986: checking dependency style of /usr/bin/gcc
configure:4097: result: gcc3
configure:4120: checking how to run the C preprocessor
configure:4151: /usr/bin/gcc -E  conftest.c
configure:4151: $? = 0
configure:4165: /usr/bin/gcc -E  conftest.c
conftest.c:11:10: fatal error: ac_nonexistent.h: No such file or directory
 #include <ac_nonexistent.h>
          ^~~~~~~~~~~~~~~~~~
compilation terminated.
configure:4165: $? = 1
configure: failed program was:
| /* confdefs.h */
| #define PACKAGE_NAME "mergesort"
| #define PACKAGE_TARNAME "mergesort"
| #define PACKAGE_VERSION "0.1.0"
| #define PACKAGE_STRING "mergesort 0.1.0"
| #define PACKAGE_BUGREPORT "nop@nop.com"
| #define PACKAGE_URL ""
| #define PACKAGE "mergesort"
| #define VERSION "0.1.0"
| /* end confdefs.h.  */
| #include <ac_nonexistent.h>
configure:4190: result: /usr/bin/gcc -E
configure:4210: /usr/bin/gcc -E  conftest.c
configure:4210: $? = 0
configure:4224: /usr/bin/gcc -E  conftest.c
conftest.c:11:10: fatal error: ac_nonexistent.h: No such file or directory
 #include <ac_nonexistent.h>
          ^~~~~~~~~~~~~~~~~~
compilation terminated.
configure:4224: $? = 1
configure: failed program was:
| /* confdefs.h */
| #define PACKAGE_NAME "mergesort"
| #define PACKAGE_TARNAME "mergesort"
| #define PACKAGE_VERSION "0.1.0"
| #define PACKAGE_STRING "mergesort 0.1.0"
| #define PACKAGE_BUGREPORT "nop@nop.com"
| #define PACKAGE_URL ""
| #define PACKAGE "mergesort"
| #define VERSION "0.1.0"
| /* end confdefs.h.  */
| #include <ac_nonexistent.h>
configure:4253: checking for grep that handles long lines and -e
configure:4311: result: /bin/grep
configure:4316: checking for egrep
configure:4378: result: /bin/grep -E
configure:4383: checking for ANSI C header files
configure:4403: /usr/bin/gcc -c -march=native -fdiagnostics-color=always -pipe -Ofast -Wall -Wextra -Wpedantic  conftest.c >&5
configure:4403: $? = 0
configure:4476: /usr/bin/gcc -o conftest -march=native -fdiagnostics-color=always -pipe -Ofast -Wall -Wextra -Wpedantic   conftest.c  >&5
configure:4476: $? = 0
configure:4476: ./conftest
configure:4476: $? = 0
configure:4487: result: yes
configure:4500: checking for sys/types.h
configure:4500: /usr/bin/gcc -c -march=native -fdiagnostics-color=always -pipe -Ofast -Wall -Wextra -Wpedantic  conftest.c >&5
configure:4500: $? = 0
configure:4500: result: yes
configure:4500: checking for sys/stat.h
configure:4500: /usr/bin/gcc -c -march=native -fdiagnostics-color=always -pipe -Ofast -Wall -Wextra -Wpedantic  conftest.c >&5
configure:4500: $? = 0
configure:4500: result: yes
configure:4500: checking for stdlib.h
configure:4500: /usr/bin/gcc -c -march=native -fdiagnostics-color=always -pipe -Ofast -Wall -Wextra -Wpedantic  conftest.c >&5
configure:4500: $? = 0
configure:4500: result: yes
configure:4500: checking for string.h
configure:4500: /usr/bin/gcc -c -march=native -fdiagnostics-color=always -pipe -Ofast -Wall -Wextra -Wpedantic  conftest.c >&5
configure:4500: $? = 0
configure:4500: result: yes
configure:4500: checking for memory.h
configure:4500: /usr/bin/gcc -c -march=native -fdiagnostics-color=always -pipe -Ofast -Wall -Wextra -Wpedantic  conftest.c >&5
configure:4500: $? = 0
configure:4500: result: yes
configure:4500: checking for strings.h
configure:4500: /usr/bin/gcc -c -march=native -fdiagnostics-color=always -pipe -Ofast -Wall -Wextra -Wpedantic  conftest.c >&5
configure:4500: $? = 0
configure:4500: result: yes
configure:4500: checking for inttypes.h
configure:4500: /usr/bin/gcc -c -march=native -fdiagnostics-color=always -pipe -Ofast -Wall -Wextra -Wpedantic  conftest.c >&5
configure:4500: $? = 0
configure:4500: result: yes
configure:4500: checking for stdint.h
configure:4500: /usr/bin/gcc -c -march=native -fdiagnostics-color=always -pipe -Ofast -Wall -Wextra -Wpedantic  conftest.c >&5
configure:4500: $? = 0
configure:4500: result: yes
configure:4500: checking for unistd.h
configure:4500: /usr/bin/gcc -c -march=native -fdiagnostics-color=always -pipe -Ofast -Wall -Wextra -Wpedantic  conftest.c >&5
configure:4500: $? = 0
configure:4500: result: yes
configure:4515: checking for unistd.h
configure:4515: result: yes
configure:4515: checking sys/param.h usability
configure:4515: /usr/bin/gcc -c -march=native -fdiagnostics-color=always -pipe -Ofast -Wall -Wextra -Wpedantic  conftest.c >&5
configure:4515: $? = 0
configure:4515: result: yes
configure:4515: checking sys/param.h presence
configure:4515: /usr/bin/gcc -E  conftest.c
configure:4515: $? = 0
configure:4515: result: yes
configure:4515: checking for sys/param.h
configure:4515: result: yes
configure:4515: checking sys/time.h usability
configure:4515: /usr/bin/gcc -c -march=native -fdiagnostics-color=always -pipe -Ofast -Wall -Wextra -Wpedantic  conftest.c >&5
configure:4515: $? = 0
configure:4515: result: yes
configure:4515: checking sys/time.h presence
configure:4515: /usr/bin/gcc -E  conftest.c
configure:4515: $? = 0
configure:4515: result: yes
configure:4515: checking for sys/time.h
configure:4515: result: yes
configure:4515: checking time.h usability
configure:4515: /usr/bin/gcc -c -march=native -fdiagnostics-color=always -pipe -Ofast -Wall -Wextra -Wpedantic  conftest.c >&5
configure:4515: $? = 0
configure:4515: result: yes
configure:4515: checking time.h presence
configure:4515: /usr/bin/gcc -E  conftest.c
configure:4515: $? = 0
configure:4515: result: yes
configure:4515: checking for time.h
configure:4515: result: yes
configure:4515: checking sys/mkdev.h usability
configure:4515: /usr/bin/gcc -c -march=native -fdiagnostics-color=always -pipe -Ofast -Wall -Wextra -Wpedantic  conftest.c >&5
configure:4515: $? = 0
configure:4515: result: yes
configure:4515: checking sys/mkdev.h presence
configure:4515: /usr/bin/gcc -E  conftest.c
configure:4515: $? = 0
configure:4515: result: yes
configure:4515: checking for sys/mkdev.h
configure:4515: result: yes
configure:4515: checking sys/sysmacros.h usability
configure:4515: /usr/bin/gcc -c -march=native -fdiagnostics-color=always -pipe -Ofast -Wall -Wextra -Wpedantic  conftest.c >&5
configure:4515: $? = 0
configure:4515: result: yes
configure:4515: checking sys/sysmacros.h presence
configure:4515: /usr/bin/gcc -E  conftest.c
configure:4515: $? = 0
configure:4515: result: yes
configure:4515: checking for sys/sysmacros.h
configure:4515: result: yes
configure:4515: checking for string.h
configure:4515: result: yes
configure:4515: checking for memory.h
configure:4515: result: yes
configure:4515: checking fcntl.h usability
configure:4515: /usr/bin/gcc -c -march=native -fdiagnostics-color=always -pipe -Ofast -Wall -Wextra -Wpedantic  conftest.c >&5
configure:4515: $? = 0
configure:4515: result: yes
configure:4515: checking fcntl.h presence
configure:4515: /usr/bin/gcc -E  conftest.c
configure:4515: $? = 0
configure:4515: result: yes
configure:4515: checking for fcntl.h
configure:4515: result: yes
configure:4515: checking dirent.h usability
configure:4515: /usr/bin/gcc -c -march=native -fdiagnostics-color=always -pipe -Ofast -Wall -Wextra -Wpedantic  conftest.c >&5
configure:4515: $? = 0
configure:4515: result: yes
configure:4515: checking dirent.h presence
configure:4515: /usr/bin/gcc -E  conftest.c
configure:4515: $? = 0
configure:4515: result: yes
configure:4515: checking for dirent.h
configure:4515: result: yes
configure:4515: checking alloca.h usability
configure:4515: /usr/bin/gcc -c -march=native -fdiagnostics-color=always -pipe -Ofast -Wall -Wextra -Wpedantic  conftest.c >&5
configure:4515: $? = 0
configure:4515: result: yes
configure:4515: checking alloca.h presence
configure:4515: /usr/bin/gcc -E  conftest.c
configure:4515: $? = 0
configure:4515: result: yes
configure:4515: checking for alloca.h
configure:4515: result: yes
configure:4515: checking locale.h usability
configure:4515: /usr/bin/gcc -c -march=native -fdiagnostics-color=always -pipe -Ofast -Wall -Wextra -Wpedantic  conftest.c >&5
configure:4515: $? = 0
configure:4515: result: yes
configure:4515: checking locale.h presence
configure:4515: /usr/bin/gcc -E  conftest.c
configure:4515: $? = 0
configure:4515: result: yes
configure:4515: checking for locale.h
configure:4515: result: yes
configure:4529: checking bsd/bsd.h usability
configure:4529: /usr/bin/gcc -c -march=native -fdiagnostics-color=always -pipe -Ofast -Wall -Wextra -Wpedantic  conftest.c >&5
configure:4529: $? = 0
configure:4529: result: yes
configure:4529: checking bsd/bsd.h presence
configure:4529: /usr/bin/gcc -E  conftest.c
configure:4529: $? = 0
configure:4529: result: yes
configure:4529: checking for bsd/bsd.h
configure:4529: result: yes
configure:4529: checking sodium.h usability
configure:4529: /usr/bin/gcc -c -march=native -fdiagnostics-color=always -pipe -Ofast -Wall -Wextra -Wpedantic  conftest.c >&5
configure:4529: $? = 0
configure:4529: result: yes
configure:4529: checking sodium.h presence
configure:4529: /usr/bin/gcc -E  conftest.c
configure:4529: $? = 0
configure:4529: result: yes
configure:4529: checking for sodium.h
configure:4529: result: yes
configure:4596: checking for pkg-config
configure:4614: found /usr/bin/pkg-config
configure:4626: result: /usr/bin/pkg-config
configure:4651: checking pkg-config is at least version 0.9.0
configure:4654: result: yes
configure:4664: checking for libbsd libsodium
configure:4671: $PKG_CONFIG --exists --print-errors "libbsd libsodium"
configure:4674: $? = 0
configure:4688: $PKG_CONFIG --exists --print-errors "libbsd libsodium"
configure:4691: $? = 0
configure:4749: result: yes
configure:4755: checking whether sys/types.h defines makedev
configure:4771: /usr/bin/gcc -o conftest -march=native -fdiagnostics-color=always -pipe -Ofast -Wall -Wextra -Wpedantic   conftest.c  >&5
[01m[Kconftest.c:[m[K In function '[01m[Kmain[m[K':
[01m[Kconftest.c:39:8:[m[K [01;35m[Kwarning: [m[Kimplicit declaration of function '[01m[Kmakedev[m[K' [[01;35m[K-Wimplicit-function-declaration[m[K]
 return [01;35m[Kmakedev[m[K(0, 0);
        [01;35m[K^~~~~~~[m[K
/tmp/ccZtGkAK.o: In function `main':
conftest.c:(.text.startup+0x7): undefined reference to `makedev'
collect2: error: ld returned 1 exit status
configure:4771: $? = 1
configure: failed program was:
| /* confdefs.h */
| #define PACKAGE_NAME "mergesort"
| #define PACKAGE_TARNAME "mergesort"
| #define PACKAGE_VERSION "0.1.0"
| #define PACKAGE_STRING "mergesort 0.1.0"
| #define PACKAGE_BUGREPORT "nop@nop.com"
| #define PACKAGE_URL ""
| #define PACKAGE "mergesort"
| #define VERSION "0.1.0"
| #define STDC_HEADERS 1
| #define HAVE_SYS_TYPES_H 1
| #define HAVE_SYS_STAT_H 1
| #define HAVE_STDLIB_H 1
| #define HAVE_STRING_H 1
| #define HAVE_MEMORY_H 1
| #define HAVE_STRINGS_H 1
| #define HAVE_INTTYPES_H 1
| #define HAVE_STDINT_H 1
| #define HAVE_UNISTD_H 1
| #define HAVE_UNISTD_H 1
| #define HAVE_SYS_PARAM_H 1
| #define HAVE_SYS_TIME_H 1
| #define HAVE_TIME_H 1
| #define HAVE_SYS_MKDEV_H 1
| #define HAVE_SYS_SYSMACROS_H 1
| #define HAVE_STRING_H 1
| #define HAVE_MEMORY_H 1
| #define HAVE_FCNTL_H 1
| #define HAVE_DIRENT_H 1
| #define HAVE_ALLOCA_H 1
| #define HAVE_LOCALE_H 1
| #define HAVE_BSD_BSD_H 1
| #define HAVE_SODIUM_H 1
| /* end confdefs.h.  */
| #include <sys/types.h>
| int
| main ()
| {
| return makedev(0, 0);
|   ;
|   return 0;
| }
configure:4780: result: no
configure:4784: checking for sys/mkdev.h
configure:4784: result: yes
configure:4805: checking for size_t
configure:4805: /usr/bin/gcc -c -march=native -fdiagnostics-color=always -pipe -Ofast -Wall -Wextra -Wpedantic  conftest.c >&5
configure:4805: $? = 0
configure:4805: /usr/bin/gcc -c -march=native -fdiagnostics-color=always -pipe -Ofast -Wall -Wextra -Wpedantic  conftest.c >&5
[01m[Kconftest.c:[m[K In function '[01m[Kmain[m[K':
[01m[Kconftest.c:72:21:[m[K [01;31m[Kerror: [m[Kexpected expression before '[01m[K)[m[K' token
 if (sizeof ((size_t)[01;31m[K)[m[K)
                     [01;31m[K^[m[K
configure:4805: $? = 1
configure: failed program was:
| /* confdefs.h */
| #define PACKAGE_NAME "mergesort"
| #define PACKAGE_TARNAME "mergesort"
| #define PACKAGE_VERSION "0.1.0"
| #define PACKAGE_STRING "mergesort 0.1.0"
| #define PACKAGE_BUGREPORT "nop@nop.com"
| #define PACKAGE_URL ""
| #define PACKAGE "mergesort"
| #define VERSION "0.1.0"
| #define STDC_HEADERS 1
| #define HAVE_SYS_TYPES_H 1
| #define HAVE_SYS_STAT_H 1
| #define HAVE_STDLIB_H 1
| #define HAVE_STRING_H 1
| #define HAVE_MEMORY_H 1
| #define HAVE_STRINGS_H 1
| #define HAVE_INTTYPES_H 1
| #define HAVE_STDINT_H 1
| #define HAVE_UNISTD_H 1
| #define HAVE_UNISTD_H 1
| #define HAVE_SYS_PARAM_H 1
| #define HAVE_SYS_TIME_H 1
| #define HAVE_TIME_H 1
| #define HAVE_SYS_MKDEV_H 1
| #define HAVE_SYS_SYSMACROS_H 1
| #define HAVE_STRING_H 1
| #define HAVE_MEMORY_H 1
| #define HAVE_FCNTL_H 1
| #define HAVE_DIRENT_H 1
| #define HAVE_ALLOCA_H 1
| #define HAVE_LOCALE_H 1
| #define HAVE_BSD_BSD_H 1
| #define HAVE_SODIUM_H 1
| #define MAJOR_IN_MKDEV 1
| /* end confdefs.h.  */
| #include <stdio.h>
| #ifdef HAVE_SYS_TYPES_H
| # include <sys/types.h>
| #endif
| #ifdef HAVE_SYS_STAT_H
| # include <sys/stat.h>
| #endif
| #ifdef STDC_HEADERS
| # include <stdlib.h>
| # include <stddef.h>
| #else
| # ifdef HAVE_STDLIB_H
| #  include <stdlib.h>
| # endif
| #endif
| #ifdef HAVE_STRING_H
| # if !defined STDC_HEADERS && defined HAVE_MEMORY_H
| #  include <memory.h>
| # endif
| # include <string.h>
| #endif
| #ifdef HAVE_STRINGS_H
| # include <strings.h>
| #endif
| #ifdef HAVE_INTTYPES_H
| # include <inttypes.h>
| #endif
| #ifdef HAVE_STDINT_H
| # include <stdint.h>
| #endif
| #ifdef HAVE_UNISTD_H
| # include <unistd.h>
| #endif
| int
| main ()
| {
| if (sizeof ((size_t)))
| 	    return 0;
|   ;
|   return 0;
| }
configure:4805: result: yes
configure:4818: checking for working alloca.h
configure:4835: /usr/bin/gcc -o conftest -march=native -fdiagnostics-color=always -pipe -Ofast -Wall -Wextra -Wpedantic   conftest.c  >&5
configure:4835: $? = 0
configure:4843: result: yes
configure:4851: checking for alloca
configure:4888: /usr/bin/gcc -o conftest -march=native -fdiagnostics-color=always -pipe -Ofast -Wall -Wextra -Wpedantic   conftest.c  >&5
configure:4888: $? = 0
configure:4896: result: yes
configure:5002: checking whether struct tm is in sys/time.h or time.h
configure:5022: /usr/bin/gcc -c -march=native -fdiagnostics-color=always -pipe -Ofast -Wall -Wextra -Wpedantic  conftest.c >&5
configure:5022: $? = 0
configure:5029: result: time.h
configure:5037: checking for struct stat.st_blocks
configure:5037: /usr/bin/gcc -c -march=native -fdiagnostics-color=always -pipe -Ofast -Wall -Wextra -Wpedantic  conftest.c >&5
configure:5037: $? = 0
configure:5037: result: yes
configure:5060: checking for dirent.h that defines DIR
configure:5079: /usr/bin/gcc -c -march=native -fdiagnostics-color=always -pipe -Ofast -Wall -Wextra -Wpedantic  conftest.c >&5
configure:5079: $? = 0
configure:5087: result: yes
configure:5100: checking for library containing opendir
configure:5131: /usr/bin/gcc -o conftest -march=native -fdiagnostics-color=always -pipe -Ofast -Wall -Wextra -Wpedantic   conftest.c  >&5
configure:5131: $? = 0
configure:5148: result: none required
configure:5215: checking whether closedir returns void
configure:5239: /usr/bin/gcc -o conftest -march=native -fdiagnostics-color=always -pipe -Ofast -Wall -Wextra -Wpedantic   conftest.c  >&5
configure:5239: $? = 0
configure:5239: ./conftest
configure:5239: $? = 0
configure:5249: result: no
configure:5259: checking for mkfifo
configure:5259: /usr/bin/gcc -o conftest -march=native -fdiagnostics-color=always -pipe -Ofast -Wall -Wextra -Wpedantic   conftest.c  >&5
configure:5259: $? = 0
configure:5259: result: yes
configure:5268: checking for mknod
configure:5268: /usr/bin/gcc -o conftest -march=native -fdiagnostics-color=always -pipe -Ofast -Wall -Wextra -Wpedantic   conftest.c  >&5
configure:5268: $? = 0
configure:5268: result: yes
configure:5388: checking that generated files are newer than configure
configure:5394: result: done
configure:5417: creating ./config.status

## ---------------------- ##
## Running config.status. ##
## ---------------------- ##

This file was extended by mergesort config.status 0.1.0, which was
generated by GNU Autoconf 2.69.  Invocation command line was

  CONFIG_FILES    = 
  CONFIG_HEADERS  = 
  CONFIG_LINKS    = 
  CONFIG_COMMANDS = 
  $ ./config.status 

on BL-PC-Gentoo

config.status:890: creating Makefile
config.status:890: creating src/Makefile
config.status:890: creating config.h
config.status:1104: executing depfiles commands
config.status:1179: cd src       && sed -e '/# am--include-marker/d' Makefile         | make -f - am--depfiles
config.status:1186: $? = 0

## ---------------- ##
## Cache variables. ##
## ---------------- ##

ac_cv_build=x86_64-pc-linux-gnu
ac_cv_c_compiler_gnu=yes
ac_cv_env_CC_set=set
ac_cv_env_CC_value=/usr/bin/gcc
ac_cv_env_CFLAGS_set=set
ac_cv_env_CFLAGS_value='-march=native -fdiagnostics-color=always -pipe -Ofast -Wall -Wextra -Wpedantic'
ac_cv_env_CPPFLAGS_set=''
ac_cv_env_CPPFLAGS_value=''
ac_cv_env_CPP_set=''
ac_cv_env_CPP_value=''
ac_cv_env_LDFLAGS_set=''
ac_cv_env_LDFLAGS_value=''
ac_cv_env_LIBS_set=''
ac_cv_env_LIBS_value=''
ac_cv_env_PKG_CONFIG_LIBDIR_set=''
ac_cv_env_PKG_CONFIG_LIBDIR_value=''
ac_cv_env_PKG_CONFIG_PATH_set=''
ac_cv_env_PKG_CONFIG_PATH_value=''
ac_cv_env_PKG_CONFIG_set=''
ac_cv_env_PKG_CONFIG_value=''
ac_cv_env_build_alias_set=''
ac_cv_env_build_alias_value=''
ac_cv_env_host_alias_set=''
ac_cv_env_host_alias_value=''
ac_cv_env_mergesort_CFLAGS_set=''
ac_cv_env_mergesort_CFLAGS_value=''
ac_cv_env_mergesort_LIBS_set=''
ac_cv_env_mergesort_LIBS_value=''
ac_cv_env_target_alias_set=''
ac_cv_env_target_alias_value=''
ac_cv_func_alloca_works=yes
ac_cv_func_closedir_void=no
ac_cv_func_mkfifo=yes
ac_cv_func_mknod=yes
ac_cv_header_alloca_h=yes
ac_cv_header_bsd_bsd_h=yes
ac_cv_header_dirent_dirent_h=yes
ac_cv_header_dirent_h=yes
ac_cv_header_fcntl_h=yes
ac_cv_header_inttypes_h=yes
ac_cv_header_locale_h=yes
ac_cv_header_memory_h=yes
ac_cv_header_sodium_h=yes
ac_cv_header_stdc=yes
ac_cv_header_stdint_h=yes
ac_cv_header_stdlib_h=yes
ac_cv_header_string_h=yes
ac_cv_header_strings_h=yes
ac_cv_header_sys_mkdev_h=yes
ac_cv_header_sys_param_h=yes
ac_cv_header_sys_stat_h=yes
ac_cv_header_sys_sysmacros_h=yes
ac_cv_header_sys_time_h=yes
ac_cv_header_sys_types_h=yes
ac_cv_header_sys_types_h_makedev=no
ac_cv_header_time_h=yes
ac_cv_header_unistd_h=yes
ac_cv_host=x86_64-pc-linux-gnu
ac_cv_member_struct_stat_st_blocks=yes
ac_cv_objext=o
ac_cv_path_EGREP='/bin/grep -E'
ac_cv_path_GREP=/bin/grep
ac_cv_path_ac_pt_PKG_CONFIG=/usr/bin/pkg-config
ac_cv_path_install='/usr/bin/install -c'
ac_cv_path_mkdir=/bin/mkdir
ac_cv_prog_AWK=gawk
ac_cv_prog_CPP='/usr/bin/gcc -E'
ac_cv_prog_ac_ct_CC=/usr/bin/gcc
ac_cv_prog_ac_ct_RANLIB=ranlib
ac_cv_prog_cc_c89=''
ac_cv_prog_cc_g=yes
ac_cv_prog_make_make_set=yes
ac_cv_search_opendir='none required'
ac_cv_struct_tm=time.h
ac_cv_type_size_t=yes
ac_cv_working_alloca_h=yes
am_cv_CC_dependencies_compiler_type=gcc3
am_cv_make_support_nested_variables=yes
am_cv_prog_cc_c_o=yes
pkg_cv_mergesort_CFLAGS=''
pkg_cv_mergesort_LIBS='-lbsd -lsodium'

## ----------------- ##
## Output variables. ##
## ----------------- ##

ACLOCAL='${SHELL} /home/bml/random/school/LAB/Lab10/mergesort/missing aclocal-1.16'
ALLOCA=''
AMDEPBACKSLASH='\'
AMDEP_FALSE='#'
AMDEP_TRUE=''
AMTAR='$${TAR-tar}'
AM_BACKSLASH='\'
AM_DEFAULT_V='$(AM_DEFAULT_VERBOSITY)'
AM_DEFAULT_VERBOSITY='1'
AM_V='$(V)'
AUTOCONF='${SHELL} /home/bml/random/school/LAB/Lab10/mergesort/missing autoconf'
AUTOHEADER='${SHELL} /home/bml/random/school/LAB/Lab10/mergesort/missing autoheader'
AUTOMAKE='${SHELL} /home/bml/random/school/LAB/Lab10/mergesort/missing automake-1.16'
AWK='gawk'
CC='/usr/bin/gcc'
CCDEPMODE='depmode=gcc3'
CFLAGS='-march=native -fdiagnostics-color=always -pipe -Ofast -Wall -Wextra -Wpedantic'
CPP='/usr/bin/gcc -E'
CPPFLAGS=''
CYGPATH_W='echo'
DEFS='-DHAVE_CONFIG_H'
DEPDIR='.deps'
ECHO_C=''
ECHO_N='-n'
ECHO_T=''
EGREP='/bin/grep -E'
EXEEXT=''
GREP='/bin/grep'
INSTALL_DATA='${INSTALL} -m 644'
INSTALL_PROGRAM='${INSTALL}'
INSTALL_SCRIPT='${INSTALL}'
INSTALL_STRIP_PROGRAM='$(install_sh) -c -s'
ISODATE='2018-03-27'
LDFLAGS=''
LIBOBJS=''
LIBS=''
LTLIBOBJS=''
MAKEINFO='${SHELL} /home/bml/random/school/LAB/Lab10/mergesort/missing makeinfo'
MKDIR_P='/bin/mkdir -p'
OBJEXT='o'
PACKAGE='mergesort'
PACKAGE_BUGREPORT='nop@nop.com'
PACKAGE_NAME='mergesort'
PACKAGE_STRING='mergesort 0.1.0'
PACKAGE_TARNAME='mergesort'
PACKAGE_URL=''
PACKAGE_VERSION='0.1.0'
PATH_SEPARATOR=':'
PKG_CONFIG='/usr/bin/pkg-config'
PKG_CONFIG_LIBDIR=''
PKG_CONFIG_PATH=''
RANLIB='ranlib'
SET_MAKE=''
SHELL='/bin/sh'
STRIP=''
VERSION='0.1.0'
ac_ct_CC='/usr/bin/gcc'
am__EXEEXT_FALSE=''
am__EXEEXT_TRUE='#'
am__fastdepCC_FALSE='#'
am__fastdepCC_TRUE=''
am__include='include'
am__isrc=' -I$(srcdir)'
am__leading_dot='.'
am__nodep='_no'
am__quote=''
am__tar='$${TAR-tar} chof - "$$tardir"'
am__untar='$${TAR-tar} xf -'
bindir='${exec_prefix}/bin'
build='x86_64-pc-linux-gnu'
build_alias=''
build_cpu='x86_64'
build_os='linux-gnu'
build_vendor='pc'
datadir='${datarootdir}'
datarootdir='${prefix}/share'
docdir='${datarootdir}/doc/${PACKAGE_TARNAME}'
dvidir='${docdir}'
exec_prefix='${prefix}'
host='x86_64-pc-linux-gnu'
host_alias=''
host_cpu='x86_64'
host_os='linux-gnu'
host_vendor='pc'
htmldir='${docdir}'
includedir='${prefix}/include'
infodir='${datarootdir}/info'
install_sh='${SHELL} /home/bml/random/school/LAB/Lab10/mergesort/install-sh'
libdir='${exec_prefix}/lib'
libexecdir='${exec_prefix}/libexec'
localedir='${datarootdir}/locale'
localstatedir='${prefix}/var'
mandir='${datarootdir}/man'
mergesort_CFLAGS=''
mergesort_LIBS='-lbsd -lsodium'
mkdir_p='$(MKDIR_P)'
oldincludedir='/usr/include'
pdfdir='${docdir}'
prefix='/usr/local'
program_transform_name='s,x,x,'
psdir='${docdir}'
sbindir='${exec_prefix}/sbin'
sharedstatedir='${prefix}/com'
sysconfdir='${prefix}/etc'
target_alias=''

## ----------- ##
## confdefs.h. ##
## ----------- ##

/* confdefs.h */
#define PACKAGE_NAME "mergesort"
#define PACKAGE_TARNAME "mergesort"
#define PACKAGE_VERSION "0.1.0"
#define PACKAGE_STRING "mergesort 0.1.0"
#define PACKAGE_BUGREPORT "nop@nop.com"
#define PACKAGE_URL ""
#define PACKAGE "mergesort"
#define VERSION "0.1.0"
#define STDC_HEADERS 1
#define HAVE_SYS_TYPES_H 1
#define HAVE_SYS_STAT_H 1
#define HAVE_STDLIB_H 1
#define HAVE_STRING_H 1
#define HAVE_MEMORY_H 1
#define HAVE_STRINGS_H 1
#define HAVE_INTTYPES_H 1
#define HAVE_STDINT_H 1
#define HAVE_UNISTD_H 1
#define HAVE_UNISTD_H 1
#define HAVE_SYS_PARAM_H 1
#define HAVE_SYS_TIME_H 1
#define HAVE_TIME_H 1
#define HAVE_SYS_MKDEV_H 1
#define HAVE_SYS_SYSMACROS_H 1
#define HAVE_STRING_H 1
#define HAVE_MEMORY_H 1
#define HAVE_FCNTL_H 1
#define HAVE_DIRENT_H 1
#define HAVE_ALLOCA_H 1
#define HAVE_LOCALE_H 1
#define HAVE_BSD_BSD_H 1
#define HAVE_SODIUM_H 1
#define MAJOR_IN_MKDEV 1
#define HAVE_ALLOCA_H 1
#define HAVE_ALLOCA 1
#define HAVE_STRUCT_STAT_ST_BLOCKS 1
#define HAVE_ST_BLOCKS 1
#define HAVE_DIRENT_H 1
#define HAVE_MKFIFO 1

configure: exit 0
