This file contains any messages produced by compilers while
running configure, to aid debugging if configure makes a mistake.

It was created by tree configure 0.1.0, which was
generated by GNU Autoconf 2.69.  Invocation command line was

  $ ../configure CXXFLAGS=

## --------- ##
## Platform. ##
## --------- ##

hostname = BL-PC-Gentoo
uname -m = x86_64
uname -r = 4.15.11-gentoo
uname -s = Linux
uname -v = #1 SMP Mon Mar 19 23:37:07 MDT 2018

/usr/bin/uname -p = Intel(R) Core(TM) i7-6800K CPU @ 3.40GHz
/bin/uname -X     = unknown

/bin/arch              = unknown
/usr/bin/arch -k       = unknown
/usr/convex/getsysinfo = unknown
/usr/bin/hostinfo      = unknown
/bin/machine           = unknown
/usr/bin/oslevel       = unknown
/bin/universe          = unknown

PATH: /home/bml/.zplug/bin
PATH: /home/bml/.local/bin
PATH: /opt/bin
PATH: /usr/mnt/bin
PATH: /usr/share/perl6/site/bin
PATH: /usr/lib/ccache/bin
PATH: /usr/local/sbin
PATH: /usr/local/bin
PATH: /usr/x86_64-pc-linux-gnu/bin
PATH: /opt/clang-bin
PATH: /usr/sbin
PATH: /usr/bin
PATH: /sbin
PATH: /opt/go/bin
PATH: /bin


## ----------- ##
## Core tests. ##
## ----------- ##

configure:2387: checking for a BSD-compatible install
configure:2455: result: /usr/bin/install -c
configure:2466: checking whether build environment is sane
configure:2521: result: yes
configure:2672: checking for a thread-safe mkdir -p
configure:2711: result: /bin/mkdir -p
configure:2718: checking for gawk
configure:2734: found /usr/bin/gawk
configure:2745: result: gawk
configure:2756: checking whether make sets $(MAKE)
configure:2778: result: yes
configure:2807: checking whether make supports nested variables
configure:2824: result: yes
configure:2960: checking build system type
configure:2974: result: x86_64-pc-linux-gnu
configure:2994: checking host system type
configure:3007: result: x86_64-pc-linux-gnu
configure:3077: checking for gcc
configure:3104: result: /usr/lib/ccache/bin/gcc
configure:3333: checking for C compiler version
configure:3342: /usr/lib/ccache/bin/gcc --version >&5
gcc (Gentoo 7.3.0-r1 p1.1) 7.3.0
Copyright (C) 2017 Free Software Foundation, Inc.
This is free software; see the source for copying conditions.  There is NO
warranty; not even for MERCHANTABILITY or FITNESS FOR A PARTICULAR PURPOSE.

configure:3353: $? = 0
configure:3342: /usr/lib/ccache/bin/gcc -v >&5
Using built-in specs.
COLLECT_GCC=/usr/x86_64-pc-linux-gnu/gcc-bin/7.3.0/gcc
COLLECT_LTO_WRAPPER=/usr/libexec/gcc/x86_64-pc-linux-gnu/7.3.0/lto-wrapper
Target: x86_64-pc-linux-gnu
Configured with: /var/tmp/portage/sys-devel/gcc-7.3.0-r1/work/gcc-7.3.0/configure --host=x86_64-pc-linux-gnu --build=x86_64-pc-linux-gnu --prefix=/usr --bindir=/usr/x86_64-pc-linux-gnu/gcc-bin/7.3.0 --includedir=/usr/lib/gcc/x86_64-pc-linux-gnu/7.3.0/include --datadir=/usr/share/gcc-data/x86_64-pc-linux-gnu/7.3.0 --mandir=/usr/share/gcc-data/x86_64-pc-linux-gnu/7.3.0/man --infodir=/usr/share/gcc-data/x86_64-pc-linux-gnu/7.3.0/info --with-gxx-include-dir=/usr/lib/gcc/x86_64-pc-linux-gnu/7.3.0/include/g++-v7 --with-python-dir=/share/gcc-data/x86_64-pc-linux-gnu/7.3.0/python --enable-objc-gc --enable-languages=c,c++,go,objc,obj-c++,fortran --enable-obsolete --enable-secureplt --disable-werror --with-system-zlib --enable-nls --without-included-gettext --enable-checking=release --with-bugurl=https://bugs.gentoo.org/ --with-pkgversion='Gentoo 7.3.0-r1 p1.1' --disable-esp --enable-libstdcxx-time --enable-shared --enable-threads=posix --enable-__cxa_atexit --enable-clocale=gnu --enable-multilib --with-multilib-list=m32,m64 --disable-altivec --disable-fixed-point --enable-targets=all --disable-libgcj --enable-libgomp --disable-libmudflap --disable-libssp --enable-libcilkrts --enable-libmpx --enable-vtable-verify --enable-libvtv --enable-lto --with-isl --disable-isl-version-check --enable-libsanitizer --enable-default-pie --enable-default-ssp
Thread model: posix
gcc version 7.3.0 (Gentoo 7.3.0-r1 p1.1) 
configure:3353: $? = 0
configure:3342: /usr/lib/ccache/bin/gcc -V >&5
gcc: error: unrecognized command line option '-V'
gcc: fatal error: no input files
compilation terminated.
configure:3353: $? = 1
configure:3342: /usr/lib/ccache/bin/gcc -qversion >&5
gcc: error: unrecognized command line option '-qversion'; did you mean '--version'?
gcc: fatal error: no input files
compilation terminated.
configure:3353: $? = 1
configure:3373: checking whether the C compiler works
configure:3395: /usr/lib/ccache/bin/gcc -march=native -fdiagnostics-color=always -pipe -O0 -g -Wall -Wextra -Wpedantic -pedantic   conftest.c  >&5
configure:3399: $? = 0
configure:3447: result: yes
configure:3450: checking for C compiler default output file name
configure:3452: result: a.out
configure:3458: checking for suffix of executables
configure:3465: /usr/lib/ccache/bin/gcc -o conftest -march=native -fdiagnostics-color=always -pipe -O0 -g -Wall -Wextra -Wpedantic -pedantic   conftest.c  >&5
configure:3469: $? = 0
configure:3491: result: 
configure:3513: checking whether we are cross compiling
configure:3521: /usr/lib/ccache/bin/gcc -o conftest -march=native -fdiagnostics-color=always -pipe -O0 -g -Wall -Wextra -Wpedantic -pedantic   conftest.c  >&5
configure:3525: $? = 0
configure:3532: ./conftest
configure:3536: $? = 0
configure:3551: result: no
configure:3556: checking for suffix of object files
configure:3578: /usr/lib/ccache/bin/gcc -c -march=native -fdiagnostics-color=always -pipe -O0 -g -Wall -Wextra -Wpedantic -pedantic  conftest.c >&5
configure:3582: $? = 0
configure:3603: result: o
configure:3607: checking whether we are using the GNU C compiler
configure:3626: /usr/lib/ccache/bin/gcc -c -march=native -fdiagnostics-color=always -pipe -O0 -g -Wall -Wextra -Wpedantic -pedantic  conftest.c >&5
configure:3626: $? = 0
configure:3635: result: yes
configure:3644: checking whether /usr/lib/ccache/bin/gcc accepts -g
configure:3664: /usr/lib/ccache/bin/gcc -c -g  conftest.c >&5
configure:3664: $? = 0
configure:3705: result: yes
configure:3722: checking for /usr/lib/ccache/bin/gcc option to accept ISO C89
configure:3785: /usr/lib/ccache/bin/gcc  -c -march=native -fdiagnostics-color=always -pipe -O0 -g -Wall -Wextra -Wpedantic -pedantic  conftest.c >&5
configure:3785: $? = 0
configure:3798: result: none needed
configure:3823: checking whether /usr/lib/ccache/bin/gcc understands -c and -o together
configure:3845: /usr/lib/ccache/bin/gcc -c conftest.c -o conftest2.o
configure:3848: $? = 0
configure:3845: /usr/lib/ccache/bin/gcc -c conftest.c -o conftest2.o
configure:3848: $? = 0
configure:3860: result: yes
configure:3880: checking whether make supports the include directive
configure:3895: make -f confmf.GNU && cat confinc.out
this is the am__doit target
configure:3898: $? = 0
configure:3917: result: yes (GNU style)
configure:3942: checking dependency style of /usr/lib/ccache/bin/gcc
configure:4053: result: gcc3
configure:4071: checking for pow in -lm
configure:4096: /usr/lib/ccache/bin/gcc -o conftest -march=native -fdiagnostics-color=always -pipe -O0 -g -Wall -Wextra -Wpedantic -pedantic   conftest.c -lm   >&5
[01m[Kconftest.c:18:6:[m[K [01;35m[Kwarning: [m[Kconflicting types for built-in function '[01m[Kpow[m[K' [[01;35m[K-Wbuiltin-declaration-mismatch[m[K]
 char [01;35m[Kpow[m[K ();
      [01;35m[K^~~[m[K
configure:4096: $? = 0
configure:4105: result: yes
configure:4116: checking for strlcat in -lbsd
configure:4141: /usr/lib/ccache/bin/gcc -o conftest -march=native -fdiagnostics-color=always -pipe -O0 -g -Wall -Wextra -Wpedantic -pedantic   conftest.c -lbsd  -lm  >&5
configure:4141: $? = 0
configure:4150: result: yes
configure:4168: checking how to run the C preprocessor
configure:4199: /usr/lib/ccache/bin/gcc -E  conftest.c
configure:4199: $? = 0
configure:4213: /usr/lib/ccache/bin/gcc -E  conftest.c
conftest.c:13:10: fatal error: ac_nonexistent.h: No such file or directory
 #include <ac_nonexistent.h>
          ^~~~~~~~~~~~~~~~~~
compilation terminated.
configure:4213: $? = 1
configure: failed program was:
| /* confdefs.h */
| #define PACKAGE_NAME "tree"
| #define PACKAGE_TARNAME "tree"
| #define PACKAGE_VERSION "0.1.0"
| #define PACKAGE_STRING "tree 0.1.0"
| #define PACKAGE_BUGREPORT "nop@nop.com"
| #define PACKAGE_URL ""
| #define PACKAGE "tree"
| #define VERSION "0.1.0"
| #define HAVE_LIBM 1
| #define HAVE_LIBBSD 1
| /* end confdefs.h.  */
| #include <ac_nonexistent.h>
configure:4238: result: /usr/lib/ccache/bin/gcc -E
configure:4258: /usr/lib/ccache/bin/gcc -E  conftest.c
configure:4258: $? = 0
configure:4272: /usr/lib/ccache/bin/gcc -E  conftest.c
conftest.c:13:10: fatal error: ac_nonexistent.h: No such file or directory
 #include <ac_nonexistent.h>
          ^~~~~~~~~~~~~~~~~~
compilation terminated.
configure:4272: $? = 1
configure: failed program was:
| /* confdefs.h */
| #define PACKAGE_NAME "tree"
| #define PACKAGE_TARNAME "tree"
| #define PACKAGE_VERSION "0.1.0"
| #define PACKAGE_STRING "tree 0.1.0"
| #define PACKAGE_BUGREPORT "nop@nop.com"
| #define PACKAGE_URL ""
| #define PACKAGE "tree"
| #define VERSION "0.1.0"
| #define HAVE_LIBM 1
| #define HAVE_LIBBSD 1
| /* end confdefs.h.  */
| #include <ac_nonexistent.h>
configure:4301: checking for grep that handles long lines and -e
configure:4359: result: /bin/grep
configure:4364: checking for egrep
configure:4426: result: /bin/grep -E
configure:4431: checking for ANSI C header files
configure:4451: /usr/lib/ccache/bin/gcc -c -march=native -fdiagnostics-color=always -pipe -O0 -g -Wall -Wextra -Wpedantic -pedantic  conftest.c >&5
configure:4451: $? = 0
configure:4524: /usr/lib/ccache/bin/gcc -o conftest -march=native -fdiagnostics-color=always -pipe -O0 -g -Wall -Wextra -Wpedantic -pedantic   conftest.c -lbsd -lm  >&5
configure:4524: $? = 0
configure:4524: ./conftest
configure:4524: $? = 0
configure:4535: result: yes
configure:4548: checking for sys/types.h
configure:4548: /usr/lib/ccache/bin/gcc -c -march=native -fdiagnostics-color=always -pipe -O0 -g -Wall -Wextra -Wpedantic -pedantic  conftest.c >&5
configure:4548: $? = 0
configure:4548: result: yes
configure:4548: checking for sys/stat.h
configure:4548: /usr/lib/ccache/bin/gcc -c -march=native -fdiagnostics-color=always -pipe -O0 -g -Wall -Wextra -Wpedantic -pedantic  conftest.c >&5
configure:4548: $? = 0
configure:4548: result: yes
configure:4548: checking for stdlib.h
configure:4548: /usr/lib/ccache/bin/gcc -c -march=native -fdiagnostics-color=always -pipe -O0 -g -Wall -Wextra -Wpedantic -pedantic  conftest.c >&5
configure:4548: $? = 0
configure:4548: result: yes
configure:4548: checking for string.h
configure:4548: /usr/lib/ccache/bin/gcc -c -march=native -fdiagnostics-color=always -pipe -O0 -g -Wall -Wextra -Wpedantic -pedantic  conftest.c >&5
configure:4548: $? = 0
configure:4548: result: yes
configure:4548: checking for memory.h
configure:4548: /usr/lib/ccache/bin/gcc -c -march=native -fdiagnostics-color=always -pipe -O0 -g -Wall -Wextra -Wpedantic -pedantic  conftest.c >&5
configure:4548: $? = 0
configure:4548: result: yes
configure:4548: checking for strings.h
configure:4548: /usr/lib/ccache/bin/gcc -c -march=native -fdiagnostics-color=always -pipe -O0 -g -Wall -Wextra -Wpedantic -pedantic  conftest.c >&5
configure:4548: $? = 0
configure:4548: result: yes
configure:4548: checking for inttypes.h
configure:4548: /usr/lib/ccache/bin/gcc -c -march=native -fdiagnostics-color=always -pipe -O0 -g -Wall -Wextra -Wpedantic -pedantic  conftest.c >&5
configure:4548: $? = 0
configure:4548: result: yes
configure:4548: checking for stdint.h
configure:4548: /usr/lib/ccache/bin/gcc -c -march=native -fdiagnostics-color=always -pipe -O0 -g -Wall -Wextra -Wpedantic -pedantic  conftest.c >&5
configure:4548: $? = 0
configure:4548: result: yes
configure:4548: checking for unistd.h
configure:4548: /usr/lib/ccache/bin/gcc -c -march=native -fdiagnostics-color=always -pipe -O0 -g -Wall -Wextra -Wpedantic -pedantic  conftest.c >&5
configure:4548: $? = 0
configure:4548: result: yes
configure:4563: checking limits.h usability
configure:4563: /usr/lib/ccache/bin/gcc -c -march=native -fdiagnostics-color=always -pipe -O0 -g -Wall -Wextra -Wpedantic -pedantic  conftest.c >&5
configure:4563: $? = 0
configure:4563: result: yes
configure:4563: checking limits.h presence
configure:4563: /usr/lib/ccache/bin/gcc -E  conftest.c
configure:4563: $? = 0
configure:4563: result: yes
configure:4563: checking for limits.h
configure:4563: result: yes
configure:4563: checking locale.h usability
configure:4563: /usr/lib/ccache/bin/gcc -c -march=native -fdiagnostics-color=always -pipe -O0 -g -Wall -Wextra -Wpedantic -pedantic  conftest.c >&5
configure:4563: $? = 0
configure:4563: result: yes
configure:4563: checking locale.h presence
configure:4563: /usr/lib/ccache/bin/gcc -E  conftest.c
configure:4563: $? = 0
configure:4563: result: yes
configure:4563: checking for locale.h
configure:4563: result: yes
configure:4563: checking for stdint.h
configure:4563: result: yes
configure:4563: checking for stdlib.h
configure:4563: result: yes
configure:4563: checking for string.h
configure:4563: result: yes
configure:4563: checking sys/ioctl.h usability
configure:4563: /usr/lib/ccache/bin/gcc -c -march=native -fdiagnostics-color=always -pipe -O0 -g -Wall -Wextra -Wpedantic -pedantic  conftest.c >&5
configure:4563: $? = 0
configure:4563: result: yes
configure:4563: checking sys/ioctl.h presence
configure:4563: /usr/lib/ccache/bin/gcc -E  conftest.c
configure:4563: $? = 0
configure:4563: result: yes
configure:4563: checking for sys/ioctl.h
configure:4563: result: yes
configure:4563: checking sys/time.h usability
configure:4563: /usr/lib/ccache/bin/gcc -c -march=native -fdiagnostics-color=always -pipe -O0 -g -Wall -Wextra -Wpedantic -pedantic  conftest.c >&5
configure:4563: $? = 0
configure:4563: result: yes
configure:4563: checking sys/time.h presence
configure:4563: /usr/lib/ccache/bin/gcc -E  conftest.c
configure:4563: $? = 0
configure:4563: result: yes
configure:4563: checking for sys/time.h
configure:4563: result: yes
configure:4563: checking bsd/bsd.h usability
configure:4563: /usr/lib/ccache/bin/gcc -c -march=native -fdiagnostics-color=always -pipe -O0 -g -Wall -Wextra -Wpedantic -pedantic  conftest.c >&5
configure:4563: $? = 0
configure:4563: result: yes
configure:4563: checking bsd/bsd.h presence
configure:4563: /usr/lib/ccache/bin/gcc -E  conftest.c
configure:4563: $? = 0
configure:4563: result: yes
configure:4563: checking for bsd/bsd.h
configure:4563: result: yes
configure:4563: checking math.h usability
configure:4563: /usr/lib/ccache/bin/gcc -c -march=native -fdiagnostics-color=always -pipe -O0 -g -Wall -Wextra -Wpedantic -pedantic  conftest.c >&5
configure:4563: $? = 0
configure:4563: result: yes
configure:4563: checking math.h presence
configure:4563: /usr/lib/ccache/bin/gcc -E  conftest.c
configure:4563: $? = 0
configure:4563: result: yes
configure:4563: checking for math.h
configure:4563: result: yes
configure:4563: checking stdbool.h usability
configure:4563: /usr/lib/ccache/bin/gcc -c -march=native -fdiagnostics-color=always -pipe -O0 -g -Wall -Wextra -Wpedantic -pedantic  conftest.c >&5
configure:4563: $? = 0
configure:4563: result: yes
configure:4563: checking stdbool.h presence
configure:4563: /usr/lib/ccache/bin/gcc -E  conftest.c
configure:4563: $? = 0
configure:4563: result: yes
configure:4563: checking for stdbool.h
configure:4563: result: yes
configure:4575: checking for stdbool.h that conforms to C99
configure:4649: result: yes
configure:4651: checking for _Bool
configure:4651: /usr/lib/ccache/bin/gcc -c -march=native -fdiagnostics-color=always -pipe -O0 -g -Wall -Wextra -Wpedantic -pedantic  conftest.c >&5
configure:4651: $? = 0
configure:4651: /usr/lib/ccache/bin/gcc -c -march=native -fdiagnostics-color=always -pipe -O0 -g -Wall -Wextra -Wpedantic -pedantic  conftest.c >&5
[01m[Kconftest.c:[m[K In function '[01m[Kmain[m[K':
[01m[Kconftest.c:69:20:[m[K [01;31m[Kerror: [m[Kexpected expression before '[01m[K)[m[K' token
 if (sizeof ((_Bool)[01;31m[K)[m[K)
                    [01;31m[K^[m[K
configure:4651: $? = 1
configure: failed program was:
| /* confdefs.h */
| #define PACKAGE_NAME "tree"
| #define PACKAGE_TARNAME "tree"
| #define PACKAGE_VERSION "0.1.0"
| #define PACKAGE_STRING "tree 0.1.0"
| #define PACKAGE_BUGREPORT "nop@nop.com"
| #define PACKAGE_URL ""
| #define PACKAGE "tree"
| #define VERSION "0.1.0"
| #define HAVE_LIBM 1
| #define HAVE_LIBBSD 1
| #define STDC_HEADERS 1
| #define HAVE_SYS_TYPES_H 1
| #define HAVE_SYS_STAT_H 1
| #define HAVE_STDLIB_H 1
| #define HAVE_STRING_H 1
| #define HAVE_MEMORY_H 1
| #define HAVE_STRINGS_H 1
| #define HAVE_INTTYPES_H 1
| #define HAVE_STDINT_H 1
| #define HAVE_UNISTD_H 1
| #define HAVE_LIMITS_H 1
| #define HAVE_LOCALE_H 1
| #define HAVE_STDINT_H 1
| #define HAVE_STDLIB_H 1
| #define HAVE_STRING_H 1
| #define HAVE_SYS_IOCTL_H 1
| #define HAVE_SYS_TIME_H 1
| #define HAVE_BSD_BSD_H 1
| #define HAVE_MATH_H 1
| #define HAVE_STDBOOL_H 1
| /* end confdefs.h.  */
| #include <stdio.h>
| #ifdef HAVE_SYS_TYPES_H
| # include <sys/types.h>
| #endif
| #ifdef HAVE_SYS_STAT_H
| # include <sys/stat.h>
| #endif
| #ifdef STDC_HEADERS
| # include <stdlib.h>
| # include <stddef.h>
| #else
| # ifdef HAVE_STDLIB_H
| #  include <stdlib.h>
| # endif
| #endif
| #ifdef HAVE_STRING_H
| # if !defined STDC_HEADERS && defined HAVE_MEMORY_H
| #  include <memory.h>
| # endif
| # include <string.h>
| #endif
| #ifdef HAVE_STRINGS_H
| # include <strings.h>
| #endif
| #ifdef HAVE_INTTYPES_H
| # include <inttypes.h>
| #endif
| #ifdef HAVE_STDINT_H
| # include <stdint.h>
| #endif
| #ifdef HAVE_UNISTD_H
| # include <unistd.h>
| #endif
| int
| main ()
| {
| if (sizeof ((_Bool)))
| 	    return 0;
|   ;
|   return 0;
| }
configure:4651: result: yes
configure:4662: checking for inline
configure:4678: /usr/lib/ccache/bin/gcc -c -march=native -fdiagnostics-color=always -pipe -O0 -g -Wall -Wextra -Wpedantic -pedantic  conftest.c >&5
configure:4678: $? = 0
configure:4686: result: inline
configure:4704: checking for int64_t
configure:4704: /usr/lib/ccache/bin/gcc -c -march=native -fdiagnostics-color=always -pipe -O0 -g -Wall -Wextra -Wpedantic -pedantic  conftest.c >&5
configure:4704: $? = 0
configure:4704: /usr/lib/ccache/bin/gcc -c -march=native -fdiagnostics-color=always -pipe -O0 -g -Wall -Wextra -Wpedantic -pedantic  conftest.c >&5
[01m[Kconftest.c:[m[K In function '[01m[Kmain[m[K':
[01m[Kconftest.c:72:53:[m[K [01;35m[Kwarning: [m[Kinteger overflow in expression [[01;35m[K-Woverflow[m[K]
    < (int64_t) (((((int64_t) 1 << N) << N) - 1) * 2 [01;35m[K+[m[K 2))];
                                                     [01;35m[K^[m[K
[01m[Kconftest.c:71:12:[m[K [01;31m[Kerror: [m[Kstorage size of '[01m[Ktest_array[m[K' isn't constant
 static int [01;31m[Ktest_array[m[K [1 - 2 * !((int64_t) (((((int64_t) 1 << N) << N) - 1) * 2 + 1)
            [01;31m[K^~~~~~~~~~[m[K
[01m[Kconftest.c:71:12:[m[K [01;35m[Kwarning: [m[Kunused variable '[01m[Ktest_array[m[K' [[01;35m[K-Wunused-variable[m[K]
configure:4704: $? = 1
configure: failed program was:
| /* confdefs.h */
| #define PACKAGE_NAME "tree"
| #define PACKAGE_TARNAME "tree"
| #define PACKAGE_VERSION "0.1.0"
| #define PACKAGE_STRING "tree 0.1.0"
| #define PACKAGE_BUGREPORT "nop@nop.com"
| #define PACKAGE_URL ""
| #define PACKAGE "tree"
| #define VERSION "0.1.0"
| #define HAVE_LIBM 1
| #define HAVE_LIBBSD 1
| #define STDC_HEADERS 1
| #define HAVE_SYS_TYPES_H 1
| #define HAVE_SYS_STAT_H 1
| #define HAVE_STDLIB_H 1
| #define HAVE_STRING_H 1
| #define HAVE_MEMORY_H 1
| #define HAVE_STRINGS_H 1
| #define HAVE_INTTYPES_H 1
| #define HAVE_STDINT_H 1
| #define HAVE_UNISTD_H 1
| #define HAVE_LIMITS_H 1
| #define HAVE_LOCALE_H 1
| #define HAVE_STDINT_H 1
| #define HAVE_STDLIB_H 1
| #define HAVE_STRING_H 1
| #define HAVE_SYS_IOCTL_H 1
| #define HAVE_SYS_TIME_H 1
| #define HAVE_BSD_BSD_H 1
| #define HAVE_MATH_H 1
| #define HAVE_STDBOOL_H 1
| #define HAVE__BOOL 1
| /* end confdefs.h.  */
| #include <stdio.h>
| #ifdef HAVE_SYS_TYPES_H
| # include <sys/types.h>
| #endif
| #ifdef HAVE_SYS_STAT_H
| # include <sys/stat.h>
| #endif
| #ifdef STDC_HEADERS
| # include <stdlib.h>
| # include <stddef.h>
| #else
| # ifdef HAVE_STDLIB_H
| #  include <stdlib.h>
| # endif
| #endif
| #ifdef HAVE_STRING_H
| # if !defined STDC_HEADERS && defined HAVE_MEMORY_H
| #  include <memory.h>
| # endif
| # include <string.h>
| #endif
| #ifdef HAVE_STRINGS_H
| # include <strings.h>
| #endif
| #ifdef HAVE_INTTYPES_H
| # include <inttypes.h>
| #endif
| #ifdef HAVE_STDINT_H
| # include <stdint.h>
| #endif
| #ifdef HAVE_UNISTD_H
| # include <unistd.h>
| #endif
| 	        enum { N = 64 / 2 - 1 };
| int
| main ()
| {
| static int test_array [1 - 2 * !((int64_t) (((((int64_t) 1 << N) << N) - 1) * 2 + 1)
| 		 < (int64_t) (((((int64_t) 1 << N) << N) - 1) * 2 + 2))];
| test_array [0] = 0;
| return test_array [0];
| 
|   ;
|   return 0;
| }
configure:4704: result: yes
configure:4715: checking for size_t
configure:4715: /usr/lib/ccache/bin/gcc -c -march=native -fdiagnostics-color=always -pipe -O0 -g -Wall -Wextra -Wpedantic -pedantic  conftest.c >&5
configure:4715: $? = 0
configure:4715: /usr/lib/ccache/bin/gcc -c -march=native -fdiagnostics-color=always -pipe -O0 -g -Wall -Wextra -Wpedantic -pedantic  conftest.c >&5
[01m[Kconftest.c:[m[K In function '[01m[Kmain[m[K':
[01m[Kconftest.c:70:21:[m[K [01;31m[Kerror: [m[Kexpected expression before '[01m[K)[m[K' token
 if (sizeof ((size_t)[01;31m[K)[m[K)
                     [01;31m[K^[m[K
configure:4715: $? = 1
configure: failed program was:
| /* confdefs.h */
| #define PACKAGE_NAME "tree"
| #define PACKAGE_TARNAME "tree"
| #define PACKAGE_VERSION "0.1.0"
| #define PACKAGE_STRING "tree 0.1.0"
| #define PACKAGE_BUGREPORT "nop@nop.com"
| #define PACKAGE_URL ""
| #define PACKAGE "tree"
| #define VERSION "0.1.0"
| #define HAVE_LIBM 1
| #define HAVE_LIBBSD 1
| #define STDC_HEADERS 1
| #define HAVE_SYS_TYPES_H 1
| #define HAVE_SYS_STAT_H 1
| #define HAVE_STDLIB_H 1
| #define HAVE_STRING_H 1
| #define HAVE_MEMORY_H 1
| #define HAVE_STRINGS_H 1
| #define HAVE_INTTYPES_H 1
| #define HAVE_STDINT_H 1
| #define HAVE_UNISTD_H 1
| #define HAVE_LIMITS_H 1
| #define HAVE_LOCALE_H 1
| #define HAVE_STDINT_H 1
| #define HAVE_STDLIB_H 1
| #define HAVE_STRING_H 1
| #define HAVE_SYS_IOCTL_H 1
| #define HAVE_SYS_TIME_H 1
| #define HAVE_BSD_BSD_H 1
| #define HAVE_MATH_H 1
| #define HAVE_STDBOOL_H 1
| #define HAVE__BOOL 1
| /* end confdefs.h.  */
| #include <stdio.h>
| #ifdef HAVE_SYS_TYPES_H
| # include <sys/types.h>
| #endif
| #ifdef HAVE_SYS_STAT_H
| # include <sys/stat.h>
| #endif
| #ifdef STDC_HEADERS
| # include <stdlib.h>
| # include <stddef.h>
| #else
| # ifdef HAVE_STDLIB_H
| #  include <stdlib.h>
| # endif
| #endif
| #ifdef HAVE_STRING_H
| # if !defined STDC_HEADERS && defined HAVE_MEMORY_H
| #  include <memory.h>
| # endif
| # include <string.h>
| #endif
| #ifdef HAVE_STRINGS_H
| # include <strings.h>
| #endif
| #ifdef HAVE_INTTYPES_H
| # include <inttypes.h>
| #endif
| #ifdef HAVE_STDINT_H
| # include <stdint.h>
| #endif
| #ifdef HAVE_UNISTD_H
| # include <unistd.h>
| #endif
| int
| main ()
| {
| if (sizeof ((size_t)))
| 	    return 0;
|   ;
|   return 0;
| }
configure:4715: result: yes
configure:4726: checking for uint16_t
configure:4726: /usr/lib/ccache/bin/gcc -c -march=native -fdiagnostics-color=always -pipe -O0 -g -Wall -Wextra -Wpedantic -pedantic  conftest.c >&5
configure:4726: $? = 0
configure:4726: result: yes
configure:4738: checking for uint32_t
configure:4738: /usr/lib/ccache/bin/gcc -c -march=native -fdiagnostics-color=always -pipe -O0 -g -Wall -Wextra -Wpedantic -pedantic  conftest.c >&5
configure:4738: $? = 0
configure:4738: result: yes
configure:4756: checking for stdlib.h
configure:4756: result: yes
configure:4766: checking for GNU libc compatible malloc
configure:4790: /usr/lib/ccache/bin/gcc -o conftest -march=native -fdiagnostics-color=always -pipe -O0 -g -Wall -Wextra -Wpedantic -pedantic   conftest.c -lbsd -lm  >&5
configure:4790: $? = 0
configure:4790: ./conftest
configure:4790: $? = 0
configure:4800: result: yes
configure:4823: checking for stdlib.h
configure:4823: result: yes
configure:4833: checking for GNU libc compatible realloc
configure:4857: /usr/lib/ccache/bin/gcc -o conftest -march=native -fdiagnostics-color=always -pipe -O0 -g -Wall -Wextra -Wpedantic -pedantic   conftest.c -lbsd -lm  >&5
configure:4857: $? = 0
configure:4857: ./conftest
configure:4857: $? = 0
configure:4867: result: yes
configure:4891: checking for floor
configure:4891: /usr/lib/ccache/bin/gcc -o conftest -march=native -fdiagnostics-color=always -pipe -O0 -g -Wall -Wextra -Wpedantic -pedantic   conftest.c -lbsd -lm  >&5
[01m[Kconftest.c:61:6:[m[K [01;35m[Kwarning: [m[Kconflicting types for built-in function '[01m[Kfloor[m[K' [[01;35m[K-Wbuiltin-declaration-mismatch[m[K]
 char [01;35m[Kfloor[m[K ();
      [01;35m[K^~~~~[m[K
configure:4891: $? = 0
configure:4891: result: yes
configure:4891: checking for gettimeofday
configure:4891: /usr/lib/ccache/bin/gcc -o conftest -march=native -fdiagnostics-color=always -pipe -O0 -g -Wall -Wextra -Wpedantic -pedantic   conftest.c -lbsd -lm  >&5
configure:4891: $? = 0
configure:4891: result: yes
configure:4891: checking for pow
configure:4891: /usr/lib/ccache/bin/gcc -o conftest -march=native -fdiagnostics-color=always -pipe -O0 -g -Wall -Wextra -Wpedantic -pedantic   conftest.c -lbsd -lm  >&5
[01m[Kconftest.c:63:6:[m[K [01;35m[Kwarning: [m[Kconflicting types for built-in function '[01m[Kpow[m[K' [[01;35m[K-Wbuiltin-declaration-mismatch[m[K]
 char [01;35m[Kpow[m[K ();
      [01;35m[K^~~[m[K
configure:4891: $? = 0
configure:4891: result: yes
configure:4891: checking for setlocale
configure:4891: /usr/lib/ccache/bin/gcc -o conftest -march=native -fdiagnostics-color=always -pipe -O0 -g -Wall -Wextra -Wpedantic -pedantic   conftest.c -lbsd -lm  >&5
configure:4891: $? = 0
configure:4891: result: yes
configure:4891: checking for strtol
configure:4891: /usr/lib/ccache/bin/gcc -o conftest -march=native -fdiagnostics-color=always -pipe -O0 -g -Wall -Wextra -Wpedantic -pedantic   conftest.c -lbsd -lm  >&5
configure:4891: $? = 0
configure:4891: result: yes
configure:5012: checking that generated files are newer than configure
configure:5018: result: done
configure:5041: creating ./config.status

## ---------------------- ##
## Running config.status. ##
## ---------------------- ##

This file was extended by tree config.status 0.1.0, which was
generated by GNU Autoconf 2.69.  Invocation command line was

  CONFIG_FILES    = 
  CONFIG_HEADERS  = 
  CONFIG_LINKS    = 
  CONFIG_COMMANDS = 
  $ ./config.status 

on BL-PC-Gentoo

config.status:884: creating Makefile
config.status:884: creating src/Makefile
config.status:884: creating config.h
config.status:1098: executing depfiles commands
config.status:1173: cd src       && sed -e '/# am--include-marker/d' Makefile         | make -f - am--depfiles
config.status:1180: $? = 0

## ---------------- ##
## Cache variables. ##
## ---------------- ##

ac_cv_build=x86_64-pc-linux-gnu
ac_cv_c_compiler_gnu=yes
ac_cv_c_inline=inline
ac_cv_c_int64_t=yes
ac_cv_c_uint16_t=yes
ac_cv_c_uint32_t=yes
ac_cv_env_CC_set=set
ac_cv_env_CC_value=/usr/lib/ccache/bin/gcc
ac_cv_env_CFLAGS_set=set
ac_cv_env_CFLAGS_value='-march=native -fdiagnostics-color=always -pipe -O0 -g -Wall -Wextra -Wpedantic -pedantic'
ac_cv_env_CPPFLAGS_set=''
ac_cv_env_CPPFLAGS_value=''
ac_cv_env_CPP_set=''
ac_cv_env_CPP_value=''
ac_cv_env_LDFLAGS_set=''
ac_cv_env_LDFLAGS_value=''
ac_cv_env_LIBS_set=''
ac_cv_env_LIBS_value=''
ac_cv_env_build_alias_set=''
ac_cv_env_build_alias_value=''
ac_cv_env_host_alias_set=''
ac_cv_env_host_alias_value=''
ac_cv_env_target_alias_set=''
ac_cv_env_target_alias_value=''
ac_cv_func_floor=yes
ac_cv_func_gettimeofday=yes
ac_cv_func_malloc_0_nonnull=yes
ac_cv_func_pow=yes
ac_cv_func_realloc_0_nonnull=yes
ac_cv_func_setlocale=yes
ac_cv_func_strtol=yes
ac_cv_header_bsd_bsd_h=yes
ac_cv_header_inttypes_h=yes
ac_cv_header_limits_h=yes
ac_cv_header_locale_h=yes
ac_cv_header_math_h=yes
ac_cv_header_memory_h=yes
ac_cv_header_stdbool_h=yes
ac_cv_header_stdc=yes
ac_cv_header_stdint_h=yes
ac_cv_header_stdlib_h=yes
ac_cv_header_string_h=yes
ac_cv_header_strings_h=yes
ac_cv_header_sys_ioctl_h=yes
ac_cv_header_sys_stat_h=yes
ac_cv_header_sys_time_h=yes
ac_cv_header_sys_types_h=yes
ac_cv_header_unistd_h=yes
ac_cv_host=x86_64-pc-linux-gnu
ac_cv_lib_bsd_strlcat=yes
ac_cv_lib_m_pow=yes
ac_cv_objext=o
ac_cv_path_EGREP='/bin/grep -E'
ac_cv_path_GREP=/bin/grep
ac_cv_path_install='/usr/bin/install -c'
ac_cv_path_mkdir=/bin/mkdir
ac_cv_prog_AWK=gawk
ac_cv_prog_CPP='/usr/lib/ccache/bin/gcc -E'
ac_cv_prog_ac_ct_CC=/usr/lib/ccache/bin/gcc
ac_cv_prog_cc_c89=''
ac_cv_prog_cc_g=yes
ac_cv_prog_make_make_set=yes
ac_cv_type__Bool=yes
ac_cv_type_size_t=yes
am_cv_CC_dependencies_compiler_type=gcc3
am_cv_make_support_nested_variables=yes
am_cv_prog_cc_c_o=yes

## ----------------- ##
## Output variables. ##
## ----------------- ##

ACLOCAL='${SHELL} /home/bml/random/Code/C/fool/missing aclocal-1.16'
AMDEPBACKSLASH='\'
AMDEP_FALSE='#'
AMDEP_TRUE=''
AMTAR='$${TAR-tar}'
AM_BACKSLASH='\'
AM_DEFAULT_V='$(AM_DEFAULT_VERBOSITY)'
AM_DEFAULT_VERBOSITY='1'
AM_V='$(V)'
AUTOCONF='${SHELL} /home/bml/random/Code/C/fool/missing autoconf'
AUTOHEADER='${SHELL} /home/bml/random/Code/C/fool/missing autoheader'
AUTOMAKE='${SHELL} /home/bml/random/Code/C/fool/missing automake-1.16'
AWK='gawk'
CC='/usr/lib/ccache/bin/gcc'
CCDEPMODE='depmode=gcc3'
CFLAGS='-march=native -fdiagnostics-color=always -pipe -O0 -g -Wall -Wextra -Wpedantic -pedantic'
CPP='/usr/lib/ccache/bin/gcc -E'
CPPFLAGS=''
CYGPATH_W='echo'
DEFS='-DHAVE_CONFIG_H'
DEPDIR='.deps'
ECHO_C=''
ECHO_N='-n'
ECHO_T=''
EGREP='/bin/grep -E'
EXEEXT=''
GREP='/bin/grep'
INSTALL_DATA='${INSTALL} -m 644'
INSTALL_PROGRAM='${INSTALL}'
INSTALL_SCRIPT='${INSTALL}'
INSTALL_STRIP_PROGRAM='$(install_sh) -c -s'
ISODATE='2018-04-08'
LDFLAGS=''
LIBOBJS=''
LIBS='-lbsd -lm '
LTLIBOBJS=''
MAKEINFO='${SHELL} /home/bml/random/Code/C/fool/missing makeinfo'
MKDIR_P='/bin/mkdir -p'
OBJEXT='o'
PACKAGE='tree'
PACKAGE_BUGREPORT='nop@nop.com'
PACKAGE_NAME='tree'
PACKAGE_STRING='tree 0.1.0'
PACKAGE_TARNAME='tree'
PACKAGE_URL=''
PACKAGE_VERSION='0.1.0'
PATH_SEPARATOR=':'
SET_MAKE=''
SHELL='/bin/sh'
STRIP=''
VERSION='0.1.0'
ac_ct_CC='/usr/lib/ccache/bin/gcc'
am__EXEEXT_FALSE=''
am__EXEEXT_TRUE='#'
am__fastdepCC_FALSE='#'
am__fastdepCC_TRUE=''
am__include='include'
am__isrc=' -I$(srcdir)'
am__leading_dot='.'
am__nodep='_no'
am__quote=''
am__tar='$${TAR-tar} chof - "$$tardir"'
am__untar='$${TAR-tar} xf -'
bindir='${exec_prefix}/bin'
build='x86_64-pc-linux-gnu'
build_alias=''
build_cpu='x86_64'
build_os='linux-gnu'
build_vendor='pc'
datadir='${datarootdir}'
datarootdir='${prefix}/share'
docdir='${datarootdir}/doc/${PACKAGE_TARNAME}'
dvidir='${docdir}'
exec_prefix='${prefix}'
host='x86_64-pc-linux-gnu'
host_alias=''
host_cpu='x86_64'
host_os='linux-gnu'
host_vendor='pc'
htmldir='${docdir}'
includedir='${prefix}/include'
infodir='${datarootdir}/info'
install_sh='${SHELL} /home/bml/random/Code/C/fool/install-sh'
libdir='${exec_prefix}/lib'
libexecdir='${exec_prefix}/libexec'
localedir='${datarootdir}/locale'
localstatedir='${prefix}/var'
mandir='${datarootdir}/man'
mkdir_p='$(MKDIR_P)'
oldincludedir='/usr/include'
pdfdir='${docdir}'
prefix='/usr/local'
program_transform_name='s,x,x,'
psdir='${docdir}'
sbindir='${exec_prefix}/sbin'
sharedstatedir='${prefix}/com'
sysconfdir='${prefix}/etc'
target_alias=''

## ----------- ##
## confdefs.h. ##
## ----------- ##

/* confdefs.h */
#define PACKAGE_NAME "tree"
#define PACKAGE_TARNAME "tree"
#define PACKAGE_VERSION "0.1.0"
#define PACKAGE_STRING "tree 0.1.0"
#define PACKAGE_BUGREPORT "nop@nop.com"
#define PACKAGE_URL ""
#define PACKAGE "tree"
#define VERSION "0.1.0"
#define HAVE_LIBM 1
#define HAVE_LIBBSD 1
#define STDC_HEADERS 1
#define HAVE_SYS_TYPES_H 1
#define HAVE_SYS_STAT_H 1
#define HAVE_STDLIB_H 1
#define HAVE_STRING_H 1
#define HAVE_MEMORY_H 1
#define HAVE_STRINGS_H 1
#define HAVE_INTTYPES_H 1
#define HAVE_STDINT_H 1
#define HAVE_UNISTD_H 1
#define HAVE_LIMITS_H 1
#define HAVE_LOCALE_H 1
#define HAVE_STDINT_H 1
#define HAVE_STDLIB_H 1
#define HAVE_STRING_H 1
#define HAVE_SYS_IOCTL_H 1
#define HAVE_SYS_TIME_H 1
#define HAVE_BSD_BSD_H 1
#define HAVE_MATH_H 1
#define HAVE_STDBOOL_H 1
#define HAVE__BOOL 1
#define HAVE_STDLIB_H 1
#define HAVE_MALLOC 1
#define HAVE_STDLIB_H 1
#define HAVE_REALLOC 1
#define HAVE_FLOOR 1
#define HAVE_GETTIMEOFDAY 1
#define HAVE_POW 1
#define HAVE_SETLOCALE 1
#define HAVE_STRTOL 1

configure: exit 0
