This file contains any messages produced by compilers while
running configure, to aid debugging if configure makes a mistake.

It was created by sort configure 0.1.0, which was
generated by GNU Autoconf 2.69.  Invocation command line was

  $ ./configure 

## --------- ##
## Platform. ##
## --------- ##

hostname = BL-PC-Gentoo
uname -m = x86_64
uname -r = 4.15.11-gentoo
uname -s = Linux
uname -v = #1 SMP Mon Mar 19 23:37:07 MDT 2018

/usr/bin/uname -p = Intel(R) Core(TM) i7-6800K CPU @ 3.40GHz
/bin/uname -X     = unknown

/bin/arch              = unknown
/usr/bin/arch -k       = unknown
/usr/convex/getsysinfo = unknown
/usr/bin/hostinfo      = unknown
/bin/machine           = unknown
/usr/bin/oslevel       = unknown
/bin/universe          = unknown

PATH: /home/bml/.zplug/bin
PATH: /home/bml/.local/bin
PATH: /opt/bin
PATH: /usr/mnt/bin
PATH: /usr/lib/ccache/bin
PATH: /usr/local/sbin
PATH: /usr/local/bin
PATH: /usr/x86_64-pc-linux-gnu/bin
PATH: /opt/clang-bin
PATH: /usr/sbin
PATH: /usr/bin
PATH: /sbin
PATH: /opt/go/bin
PATH: /bin


## ----------- ##
## Core tests. ##
## ----------- ##

configure:2333: checking for a BSD-compatible install
configure:2401: result: /usr/bin/install -c
configure:2412: checking whether build environment is sane
configure:2467: result: yes
configure:2618: checking for a thread-safe mkdir -p
configure:2657: result: /bin/mkdir -p
configure:2664: checking for gawk
configure:2680: found /usr/bin/gawk
configure:2691: result: gawk
configure:2702: checking whether make sets $(MAKE)
configure:2724: result: yes
configure:2753: checking whether make supports nested variables
configure:2770: result: yes
configure:2906: checking build system type
configure:2920: result: x86_64-pc-linux-gnu
configure:2940: checking host system type
configure:2953: result: x86_64-pc-linux-gnu
configure:3017: checking for ranlib
configure:3033: found /usr/x86_64-pc-linux-gnu/bin/ranlib
configure:3044: result: ranlib
configure:3115: checking for gcc
configure:3131: found /usr/lib/ccache/bin/gcc
configure:3142: result: gcc
configure:3371: checking for C compiler version
configure:3380: gcc --version >&5
gcc (Gentoo 7.3.0-r1 p1.1) 7.3.0
Copyright (C) 2017 Free Software Foundation, Inc.
This is free software; see the source for copying conditions.  There is NO
warranty; not even for MERCHANTABILITY or FITNESS FOR A PARTICULAR PURPOSE.

configure:3391: $? = 0
configure:3380: gcc -v >&5
Using built-in specs.
COLLECT_GCC=/usr/x86_64-pc-linux-gnu/gcc-bin/7.3.0/gcc
COLLECT_LTO_WRAPPER=/usr/libexec/gcc/x86_64-pc-linux-gnu/7.3.0/lto-wrapper
Target: x86_64-pc-linux-gnu
Configured with: /var/tmp/portage/sys-devel/gcc-7.3.0-r1/work/gcc-7.3.0/configure --host=x86_64-pc-linux-gnu --build=x86_64-pc-linux-gnu --prefix=/usr --bindir=/usr/x86_64-pc-linux-gnu/gcc-bin/7.3.0 --includedir=/usr/lib/gcc/x86_64-pc-linux-gnu/7.3.0/include --datadir=/usr/share/gcc-data/x86_64-pc-linux-gnu/7.3.0 --mandir=/usr/share/gcc-data/x86_64-pc-linux-gnu/7.3.0/man --infodir=/usr/share/gcc-data/x86_64-pc-linux-gnu/7.3.0/info --with-gxx-include-dir=/usr/lib/gcc/x86_64-pc-linux-gnu/7.3.0/include/g++-v7 --with-python-dir=/share/gcc-data/x86_64-pc-linux-gnu/7.3.0/python --enable-objc-gc --enable-languages=c,c++,go,objc,obj-c++,fortran --enable-obsolete --enable-secureplt --disable-werror --with-system-zlib --enable-nls --without-included-gettext --enable-checking=release --with-bugurl=https://bugs.gentoo.org/ --with-pkgversion='Gentoo 7.3.0-r1 p1.1' --disable-esp --enable-libstdcxx-time --enable-shared --enable-threads=posix --enable-__cxa_atexit --enable-clocale=gnu --enable-multilib --with-multilib-list=m32,m64 --disable-altivec --disable-fixed-point --enable-targets=all --disable-libgcj --enable-libgomp --disable-libmudflap --disable-libssp --enable-libcilkrts --enable-libmpx --enable-vtable-verify --enable-libvtv --enable-lto --with-isl --disable-isl-version-check --enable-libsanitizer --enable-default-pie --enable-default-ssp
Thread model: posix
gcc version 7.3.0 (Gentoo 7.3.0-r1 p1.1) 
configure:3391: $? = 0
configure:3380: gcc -V >&5
gcc: error: unrecognized command line option '-V'
gcc: fatal error: no input files
compilation terminated.
configure:3391: $? = 1
configure:3380: gcc -qversion >&5
gcc: error: unrecognized command line option '-qversion'; did you mean '--version'?
gcc: fatal error: no input files
compilation terminated.
configure:3391: $? = 1
configure:3411: checking whether the C compiler works
configure:3433: gcc -Ofast -march=native -pipe   conftest.c  >&5
configure:3437: $? = 0
configure:3485: result: yes
configure:3488: checking for C compiler default output file name
configure:3490: result: a.out
configure:3496: checking for suffix of executables
configure:3503: gcc -o conftest -Ofast -march=native -pipe   conftest.c  >&5
configure:3507: $? = 0
configure:3529: result: 
configure:3551: checking whether we are cross compiling
configure:3559: gcc -o conftest -Ofast -march=native -pipe   conftest.c  >&5
configure:3563: $? = 0
configure:3570: ./conftest
configure:3574: $? = 0
configure:3589: result: no
configure:3594: checking for suffix of object files
configure:3616: gcc -c -Ofast -march=native -pipe  conftest.c >&5
configure:3620: $? = 0
configure:3641: result: o
configure:3645: checking whether we are using the GNU C compiler
configure:3664: gcc -c -Ofast -march=native -pipe  conftest.c >&5
configure:3664: $? = 0
configure:3673: result: yes
configure:3682: checking whether gcc accepts -g
configure:3702: gcc -c -g  conftest.c >&5
configure:3702: $? = 0
configure:3743: result: yes
configure:3760: checking for gcc option to accept ISO C89
configure:3823: gcc  -c -Ofast -march=native -pipe  conftest.c >&5
configure:3823: $? = 0
configure:3836: result: none needed
configure:3861: checking whether gcc understands -c and -o together
configure:3883: gcc -c conftest.c -o conftest2.o
configure:3886: $? = 0
configure:3883: gcc -c conftest.c -o conftest2.o
configure:3886: $? = 0
configure:3898: result: yes
configure:3918: checking whether make supports the include directive
configure:3933: make -f confmf.GNU && cat confinc.out
this is the am__doit target
configure:3936: $? = 0
configure:3955: result: yes (GNU style)
configure:3980: checking dependency style of gcc
configure:4091: result: gcc3
configure:4114: checking how to run the C preprocessor
configure:4145: gcc -E  conftest.c
configure:4145: $? = 0
configure:4159: gcc -E  conftest.c
conftest.c:11:10: fatal error: ac_nonexistent.h: No such file or directory
 #include <ac_nonexistent.h>
          ^~~~~~~~~~~~~~~~~~
compilation terminated.
configure:4159: $? = 1
configure: failed program was:
| /* confdefs.h */
| #define PACKAGE_NAME "sort"
| #define PACKAGE_TARNAME "sort"
| #define PACKAGE_VERSION "0.1.0"
| #define PACKAGE_STRING "sort 0.1.0"
| #define PACKAGE_BUGREPORT "nop@nop.com"
| #define PACKAGE_URL ""
| #define PACKAGE "sort"
| #define VERSION "0.1.0"
| /* end confdefs.h.  */
| #include <ac_nonexistent.h>
configure:4184: result: gcc -E
configure:4204: gcc -E  conftest.c
configure:4204: $? = 0
configure:4218: gcc -E  conftest.c
conftest.c:11:10: fatal error: ac_nonexistent.h: No such file or directory
 #include <ac_nonexistent.h>
          ^~~~~~~~~~~~~~~~~~
compilation terminated.
configure:4218: $? = 1
configure: failed program was:
| /* confdefs.h */
| #define PACKAGE_NAME "sort"
| #define PACKAGE_TARNAME "sort"
| #define PACKAGE_VERSION "0.1.0"
| #define PACKAGE_STRING "sort 0.1.0"
| #define PACKAGE_BUGREPORT "nop@nop.com"
| #define PACKAGE_URL ""
| #define PACKAGE "sort"
| #define VERSION "0.1.0"
| /* end confdefs.h.  */
| #include <ac_nonexistent.h>
configure:4247: checking for grep that handles long lines and -e
configure:4305: result: /bin/grep
configure:4310: checking for egrep
configure:4372: result: /bin/grep -E
configure:4377: checking for ANSI C header files
configure:4397: gcc -c -Ofast -march=native -pipe  conftest.c >&5
configure:4397: $? = 0
configure:4470: gcc -o conftest -Ofast -march=native -pipe   conftest.c  >&5
configure:4470: $? = 0
configure:4470: ./conftest
configure:4470: $? = 0
configure:4481: result: yes
configure:4494: checking for sys/types.h
configure:4494: gcc -c -Ofast -march=native -pipe  conftest.c >&5
configure:4494: $? = 0
configure:4494: result: yes
configure:4494: checking for sys/stat.h
configure:4494: gcc -c -Ofast -march=native -pipe  conftest.c >&5
configure:4494: $? = 0
configure:4494: result: yes
configure:4494: checking for stdlib.h
configure:4494: gcc -c -Ofast -march=native -pipe  conftest.c >&5
configure:4494: $? = 0
configure:4494: result: yes
configure:4494: checking for string.h
configure:4494: gcc -c -Ofast -march=native -pipe  conftest.c >&5
configure:4494: $? = 0
configure:4494: result: yes
configure:4494: checking for memory.h
configure:4494: gcc -c -Ofast -march=native -pipe  conftest.c >&5
configure:4494: $? = 0
configure:4494: result: yes
configure:4494: checking for strings.h
configure:4494: gcc -c -Ofast -march=native -pipe  conftest.c >&5
configure:4494: $? = 0
configure:4494: result: yes
configure:4494: checking for inttypes.h
configure:4494: gcc -c -Ofast -march=native -pipe  conftest.c >&5
configure:4494: $? = 0
configure:4494: result: yes
configure:4494: checking for stdint.h
configure:4494: gcc -c -Ofast -march=native -pipe  conftest.c >&5
configure:4494: $? = 0
configure:4494: result: yes
configure:4494: checking for unistd.h
configure:4494: gcc -c -Ofast -march=native -pipe  conftest.c >&5
configure:4494: $? = 0
configure:4494: result: yes
configure:4509: checking for unistd.h
configure:4509: result: yes
configure:4509: checking sys/param.h usability
configure:4509: gcc -c -Ofast -march=native -pipe  conftest.c >&5
configure:4509: $? = 0
configure:4509: result: yes
configure:4509: checking sys/param.h presence
configure:4509: gcc -E  conftest.c
configure:4509: $? = 0
configure:4509: result: yes
configure:4509: checking for sys/param.h
configure:4509: result: yes
configure:4509: checking sys/time.h usability
configure:4509: gcc -c -Ofast -march=native -pipe  conftest.c >&5
configure:4509: $? = 0
configure:4509: result: yes
configure:4509: checking sys/time.h presence
configure:4509: gcc -E  conftest.c
configure:4509: $? = 0
configure:4509: result: yes
configure:4509: checking for sys/time.h
configure:4509: result: yes
configure:4509: checking time.h usability
configure:4509: gcc -c -Ofast -march=native -pipe  conftest.c >&5
configure:4509: $? = 0
configure:4509: result: yes
configure:4509: checking time.h presence
configure:4509: gcc -E  conftest.c
configure:4509: $? = 0
configure:4509: result: yes
configure:4509: checking for time.h
configure:4509: result: yes
configure:4509: checking sys/mkdev.h usability
configure:4509: gcc -c -Ofast -march=native -pipe  conftest.c >&5
configure:4509: $? = 0
configure:4509: result: yes
configure:4509: checking sys/mkdev.h presence
configure:4509: gcc -E  conftest.c
configure:4509: $? = 0
configure:4509: result: yes
configure:4509: checking for sys/mkdev.h
configure:4509: result: yes
configure:4509: checking sys/sysmacros.h usability
configure:4509: gcc -c -Ofast -march=native -pipe  conftest.c >&5
configure:4509: $? = 0
configure:4509: result: yes
configure:4509: checking sys/sysmacros.h presence
configure:4509: gcc -E  conftest.c
configure:4509: $? = 0
configure:4509: result: yes
configure:4509: checking for sys/sysmacros.h
configure:4509: result: yes
configure:4509: checking for string.h
configure:4509: result: yes
configure:4509: checking for memory.h
configure:4509: result: yes
configure:4509: checking fcntl.h usability
configure:4509: gcc -c -Ofast -march=native -pipe  conftest.c >&5
configure:4509: $? = 0
configure:4509: result: yes
configure:4509: checking fcntl.h presence
configure:4509: gcc -E  conftest.c
configure:4509: $? = 0
configure:4509: result: yes
configure:4509: checking for fcntl.h
configure:4509: result: yes
configure:4509: checking dirent.h usability
configure:4509: gcc -c -Ofast -march=native -pipe  conftest.c >&5
configure:4509: $? = 0
configure:4509: result: yes
configure:4509: checking dirent.h presence
configure:4509: gcc -E  conftest.c
configure:4509: $? = 0
configure:4509: result: yes
configure:4509: checking for dirent.h
configure:4509: result: yes
configure:4509: checking sys/ndir.h usability
configure:4509: gcc -c -Ofast -march=native -pipe  conftest.c >&5
conftest.c:64:10: fatal error: sys/ndir.h: No such file or directory
 #include <sys/ndir.h>
          ^~~~~~~~~~~~
compilation terminated.
configure:4509: $? = 1
configure: failed program was:
| /* confdefs.h */
| #define PACKAGE_NAME "sort"
| #define PACKAGE_TARNAME "sort"
| #define PACKAGE_VERSION "0.1.0"
| #define PACKAGE_STRING "sort 0.1.0"
| #define PACKAGE_BUGREPORT "nop@nop.com"
| #define PACKAGE_URL ""
| #define PACKAGE "sort"
| #define VERSION "0.1.0"
| #define STDC_HEADERS 1
| #define HAVE_SYS_TYPES_H 1
| #define HAVE_SYS_STAT_H 1
| #define HAVE_STDLIB_H 1
| #define HAVE_STRING_H 1
| #define HAVE_MEMORY_H 1
| #define HAVE_STRINGS_H 1
| #define HAVE_INTTYPES_H 1
| #define HAVE_STDINT_H 1
| #define HAVE_UNISTD_H 1
| #define HAVE_UNISTD_H 1
| #define HAVE_SYS_PARAM_H 1
| #define HAVE_SYS_TIME_H 1
| #define HAVE_TIME_H 1
| #define HAVE_SYS_MKDEV_H 1
| #define HAVE_SYS_SYSMACROS_H 1
| #define HAVE_STRING_H 1
| #define HAVE_MEMORY_H 1
| #define HAVE_FCNTL_H 1
| #define HAVE_DIRENT_H 1
| /* end confdefs.h.  */
| #include <stdio.h>
| #ifdef HAVE_SYS_TYPES_H
| # include <sys/types.h>
| #endif
| #ifdef HAVE_SYS_STAT_H
| # include <sys/stat.h>
| #endif
| #ifdef STDC_HEADERS
| # include <stdlib.h>
| # include <stddef.h>
| #else
| # ifdef HAVE_STDLIB_H
| #  include <stdlib.h>
| # endif
| #endif
| #ifdef HAVE_STRING_H
| # if !defined STDC_HEADERS && defined HAVE_MEMORY_H
| #  include <memory.h>
| # endif
| # include <string.h>
| #endif
| #ifdef HAVE_STRINGS_H
| # include <strings.h>
| #endif
| #ifdef HAVE_INTTYPES_H
| # include <inttypes.h>
| #endif
| #ifdef HAVE_STDINT_H
| # include <stdint.h>
| #endif
| #ifdef HAVE_UNISTD_H
| # include <unistd.h>
| #endif
| #include <sys/ndir.h>
configure:4509: result: no
configure:4509: checking sys/ndir.h presence
configure:4509: gcc -E  conftest.c
conftest.c:31:10: fatal error: sys/ndir.h: No such file or directory
 #include <sys/ndir.h>
          ^~~~~~~~~~~~
compilation terminated.
configure:4509: $? = 1
configure: failed program was:
| /* confdefs.h */
| #define PACKAGE_NAME "sort"
| #define PACKAGE_TARNAME "sort"
| #define PACKAGE_VERSION "0.1.0"
| #define PACKAGE_STRING "sort 0.1.0"
| #define PACKAGE_BUGREPORT "nop@nop.com"
| #define PACKAGE_URL ""
| #define PACKAGE "sort"
| #define VERSION "0.1.0"
| #define STDC_HEADERS 1
| #define HAVE_SYS_TYPES_H 1
| #define HAVE_SYS_STAT_H 1
| #define HAVE_STDLIB_H 1
| #define HAVE_STRING_H 1
| #define HAVE_MEMORY_H 1
| #define HAVE_STRINGS_H 1
| #define HAVE_INTTYPES_H 1
| #define HAVE_STDINT_H 1
| #define HAVE_UNISTD_H 1
| #define HAVE_UNISTD_H 1
| #define HAVE_SYS_PARAM_H 1
| #define HAVE_SYS_TIME_H 1
| #define HAVE_TIME_H 1
| #define HAVE_SYS_MKDEV_H 1
| #define HAVE_SYS_SYSMACROS_H 1
| #define HAVE_STRING_H 1
| #define HAVE_MEMORY_H 1
| #define HAVE_FCNTL_H 1
| #define HAVE_DIRENT_H 1
| /* end confdefs.h.  */
| #include <sys/ndir.h>
configure:4509: result: no
configure:4509: checking for sys/ndir.h
configure:4509: result: no
configure:4509: checking ndir.h usability
configure:4509: gcc -c -Ofast -march=native -pipe  conftest.c >&5
conftest.c:64:10: fatal error: ndir.h: No such file or directory
 #include <ndir.h>
          ^~~~~~~~
compilation terminated.
configure:4509: $? = 1
configure: failed program was:
| /* confdefs.h */
| #define PACKAGE_NAME "sort"
| #define PACKAGE_TARNAME "sort"
| #define PACKAGE_VERSION "0.1.0"
| #define PACKAGE_STRING "sort 0.1.0"
| #define PACKAGE_BUGREPORT "nop@nop.com"
| #define PACKAGE_URL ""
| #define PACKAGE "sort"
| #define VERSION "0.1.0"
| #define STDC_HEADERS 1
| #define HAVE_SYS_TYPES_H 1
| #define HAVE_SYS_STAT_H 1
| #define HAVE_STDLIB_H 1
| #define HAVE_STRING_H 1
| #define HAVE_MEMORY_H 1
| #define HAVE_STRINGS_H 1
| #define HAVE_INTTYPES_H 1
| #define HAVE_STDINT_H 1
| #define HAVE_UNISTD_H 1
| #define HAVE_UNISTD_H 1
| #define HAVE_SYS_PARAM_H 1
| #define HAVE_SYS_TIME_H 1
| #define HAVE_TIME_H 1
| #define HAVE_SYS_MKDEV_H 1
| #define HAVE_SYS_SYSMACROS_H 1
| #define HAVE_STRING_H 1
| #define HAVE_MEMORY_H 1
| #define HAVE_FCNTL_H 1
| #define HAVE_DIRENT_H 1
| /* end confdefs.h.  */
| #include <stdio.h>
| #ifdef HAVE_SYS_TYPES_H
| # include <sys/types.h>
| #endif
| #ifdef HAVE_SYS_STAT_H
| # include <sys/stat.h>
| #endif
| #ifdef STDC_HEADERS
| # include <stdlib.h>
| # include <stddef.h>
| #else
| # ifdef HAVE_STDLIB_H
| #  include <stdlib.h>
| # endif
| #endif
| #ifdef HAVE_STRING_H
| # if !defined STDC_HEADERS && defined HAVE_MEMORY_H
| #  include <memory.h>
| # endif
| # include <string.h>
| #endif
| #ifdef HAVE_STRINGS_H
| # include <strings.h>
| #endif
| #ifdef HAVE_INTTYPES_H
| # include <inttypes.h>
| #endif
| #ifdef HAVE_STDINT_H
| # include <stdint.h>
| #endif
| #ifdef HAVE_UNISTD_H
| # include <unistd.h>
| #endif
| #include <ndir.h>
configure:4509: result: no
configure:4509: checking ndir.h presence
configure:4509: gcc -E  conftest.c
conftest.c:31:10: fatal error: ndir.h: No such file or directory
 #include <ndir.h>
          ^~~~~~~~
compilation terminated.
configure:4509: $? = 1
configure: failed program was:
| /* confdefs.h */
| #define PACKAGE_NAME "sort"
| #define PACKAGE_TARNAME "sort"
| #define PACKAGE_VERSION "0.1.0"
| #define PACKAGE_STRING "sort 0.1.0"
| #define PACKAGE_BUGREPORT "nop@nop.com"
| #define PACKAGE_URL ""
| #define PACKAGE "sort"
| #define VERSION "0.1.0"
| #define STDC_HEADERS 1
| #define HAVE_SYS_TYPES_H 1
| #define HAVE_SYS_STAT_H 1
| #define HAVE_STDLIB_H 1
| #define HAVE_STRING_H 1
| #define HAVE_MEMORY_H 1
| #define HAVE_STRINGS_H 1
| #define HAVE_INTTYPES_H 1
| #define HAVE_STDINT_H 1
| #define HAVE_UNISTD_H 1
| #define HAVE_UNISTD_H 1
| #define HAVE_SYS_PARAM_H 1
| #define HAVE_SYS_TIME_H 1
| #define HAVE_TIME_H 1
| #define HAVE_SYS_MKDEV_H 1
| #define HAVE_SYS_SYSMACROS_H 1
| #define HAVE_STRING_H 1
| #define HAVE_MEMORY_H 1
| #define HAVE_FCNTL_H 1
| #define HAVE_DIRENT_H 1
| /* end confdefs.h.  */
| #include <ndir.h>
configure:4509: result: no
configure:4509: checking for ndir.h
configure:4509: result: no
configure:4509: checking alloca.h usability
configure:4509: gcc -c -Ofast -march=native -pipe  conftest.c >&5
configure:4509: $? = 0
configure:4509: result: yes
configure:4509: checking alloca.h presence
configure:4509: gcc -E  conftest.c
configure:4509: $? = 0
configure:4509: result: yes
configure:4509: checking for alloca.h
configure:4509: result: yes
configure:4509: checking locale.h usability
configure:4509: gcc -c -Ofast -march=native -pipe  conftest.c >&5
configure:4509: $? = 0
configure:4509: result: yes
configure:4509: checking locale.h presence
configure:4509: gcc -E  conftest.c
configure:4509: $? = 0
configure:4509: result: yes
configure:4509: checking for locale.h
configure:4509: result: yes
configure:4521: checking bsd/bsd.h usability
configure:4521: gcc -c -Ofast -march=native -pipe  conftest.c >&5
configure:4521: $? = 0
configure:4521: result: yes
configure:4521: checking bsd/bsd.h presence
configure:4521: gcc -E  conftest.c
configure:4521: $? = 0
configure:4521: result: yes
configure:4521: checking for bsd/bsd.h
configure:4521: result: yes
configure:4588: checking for pkg-config
configure:4606: found /usr/bin/pkg-config
configure:4618: result: /usr/bin/pkg-config
configure:4643: checking pkg-config is at least version 0.9.0
configure:4646: result: yes
configure:4656: checking for libbsd
configure:4663: $PKG_CONFIG --exists --print-errors "libbsd"
configure:4666: $? = 0
configure:4680: $PKG_CONFIG --exists --print-errors "libbsd"
configure:4683: $? = 0
configure:4741: result: yes
configure:4747: checking whether sys/types.h defines makedev
configure:4763: gcc -o conftest -Ofast -march=native -pipe   conftest.c  >&5
conftest.c: In function 'main':
conftest.c:38:8: warning: implicit declaration of function 'makedev' [-Wimplicit-function-declaration]
 return makedev(0, 0);
        ^~~~~~~
/tmp/cc4VmMR1.o: In function `main':
conftest.c:(.text.startup+0x7): undefined reference to `makedev'
collect2: error: ld returned 1 exit status
configure:4763: $? = 1
configure: failed program was:
| /* confdefs.h */
| #define PACKAGE_NAME "sort"
| #define PACKAGE_TARNAME "sort"
| #define PACKAGE_VERSION "0.1.0"
| #define PACKAGE_STRING "sort 0.1.0"
| #define PACKAGE_BUGREPORT "nop@nop.com"
| #define PACKAGE_URL ""
| #define PACKAGE "sort"
| #define VERSION "0.1.0"
| #define STDC_HEADERS 1
| #define HAVE_SYS_TYPES_H 1
| #define HAVE_SYS_STAT_H 1
| #define HAVE_STDLIB_H 1
| #define HAVE_STRING_H 1
| #define HAVE_MEMORY_H 1
| #define HAVE_STRINGS_H 1
| #define HAVE_INTTYPES_H 1
| #define HAVE_STDINT_H 1
| #define HAVE_UNISTD_H 1
| #define HAVE_UNISTD_H 1
| #define HAVE_SYS_PARAM_H 1
| #define HAVE_SYS_TIME_H 1
| #define HAVE_TIME_H 1
| #define HAVE_SYS_MKDEV_H 1
| #define HAVE_SYS_SYSMACROS_H 1
| #define HAVE_STRING_H 1
| #define HAVE_MEMORY_H 1
| #define HAVE_FCNTL_H 1
| #define HAVE_DIRENT_H 1
| #define HAVE_ALLOCA_H 1
| #define HAVE_LOCALE_H 1
| #define HAVE_BSD_BSD_H 1
| /* end confdefs.h.  */
| #include <sys/types.h>
| int
| main ()
| {
| return makedev(0, 0);
|   ;
|   return 0;
| }
configure:4772: result: no
configure:4776: checking for sys/mkdev.h
configure:4776: result: yes
configure:4797: checking for size_t
configure:4797: gcc -c -Ofast -march=native -pipe  conftest.c >&5
configure:4797: $? = 0
configure:4797: gcc -c -Ofast -march=native -pipe  conftest.c >&5
conftest.c: In function 'main':
conftest.c:71:21: error: expected expression before ')' token
 if (sizeof ((size_t)))
                     ^
configure:4797: $? = 1
configure: failed program was:
| /* confdefs.h */
| #define PACKAGE_NAME "sort"
| #define PACKAGE_TARNAME "sort"
| #define PACKAGE_VERSION "0.1.0"
| #define PACKAGE_STRING "sort 0.1.0"
| #define PACKAGE_BUGREPORT "nop@nop.com"
| #define PACKAGE_URL ""
| #define PACKAGE "sort"
| #define VERSION "0.1.0"
| #define STDC_HEADERS 1
| #define HAVE_SYS_TYPES_H 1
| #define HAVE_SYS_STAT_H 1
| #define HAVE_STDLIB_H 1
| #define HAVE_STRING_H 1
| #define HAVE_MEMORY_H 1
| #define HAVE_STRINGS_H 1
| #define HAVE_INTTYPES_H 1
| #define HAVE_STDINT_H 1
| #define HAVE_UNISTD_H 1
| #define HAVE_UNISTD_H 1
| #define HAVE_SYS_PARAM_H 1
| #define HAVE_SYS_TIME_H 1
| #define HAVE_TIME_H 1
| #define HAVE_SYS_MKDEV_H 1
| #define HAVE_SYS_SYSMACROS_H 1
| #define HAVE_STRING_H 1
| #define HAVE_MEMORY_H 1
| #define HAVE_FCNTL_H 1
| #define HAVE_DIRENT_H 1
| #define HAVE_ALLOCA_H 1
| #define HAVE_LOCALE_H 1
| #define HAVE_BSD_BSD_H 1
| #define MAJOR_IN_MKDEV 1
| /* end confdefs.h.  */
| #include <stdio.h>
| #ifdef HAVE_SYS_TYPES_H
| # include <sys/types.h>
| #endif
| #ifdef HAVE_SYS_STAT_H
| # include <sys/stat.h>
| #endif
| #ifdef STDC_HEADERS
| # include <stdlib.h>
| # include <stddef.h>
| #else
| # ifdef HAVE_STDLIB_H
| #  include <stdlib.h>
| # endif
| #endif
| #ifdef HAVE_STRING_H
| # if !defined STDC_HEADERS && defined HAVE_MEMORY_H
| #  include <memory.h>
| # endif
| # include <string.h>
| #endif
| #ifdef HAVE_STRINGS_H
| # include <strings.h>
| #endif
| #ifdef HAVE_INTTYPES_H
| # include <inttypes.h>
| #endif
| #ifdef HAVE_STDINT_H
| # include <stdint.h>
| #endif
| #ifdef HAVE_UNISTD_H
| # include <unistd.h>
| #endif
| int
| main ()
| {
| if (sizeof ((size_t)))
| 	    return 0;
|   ;
|   return 0;
| }
configure:4797: result: yes
configure:4810: checking for working alloca.h
configure:4827: gcc -o conftest -Ofast -march=native -pipe   conftest.c  >&5
configure:4827: $? = 0
configure:4835: result: yes
configure:4843: checking for alloca
configure:4880: gcc -o conftest -Ofast -march=native -pipe   conftest.c  >&5
configure:4880: $? = 0
configure:4888: result: yes
configure:4994: checking whether struct tm is in sys/time.h or time.h
configure:5014: gcc -c -Ofast -march=native -pipe  conftest.c >&5
configure:5014: $? = 0
configure:5021: result: time.h
configure:5029: checking for struct stat.st_blocks
configure:5029: gcc -c -Ofast -march=native -pipe  conftest.c >&5
configure:5029: $? = 0
configure:5029: result: yes
configure:5052: checking for dirent.h that defines DIR
configure:5071: gcc -c -Ofast -march=native -pipe  conftest.c >&5
configure:5071: $? = 0
configure:5079: result: yes
configure:5092: checking for library containing opendir
configure:5123: gcc -o conftest -Ofast -march=native -pipe   conftest.c  >&5
configure:5123: $? = 0
configure:5140: result: none required
configure:5207: checking whether closedir returns void
configure:5231: gcc -o conftest -Ofast -march=native -pipe   conftest.c  >&5
configure:5231: $? = 0
configure:5231: ./conftest
configure:5231: $? = 0
configure:5241: result: no
configure:5251: checking for mkfifo
configure:5251: gcc -o conftest -Ofast -march=native -pipe   conftest.c  >&5
configure:5251: $? = 0
configure:5251: result: yes
configure:5260: checking for mknod
configure:5260: gcc -o conftest -Ofast -march=native -pipe   conftest.c  >&5
configure:5260: $? = 0
configure:5260: result: yes
configure:5380: checking that generated files are newer than configure
configure:5386: result: done
configure:5409: creating ./config.status

## ---------------------- ##
## Running config.status. ##
## ---------------------- ##

This file was extended by sort config.status 0.1.0, which was
generated by GNU Autoconf 2.69.  Invocation command line was

  CONFIG_FILES    = 
  CONFIG_HEADERS  = 
  CONFIG_LINKS    = 
  CONFIG_COMMANDS = 
  $ ./config.status 

on BL-PC-Gentoo

config.status:889: creating Makefile
config.status:889: creating src/Makefile
config.status:889: creating config.h
config.status:1118: executing depfiles commands
config.status:1193: cd src       && sed -e '/# am--include-marker/d' Makefile         | make -f - am--depfiles
config.status:1200: $? = 0

## ---------------- ##
## Cache variables. ##
## ---------------- ##

ac_cv_build=x86_64-pc-linux-gnu
ac_cv_c_compiler_gnu=yes
ac_cv_env_CC_set=''
ac_cv_env_CC_value=''
ac_cv_env_CFLAGS_set=set
ac_cv_env_CFLAGS_value='-Ofast -march=native -pipe'
ac_cv_env_CPPFLAGS_set=''
ac_cv_env_CPPFLAGS_value=''
ac_cv_env_CPP_set=''
ac_cv_env_CPP_value=''
ac_cv_env_LDFLAGS_set=''
ac_cv_env_LDFLAGS_value=''
ac_cv_env_LIBS_set=''
ac_cv_env_LIBS_value=''
ac_cv_env_PKG_CONFIG_LIBDIR_set=''
ac_cv_env_PKG_CONFIG_LIBDIR_value=''
ac_cv_env_PKG_CONFIG_PATH_set=''
ac_cv_env_PKG_CONFIG_PATH_value=''
ac_cv_env_PKG_CONFIG_set=''
ac_cv_env_PKG_CONFIG_value=''
ac_cv_env_build_alias_set=''
ac_cv_env_build_alias_value=''
ac_cv_env_host_alias_set=''
ac_cv_env_host_alias_value=''
ac_cv_env_sort_CFLAGS_set=''
ac_cv_env_sort_CFLAGS_value=''
ac_cv_env_sort_LIBS_set=''
ac_cv_env_sort_LIBS_value=''
ac_cv_env_target_alias_set=''
ac_cv_env_target_alias_value=''
ac_cv_func_alloca_works=yes
ac_cv_func_closedir_void=no
ac_cv_func_mkfifo=yes
ac_cv_func_mknod=yes
ac_cv_header_alloca_h=yes
ac_cv_header_bsd_bsd_h=yes
ac_cv_header_dirent_dirent_h=yes
ac_cv_header_dirent_h=yes
ac_cv_header_fcntl_h=yes
ac_cv_header_inttypes_h=yes
ac_cv_header_locale_h=yes
ac_cv_header_memory_h=yes
ac_cv_header_ndir_h=no
ac_cv_header_stdc=yes
ac_cv_header_stdint_h=yes
ac_cv_header_stdlib_h=yes
ac_cv_header_string_h=yes
ac_cv_header_strings_h=yes
ac_cv_header_sys_mkdev_h=yes
ac_cv_header_sys_ndir_h=no
ac_cv_header_sys_param_h=yes
ac_cv_header_sys_stat_h=yes
ac_cv_header_sys_sysmacros_h=yes
ac_cv_header_sys_time_h=yes
ac_cv_header_sys_types_h=yes
ac_cv_header_sys_types_h_makedev=no
ac_cv_header_time_h=yes
ac_cv_header_unistd_h=yes
ac_cv_host=x86_64-pc-linux-gnu
ac_cv_member_struct_stat_st_blocks=yes
ac_cv_objext=o
ac_cv_path_EGREP='/bin/grep -E'
ac_cv_path_GREP=/bin/grep
ac_cv_path_ac_pt_PKG_CONFIG=/usr/bin/pkg-config
ac_cv_path_install='/usr/bin/install -c'
ac_cv_path_mkdir=/bin/mkdir
ac_cv_prog_AWK=gawk
ac_cv_prog_CPP='gcc -E'
ac_cv_prog_ac_ct_CC=gcc
ac_cv_prog_ac_ct_RANLIB=ranlib
ac_cv_prog_cc_c89=''
ac_cv_prog_cc_g=yes
ac_cv_prog_make_make_set=yes
ac_cv_search_opendir='none required'
ac_cv_struct_tm=time.h
ac_cv_type_size_t=yes
ac_cv_working_alloca_h=yes
am_cv_CC_dependencies_compiler_type=gcc3
am_cv_make_support_nested_variables=yes
am_cv_prog_cc_c_o=yes
pkg_cv_sort_CFLAGS=''
pkg_cv_sort_LIBS=-lbsd

## ----------------- ##
## Output variables. ##
## ----------------- ##

ACLOCAL='${SHELL} /home/bml/random/school/LAB/Lab09/sort/missing aclocal-1.16'
ALLOCA=''
AMDEPBACKSLASH='\'
AMDEP_FALSE='#'
AMDEP_TRUE=''
AMTAR='$${TAR-tar}'
AM_BACKSLASH='\'
AM_DEFAULT_V='$(AM_DEFAULT_VERBOSITY)'
AM_DEFAULT_VERBOSITY='1'
AM_V='$(V)'
AUTOCONF='${SHELL} /home/bml/random/school/LAB/Lab09/sort/missing autoconf'
AUTOHEADER='${SHELL} /home/bml/random/school/LAB/Lab09/sort/missing autoheader'
AUTOMAKE='${SHELL} /home/bml/random/school/LAB/Lab09/sort/missing automake-1.16'
AWK='gawk'
CC='gcc'
CCDEPMODE='depmode=gcc3'
CFLAGS='-Ofast -march=native -pipe'
CPP='gcc -E'
CPPFLAGS=''
CYGPATH_W='echo'
DEFS='-DHAVE_CONFIG_H'
DEPDIR='.deps'
ECHO_C=''
ECHO_N='-n'
ECHO_T=''
EGREP='/bin/grep -E'
EXEEXT=''
GREP='/bin/grep'
INSTALL_DATA='${INSTALL} -m 644'
INSTALL_PROGRAM='${INSTALL}'
INSTALL_SCRIPT='${INSTALL}'
INSTALL_STRIP_PROGRAM='$(install_sh) -c -s'
ISODATE='2018-03-21'
LDFLAGS=''
LIBOBJS=''
LIBS=''
LTLIBOBJS=''
MAKEINFO='${SHELL} /home/bml/random/school/LAB/Lab09/sort/missing makeinfo'
MKDIR_P='/bin/mkdir -p'
OBJEXT='o'
PACKAGE='sort'
PACKAGE_BUGREPORT='nop@nop.com'
PACKAGE_NAME='sort'
PACKAGE_STRING='sort 0.1.0'
PACKAGE_TARNAME='sort'
PACKAGE_URL=''
PACKAGE_VERSION='0.1.0'
PATH_SEPARATOR=':'
PKG_CONFIG='/usr/bin/pkg-config'
PKG_CONFIG_LIBDIR=''
PKG_CONFIG_PATH=''
RANLIB='ranlib'
SET_MAKE=''
SHELL='/bin/sh'
STRIP=''
VERSION='0.1.0'
ac_ct_CC='gcc'
am__EXEEXT_FALSE=''
am__EXEEXT_TRUE='#'
am__fastdepCC_FALSE='#'
am__fastdepCC_TRUE=''
am__include='include'
am__isrc=''
am__leading_dot='.'
am__nodep='_no'
am__quote=''
am__tar='$${TAR-tar} chof - "$$tardir"'
am__untar='$${TAR-tar} xf -'
bindir='${exec_prefix}/bin'
build='x86_64-pc-linux-gnu'
build_alias=''
build_cpu='x86_64'
build_os='linux-gnu'
build_vendor='pc'
datadir='${datarootdir}'
datarootdir='${prefix}/share'
docdir='${datarootdir}/doc/${PACKAGE_TARNAME}'
dvidir='${docdir}'
exec_prefix='${prefix}'
host='x86_64-pc-linux-gnu'
host_alias=''
host_cpu='x86_64'
host_os='linux-gnu'
host_vendor='pc'
htmldir='${docdir}'
includedir='${prefix}/include'
infodir='${datarootdir}/info'
install_sh='${SHELL} /home/bml/random/school/LAB/Lab09/sort/install-sh'
libdir='${exec_prefix}/lib'
libexecdir='${exec_prefix}/libexec'
localedir='${datarootdir}/locale'
localstatedir='${prefix}/var'
mandir='${datarootdir}/man'
mkdir_p='$(MKDIR_P)'
oldincludedir='/usr/include'
pdfdir='${docdir}'
prefix='/usr/local'
program_transform_name='s,x,x,'
psdir='${docdir}'
sbindir='${exec_prefix}/sbin'
sharedstatedir='${prefix}/com'
sort_CFLAGS=''
sort_LIBS='-lbsd'
sysconfdir='${prefix}/etc'
target_alias=''

## ----------- ##
## confdefs.h. ##
## ----------- ##

/* confdefs.h */
#define PACKAGE_NAME "sort"
#define PACKAGE_TARNAME "sort"
#define PACKAGE_VERSION "0.1.0"
#define PACKAGE_STRING "sort 0.1.0"
#define PACKAGE_BUGREPORT "nop@nop.com"
#define PACKAGE_URL ""
#define PACKAGE "sort"
#define VERSION "0.1.0"
#define STDC_HEADERS 1
#define HAVE_SYS_TYPES_H 1
#define HAVE_SYS_STAT_H 1
#define HAVE_STDLIB_H 1
#define HAVE_STRING_H 1
#define HAVE_MEMORY_H 1
#define HAVE_STRINGS_H 1
#define HAVE_INTTYPES_H 1
#define HAVE_STDINT_H 1
#define HAVE_UNISTD_H 1
#define HAVE_UNISTD_H 1
#define HAVE_SYS_PARAM_H 1
#define HAVE_SYS_TIME_H 1
#define HAVE_TIME_H 1
#define HAVE_SYS_MKDEV_H 1
#define HAVE_SYS_SYSMACROS_H 1
#define HAVE_STRING_H 1
#define HAVE_MEMORY_H 1
#define HAVE_FCNTL_H 1
#define HAVE_DIRENT_H 1
#define HAVE_ALLOCA_H 1
#define HAVE_LOCALE_H 1
#define HAVE_BSD_BSD_H 1
#define MAJOR_IN_MKDEV 1
#define HAVE_ALLOCA_H 1
#define HAVE_ALLOCA 1
#define HAVE_STRUCT_STAT_ST_BLOCKS 1
#define HAVE_ST_BLOCKS 1
#define HAVE_DIRENT_H 1
#define HAVE_MKFIFO 1

configure: exit 0
